#
# A fatal error has been detected by the Java Runtime Environment:
#
#  EXCEPTION_ACCESS_VIOLATION (0xc0000005) at pc=0x00007ffdde602630, pid=18752, tid=16580
#
# JRE version: OpenJDK Runtime Environment Temurin-17.0.2+8 (17.0.2+8) (build 17.0.2+8)
# Java VM: OpenJDK 64-Bit Server VM Temurin-17.0.2+8 (17.0.2+8, mixed mode, tiered, compressed oops, compressed class ptrs, g1 gc, windows-amd64)
# Problematic frame:
# C  [DynamsoftBarcodeReaderx64.dll+0x2630]
#
# No core dump will be written. Minidumps are not enabled by default on client versions of Windows
#
# If you would like to submit a bug report, please visit:
#   https://github.com/adoptium/adoptium-support/issues
# The crash happened outside the Java Virtual Machine in native code.
# See problematic frame for where to report the bug.
#

---------------  S U M M A R Y ------------

Command Line: -javaagent:C:\Users\magdy\Desktop\eclipse-jee-2022-03-R-win32-x86_64 (2)\eclipse\configuration\org.eclipse.osgi\915\0\.cp\jacocoagent.jar=includes=*,excludes=,exclclassloader=sun.reflect.DelegatingClassLoader,output=tcpclient,port=3312 -Dfile.encoding=UTF-8 -XX:+ShowCodeDetailsInExceptionMessages com.Natrec.DocHandler.DocHandlerApplication

Host: Intel(R) Core(TM) i7-8750H CPU @ 2.20GHz, 12 cores, 7G,  Windows 11 , 64 bit Build 22000 (10.0.22000.708)
Time: Wed Aug 31 23:31:31 2022 Egypt Standard Time elapsed time: 43.664657 seconds (0d 0h 0m 43s)

---------------  T H R E A D  ---------------

Current thread (0x0000011b169ad2d0):  JavaThread "http-nio-8080-exec-2" daemon [_thread_in_native, id=16580, stack(0x0000001863800000,0x0000001863900000)]

Stack: [0x0000001863800000,0x0000001863900000],  sp=0x00000018638fc758,  free space=1009k
Native frames: (J=compiled Java code, j=interpreted, Vv=VM code, C=native code)
C  [DynamsoftBarcodeReaderx64.dll+0x2630]

Java frames: (J=compiled Java code, j=interpreted, Vv=VM code)
j  com.dynamsoft.dbr.BarcodeReader.nativeDecodeFileInMemory(J[BLjava/lang/String;)Ljava/lang/Object;+0
j  com.dynamsoft.dbr.BarcodeReader.decodeImage([BLjava/lang/String;)[Lcom/dynamsoft/dbr/TextResult;+11
j  com.dynamsoft.dbr.BarcodeReader.decodeFileInMemory([BLjava/lang/String;)[Lcom/dynamsoft/dbr/TextResult;+7
j  com.Natrec.DocHandler.Controller.DocHandlerController.Read_QR_split_doc(JLorg/springframework/web/multipart/MultipartFile;)V+401
j  com.Natrec.DocHandler.Controller.DocHandlerController.saveDoc(Lorg/springframework/web/multipart/MultipartFile;)V+209
v  ~StubRoutines::call_stub
J 3808  jdk.internal.reflect.NativeMethodAccessorImpl.invoke0(Ljava/lang/reflect/Method;Ljava/lang/Object;[Ljava/lang/Object;)Ljava/lang/Object; java.base@17.0.2 (0 bytes) @ 0x0000011b07d0b61f [0x0000011b07d0b5a0+0x000000000000007f]
J 3807 c1 jdk.internal.reflect.NativeMethodAccessorImpl.invoke(Ljava/lang/Object;[Ljava/lang/Object;)Ljava/lang/Object; java.base@17.0.2 (137 bytes) @ 0x0000011b00d19a0c [0x0000011b00d19700+0x000000000000030c]
J 3469 c1 jdk.internal.reflect.DelegatingMethodAccessorImpl.invoke(Ljava/lang/Object;[Ljava/lang/Object;)Ljava/lang/Object; java.base@17.0.2 (10 bytes) @ 0x0000011b00c56bbc [0x0000011b00c56ac0+0x00000000000000fc]
J 3365 c1 java.lang.reflect.Method.invoke(Ljava/lang/Object;[Ljava/lang/Object;)Ljava/lang/Object; java.base@17.0.2 (65 bytes) @ 0x0000011b00c20774 [0x0000011b00c20660+0x0000000000000114]
j  org.springframework.web.method.support.InvocableHandlerMethod.doInvoke([Ljava/lang/Object;)Ljava/lang/Object;+55
j  org.springframework.web.method.support.InvocableHandlerMethod.invokeForRequest(Lorg/springframework/web/context/request/NativeWebRequest;Lorg/springframework/web/method/support/ModelAndViewContainer;[Ljava/lang/Object;)Ljava/lang/Object;+86
j  org.springframework.web.servlet.mvc.method.annotation.ServletInvocableHandlerMethod.invokeAndHandle(Lorg/springframework/web/context/request/ServletWebRequest;Lorg/springframework/web/method/support/ModelAndViewContainer;[Ljava/lang/Object;)V+9
j  org.springframework.web.servlet.mvc.method.annotation.RequestMappingHandlerAdapter.invokeHandlerMethod(Ljavax/servlet/http/HttpServletRequest;Ljavax/servlet/http/HttpServletResponse;Lorg/springframework/web/method/HandlerMethod;)Lorg/springframework/web/servlet/ModelAndView;+461
j  org.springframework.web.servlet.mvc.method.annotation.RequestMappingHandlerAdapter.handleInternal(Ljavax/servlet/http/HttpServletRequest;Ljavax/servlet/http/HttpServletResponse;Lorg/springframework/web/method/HandlerMethod;)Lorg/springframework/web/servlet/ModelAndView;+135
j  org.springframework.web.servlet.mvc.method.AbstractHandlerMethodAdapter.handle(Ljavax/servlet/http/HttpServletRequest;Ljavax/servlet/http/HttpServletResponse;Ljava/lang/Object;)Lorg/springframework/web/servlet/ModelAndView;+12
j  org.springframework.web.servlet.DispatcherServlet.doDispatch(Ljavax/servlet/http/HttpServletRequest;Ljavax/servlet/http/HttpServletResponse;)V+564
j  org.springframework.web.servlet.DispatcherServlet.doService(Ljavax/servlet/http/HttpServletRequest;Ljavax/servlet/http/HttpServletResponse;)V+431
j  org.springframework.web.servlet.FrameworkServlet.processRequest(Ljavax/servlet/http/HttpServletRequest;Ljavax/servlet/http/HttpServletResponse;)V+125
j  org.springframework.web.servlet.FrameworkServlet.doPost(Ljavax/servlet/http/HttpServletRequest;Ljavax/servlet/http/HttpServletResponse;)V+7
j  javax.servlet.http.HttpServlet.service(Ljavax/servlet/http/HttpServletRequest;Ljavax/servlet/http/HttpServletResponse;)V+250
j  org.springframework.web.servlet.FrameworkServlet.service(Ljavax/servlet/http/HttpServletRequest;Ljavax/servlet/http/HttpServletResponse;)V+61
j  javax.servlet.http.HttpServlet.service(Ljavax/servlet/ServletRequest;Ljavax/servlet/ServletResponse;)V+52
j  org.apache.catalina.core.ApplicationFilterChain.internalDoFilter(Ljavax/servlet/ServletRequest;Ljavax/servlet/ServletResponse;)V+506
j  org.apache.catalina.core.ApplicationFilterChain.doFilter(Ljavax/servlet/ServletRequest;Ljavax/servlet/ServletResponse;)V+135
j  org.apache.tomcat.websocket.server.WsFilter.doFilter(Ljavax/servlet/ServletRequest;Ljavax/servlet/ServletResponse;Ljavax/servlet/FilterChain;)V+44
j  org.apache.catalina.core.ApplicationFilterChain.internalDoFilter(Ljavax/servlet/ServletRequest;Ljavax/servlet/ServletResponse;)V+211
j  org.apache.catalina.core.ApplicationFilterChain.doFilter(Ljavax/servlet/ServletRequest;Ljavax/servlet/ServletResponse;)V+135
j  org.springframework.web.filter.RequestContextFilter.doFilterInternal(Ljavax/servlet/http/HttpServletRequest;Ljavax/servlet/http/HttpServletResponse;Ljavax/servlet/FilterChain;)V+36
j  org.springframework.web.filter.OncePerRequestFilter.doFilter(Ljavax/servlet/ServletRequest;Ljavax/servlet/ServletResponse;Ljavax/servlet/FilterChain;)V+249
j  org.apache.catalina.core.ApplicationFilterChain.internalDoFilter(Ljavax/servlet/ServletRequest;Ljavax/servlet/ServletResponse;)V+211
j  org.apache.catalina.core.ApplicationFilterChain.doFilter(Ljavax/servlet/ServletRequest;Ljavax/servlet/ServletResponse;)V+135
j  org.springframework.web.filter.FormContentFilter.doFilterInternal(Ljavax/servlet/http/HttpServletRequest;Ljavax/servlet/http/HttpServletResponse;Ljavax/servlet/FilterChain;)V+59
j  org.springframework.web.filter.OncePerRequestFilter.doFilter(Ljavax/servlet/ServletRequest;Ljavax/servlet/ServletResponse;Ljavax/servlet/FilterChain;)V+249
j  org.apache.catalina.core.ApplicationFilterChain.internalDoFilter(Ljavax/servlet/ServletRequest;Ljavax/servlet/ServletResponse;)V+211
j  org.apache.catalina.core.ApplicationFilterChain.doFilter(Ljavax/servlet/ServletRequest;Ljavax/servlet/ServletResponse;)V+135
j  org.springframework.web.filter.CharacterEncodingFilter.doFilterInternal(Ljavax/servlet/http/HttpServletRequest;Ljavax/servlet/http/HttpServletResponse;Ljavax/servlet/FilterChain;)V+124
j  org.springframework.web.filter.OncePerRequestFilter.doFilter(Ljavax/servlet/ServletRequest;Ljavax/servlet/ServletResponse;Ljavax/servlet/FilterChain;)V+249
j  org.apache.catalina.core.ApplicationFilterChain.internalDoFilter(Ljavax/servlet/ServletRequest;Ljavax/servlet/ServletResponse;)V+211
j  org.apache.catalina.core.ApplicationFilterChain.doFilter(Ljavax/servlet/ServletRequest;Ljavax/servlet/ServletResponse;)V+135
j  org.apache.catalina.core.StandardWrapperValve.invoke(Lorg/apache/catalina/connector/Request;Lorg/apache/catalina/connector/Response;)V+1221
j  org.apache.catalina.core.StandardContextValve.invoke(Lorg/apache/catalina/connector/Request;Lorg/apache/catalina/connector/Response;)V+296
j  org.apache.catalina.authenticator.AuthenticatorBase.invoke(Lorg/apache/catalina/connector/Request;Lorg/apache/catalina/connector/Response;)V+456
j  org.apache.catalina.core.StandardHostValve.invoke(Lorg/apache/catalina/connector/Request;Lorg/apache/catalina/connector/Response;)V+242
j  org.apache.catalina.valves.ErrorReportValve.invoke(Lorg/apache/catalina/connector/Request;Lorg/apache/catalina/connector/Response;)V+10
j  org.apache.catalina.core.StandardEngineValve.invoke(Lorg/apache/catalina/connector/Request;Lorg/apache/catalina/connector/Response;)V+108
j  org.apache.catalina.connector.CoyoteAdapter.service(Lorg/apache/coyote/Request;Lorg/apache/coyote/Response;)V+358
j  org.apache.coyote.http11.Http11Processor.service(Lorg/apache/tomcat/util/net/SocketWrapperBase;)Lorg/apache/tomcat/util/net/AbstractEndpoint$Handler$SocketState;+1354
j  org.apache.coyote.AbstractProcessorLight.process(Lorg/apache/tomcat/util/net/SocketWrapperBase;Lorg/apache/tomcat/util/net/SocketEvent;)Lorg/apache/tomcat/util/net/AbstractEndpoint$Handler$SocketState;+286
j  org.apache.coyote.AbstractProtocol$ConnectionHandler.process(Lorg/apache/tomcat/util/net/SocketWrapperBase;Lorg/apache/tomcat/util/net/SocketEvent;)Lorg/apache/tomcat/util/net/AbstractEndpoint$Handler$SocketState;+852
j  org.apache.tomcat.util.net.NioEndpoint$SocketProcessor.doRun()V+391
j  org.apache.tomcat.util.net.SocketProcessorBase.run()V+40
j  org.apache.tomcat.util.threads.ThreadPoolExecutor.runWorker(Lorg/apache/tomcat/util/threads/ThreadPoolExecutor$Worker;)V+212
j  org.apache.tomcat.util.threads.ThreadPoolExecutor$Worker.run()V+9
j  org.apache.tomcat.util.threads.TaskThread$WrappingRunnable.run()V+8
j  java.lang.Thread.run()V+11 java.base@17.0.2
v  ~StubRoutines::call_stub

siginfo: EXCEPTION_ACCESS_VIOLATION (0xc0000005), reading address 0x0000000000000000


Register to memory mapping:

RIP=0x00007ffdde602630 DynamsoftBarcodeReaderx64.dll
RAX=0x0000011b10c093a0 points into unknown readable memory: 0x00007ffe00000200 | 00 02 00 00 fe 7f 00 00
RBX=0x0000011b10c093a0 points into unknown readable memory: 0x00007ffe00000200 | 00 02 00 00 fe 7f 00 00
RCX=0x0 is NULL
RDX=0x0000011b13577010 points into unknown readable memory: 0x352e312d46445025 | 25 50 44 46 2d 31 2e 35
RSP=0x00000018638fc758 is pointing into the stack for thread: 0x0000011b169ad2d0
RBP=0x00000018638fc840 is pointing into the stack for thread: 0x0000011b169ad2d0
RSI=0x00000018638fc860 is pointing into the stack for thread: 0x0000011b169ad2d0
RDI=0x0000011b169ad578 points into unknown readable memory: 0x00007ffe313e07d0 | d0 07 3e 31 fe 7f 00 00
R8 =0x000000000004b5b3 is an unknown value
R9 =0x0000011b10c093a0 points into unknown readable memory: 0x00007ffe00000200 | 00 02 00 00 fe 7f 00 00
R10=0x0000011b10c093a0 points into unknown readable memory: 0x00007ffe00000200 | 00 02 00 00 fe 7f 00 00
R11=0x0000011b10c093a0 points into unknown readable memory: 0x00007ffe00000200 | 00 02 00 00 fe 7f 00 00
R12=0x000000000004b5b3 is an unknown value
R13=0x0000011b13577010 points into unknown readable memory: 0x352e312d46445025 | 25 50 44 46 2d 31 2e 35
R14=0x00000018638fc868 is pointing into the stack for thread: 0x0000011b169ad2d0
R15=0x0 is NULL


Registers:
RAX=0x0000011b10c093a0, RBX=0x0000011b10c093a0, RCX=0x0000000000000000, RDX=0x0000011b13577010
RSP=0x00000018638fc758, RBP=0x00000018638fc840, RSI=0x00000018638fc860, RDI=0x0000011b169ad578
R8 =0x000000000004b5b3, R9 =0x0000011b10c093a0, R10=0x0000011b10c093a0, R11=0x0000011b10c093a0
R12=0x000000000004b5b3, R13=0x0000011b13577010, R14=0x00000018638fc868, R15=0x0000000000000000
RIP=0x00007ffdde602630, EFLAGS=0x0000000000010202

Top of Stack: (sp=0x00000018638fc758)
0x00000018638fc758:   00007ffe592987dd 00000018638fc840
0x00000018638fc768:   00000018638fc868 0000000000000000
0x00000018638fc778:   0000000000000000 fffffffffffffffe
0x00000018638fc788:   0000011b000094ec 0000011b169ad2d0
0x00000018638fc798:   00000018638fc880 0000011b1bd09428
0x00000018638fc7a8:   0000011b0000d601 0000011b1bd09428
0x00000018638fc7b8:   000000008ab950d8 0000000000000001
0x00000018638fc7c8:   0000000000000000 00000018638fc860
0x00000018638fc7d8:   0000000000000000 00000018638fc858
0x00000018638fc7e8:   0000000000000c00 0000000000000000
0x00000018638fc7f8:   00000018638fc7f8 0000000000000000
0x00000018638fc808:   00000018638fc880 0000011b1bd0bce0
0x00000018638fc818:   0000000000000000 0000000088b05d28
0x00000018638fc828:   0000011b1bd09428 0000000000000000
0x00000018638fc838:   00000018638fc860 00000018638fc8d0
0x00000018638fc848:   0000011b00009645 0000000000000000 

Instructions: (pc=0x00007ffdde602630)
0x00007ffdde602530:   0a b8 bf d8 ff ff 48 83 c4 58 c3 4c 8d 0d f6 93
0x00007ffdde602540:   9b 00 c6 44 24 40 01 4c 89 4c 24 38 e8 1f 9d 00
0x00007ffdde602550:   00 48 83 c4 58 c3 cc cc cc cc cc cc cc cc cc cc
0x00007ffdde602560:   48 83 ec 58 48 8b 09 48 83 b9 48 0b 00 00 00 74
0x00007ffdde602570:   0a b8 bf d8 ff ff 48 83 c4 58 c3 48 8d 05 b6 93
0x00007ffdde602580:   9b 00 4d 8b c8 4c 8b c2 48 8b d0 c6 44 24 40 00
0x00007ffdde602590:   48 89 44 24 38 e8 d6 9c 00 00 48 83 c4 58 c3 cc
0x00007ffdde6025a0:   48 8b 09 e9 58 a2 00 00 cc cc cc cc cc cc cc cc
0x00007ffdde6025b0:   48 8b 09 e9 48 a1 00 00 cc cc cc cc cc cc cc cc
0x00007ffdde6025c0:   48 85 d2 74 21 53 48 83 ec 20 48 8b 0a 48 8b da
0x00007ffdde6025d0:   48 85 c9 74 0c e8 e6 b1 4f 00 48 c7 03 00 00 00
0x00007ffdde6025e0:   00 48 83 c4 20 5b f3 c3 cc cc cc cc cc cc cc cc
0x00007ffdde6025f0:   48 8b 09 48 83 b9 48 0b 00 00 00 74 06 b8 bf d8
0x00007ffdde602600:   ff ff c3 e9 e8 e0 00 00 cc cc cc cc cc cc cc cc
0x00007ffdde602610:   48 8b 09 48 83 b9 48 0b 00 00 00 74 06 b8 bf d8
0x00007ffdde602620:   ff ff c3 e9 e8 dc 00 00 cc cc cc cc cc cc cc cc
0x00007ffdde602630:   48 8b 09 48 83 b9 48 0b 00 00 00 74 06 b8 bf d8
0x00007ffdde602640:   ff ff c3 e9 d8 e7 00 00 cc cc cc cc cc cc cc cc
0x00007ffdde602650:   48 8b 09 48 83 b9 48 0b 00 00 00 74 06 b8 bf d8
0x00007ffdde602660:   ff ff c3 e9 18 eb 00 00 cc cc cc cc cc cc cc cc
0x00007ffdde602670:   48 8b 09 48 83 b9 48 0b 00 00 00 74 06 b8 bf d8
0x00007ffdde602680:   ff ff c3 e9 c8 e3 00 00 cc cc cc cc cc cc cc cc
0x00007ffdde602690:   48 8b 09 48 83 b9 48 0b 00 00 00 74 06 b8 bf d8
0x00007ffdde6026a0:   ff ff c3 e9 18 ef 00 00 cc cc cc cc cc cc cc cc
0x00007ffdde6026b0:   48 8b 09 e9 18 b5 00 00 cc cc cc cc cc cc cc cc
0x00007ffdde6026c0:   48 8b 09 e9 08 a2 00 00 cc cc cc cc cc cc cc cc
0x00007ffdde6026d0:   48 8b 09 e9 48 bb 00 00 cc cc cc cc cc cc cc cc
0x00007ffdde6026e0:   48 8b 09 e9 58 c0 00 00 cc cc cc cc cc cc cc cc
0x00007ffdde6026f0:   48 8b 11 48 8b 42 48 48 2b 42 40 48 c1 f8 03 c3
0x00007ffdde602700:   48 8b 09 e9 28 ca 00 00 cc cc cc cc cc cc cc cc
0x00007ffdde602710:   48 8b 09 e9 98 25 01 00 cc cc cc cc cc cc cc cc
0x00007ffdde602720:   48 8b 09 e9 78 3e 01 00 cc cc cc cc cc cc cc cc 


Stack slot to memory mapping:
stack at sp + 0 slots: 0x00007ffe592987dd DynamsoftBarcodeJNI.dll
stack at sp + 1 slots: 0x00000018638fc840 is pointing into the stack for thread: 0x0000011b169ad2d0
stack at sp + 2 slots: 0x00000018638fc868 is pointing into the stack for thread: 0x0000011b169ad2d0
stack at sp + 3 slots: 0x0 is NULL
stack at sp + 4 slots: 0x0 is NULL
stack at sp + 5 slots: 0xfffffffffffffffe is an unknown value
stack at sp + 6 slots: 0x0000011b000094ec is at code_begin+1100 in an Interpreter codelet
return entry points  [0x0000011b000090a0, 0x0000011b00009b80]  2784 bytes
stack at sp + 7 slots: 0x0000011b169ad2d0 is a thread


---------------  P R O C E S S  ---------------

Threads class SMR info:
_java_thread_list=0x0000011b16604f60, length=35, elements={
0x0000011b0f9469e0, 0x0000011b0f9474a0, 0x0000011b1043a2a0, 0x0000011b1043ab60,
0x0000011b1043b420, 0x0000011b1043bce0, 0x0000011b1043c8d0, 0x0000011b1043d280,
0x0000011b10445b90, 0x0000011b10566070, 0x0000011b10c58f50, 0x0000011b108761a0,
0x0000011b126b8220, 0x0000011b126b6ee0, 0x0000011b126b9a30, 0x0000011b126b9560,
0x0000011b126b9f00, 0x0000011b126b6a10, 0x0000011b126b73b0, 0x0000011b169a9de0,
0x0000011b169abf90, 0x0000011b169a6dc0, 0x0000011b169ad2d0, 0x0000011b169aa2b0,
0x0000011b169ab5f0, 0x0000011b169a9440, 0x0000011b169a7290, 0x0000011b169ad7a0,
0x0000011b169ae140, 0x0000011b169a8aa0, 0x0000011b169ac460, 0x0000011b169a85d0,
0x0000011b169aa780, 0x0000011b169a7c30, 0x0000011b169a8f70
}

Java Threads: ( => current thread )
  0x0000011b0f9469e0 JavaThread "Reference Handler" daemon [_thread_blocked, id=18804, stack(0x0000001861100000,0x0000001861200000)]
  0x0000011b0f9474a0 JavaThread "Finalizer" daemon [_thread_blocked, id=15240, stack(0x0000001861200000,0x0000001861300000)]
  0x0000011b1043a2a0 JavaThread "Signal Dispatcher" daemon [_thread_blocked, id=8388, stack(0x0000001861300000,0x0000001861400000)]
  0x0000011b1043ab60 JavaThread "Attach Listener" daemon [_thread_blocked, id=17088, stack(0x0000001861400000,0x0000001861500000)]
  0x0000011b1043b420 JavaThread "Service Thread" daemon [_thread_blocked, id=4092, stack(0x0000001861500000,0x0000001861600000)]
  0x0000011b1043bce0 JavaThread "Monitor Deflation Thread" daemon [_thread_blocked, id=8268, stack(0x0000001861600000,0x0000001861700000)]
  0x0000011b1043c8d0 JavaThread "C2 CompilerThread0" daemon [_thread_blocked, id=19756, stack(0x0000001861700000,0x0000001861800000)]
  0x0000011b1043d280 JavaThread "C1 CompilerThread0" daemon [_thread_blocked, id=2132, stack(0x0000001861800000,0x0000001861900000)]
  0x0000011b10445b90 JavaThread "Sweeper thread" daemon [_thread_blocked, id=9380, stack(0x0000001861900000,0x0000001861a00000)]
  0x0000011b10566070 JavaThread "Common-Cleaner" daemon [_thread_blocked, id=18760, stack(0x0000001861a00000,0x0000001861b00000)]
  0x0000011b10c58f50 JavaThread "org.jacoco.agent.rt.internal_3570298.output.TcpClientOutput" daemon [_thread_in_native, id=2380, stack(0x0000001861d00000,0x0000001861e00000)]
  0x0000011b108761a0 JavaThread "Notification Thread" daemon [_thread_blocked, id=16240, stack(0x0000001861e00000,0x0000001861f00000)]
  0x0000011b126b8220 JavaThread "Catalina-utility-1" [_thread_blocked, id=4832, stack(0x0000001862900000,0x0000001862a00000)]
  0x0000011b126b6ee0 JavaThread "Catalina-utility-2" [_thread_blocked, id=4556, stack(0x0000001862e00000,0x0000001862f00000)]
  0x0000011b126b9a30 JavaThread "container-0" [_thread_blocked, id=12640, stack(0x0000001862f00000,0x0000001863000000)]
  0x0000011b126b9560 JavaThread "oracle.jdbc.driver.BlockSource.ThreadedCachingBlockSource.BlockReleaser" daemon [_thread_blocked, id=14656, stack(0x0000001863000000,0x0000001863100000)]
  0x0000011b126b9f00 JavaThread "InterruptTimer" daemon [_thread_blocked, id=15436, stack(0x0000001863100000,0x0000001863200000)]
  0x0000011b126b6a10 JavaThread "OJDBC-WORKER-THREAD-1" daemon [_thread_blocked, id=11584, stack(0x0000001861b00000,0x0000001861c00000)]
  0x0000011b126b73b0 JavaThread "HikariPool-1 housekeeper" daemon [_thread_blocked, id=17260, stack(0x0000001861c00000,0x0000001861d00000)]
  0x0000011b169a9de0 JavaThread "File Watcher" daemon [_thread_in_native, id=14744, stack(0x0000001863500000,0x0000001863600000)]
  0x0000011b169abf90 JavaThread "Live Reload Server" daemon [_thread_in_native, id=19504, stack(0x0000001863700000,0x0000001863800000)]
  0x0000011b169a6dc0 JavaThread "http-nio-8080-exec-1" daemon [_thread_blocked, id=17808, stack(0x0000001863600000,0x0000001863700000)]
=>0x0000011b169ad2d0 JavaThread "http-nio-8080-exec-2" daemon [_thread_in_native, id=16580, stack(0x0000001863800000,0x0000001863900000)]
  0x0000011b169aa2b0 JavaThread "http-nio-8080-exec-3" daemon [_thread_blocked, id=10340, stack(0x0000001863900000,0x0000001863a00000)]
  0x0000011b169ab5f0 JavaThread "http-nio-8080-exec-4" daemon [_thread_blocked, id=14956, stack(0x0000001863a00000,0x0000001863b00000)]
  0x0000011b169a9440 JavaThread "http-nio-8080-exec-5" daemon [_thread_blocked, id=8376, stack(0x0000001863b00000,0x0000001863c00000)]
  0x0000011b169a7290 JavaThread "http-nio-8080-exec-6" daemon [_thread_blocked, id=14920, stack(0x0000001863c00000,0x0000001863d00000)]
  0x0000011b169ad7a0 JavaThread "http-nio-8080-exec-7" daemon [_thread_blocked, id=12004, stack(0x0000001863d00000,0x0000001863e00000)]
  0x0000011b169ae140 JavaThread "http-nio-8080-exec-8" daemon [_thread_blocked, id=4288, stack(0x0000001863e00000,0x0000001863f00000)]
  0x0000011b169a8aa0 JavaThread "http-nio-8080-exec-9" daemon [_thread_blocked, id=3520, stack(0x0000001863f00000,0x0000001864000000)]
  0x0000011b169ac460 JavaThread "http-nio-8080-exec-10" daemon [_thread_blocked, id=18972, stack(0x0000001864000000,0x0000001864100000)]
  0x0000011b169a85d0 JavaThread "http-nio-8080-Poller" daemon [_thread_in_native, id=13948, stack(0x0000001864100000,0x0000001864200000)]
  0x0000011b169aa780 JavaThread "http-nio-8080-Acceptor" daemon [_thread_in_native, id=16848, stack(0x0000001864200000,0x0000001864300000)]
  0x0000011b169a7c30 JavaThread "DestroyJavaVM" [_thread_blocked, id=3820, stack(0x0000001860a00000,0x0000001860b00000)]
  0x0000011b169a8f70 JavaThread "Java2D Disposer" daemon [_thread_blocked, id=8988, stack(0x0000001862700000,0x0000001862800000)]

Other Threads:
  0x0000011b0f941390 VMThread "VM Thread" [stack: 0x0000001861000000,0x0000001861100000] [id=4824]
  0x0000011b7559a6e0 WatcherThread [stack: 0x0000001861f00000,0x0000001862000000] [id=20200]
  0x0000011b75570740 GCTaskThread "GC Thread#0" [stack: 0x0000001860b00000,0x0000001860c00000] [id=17380]
  0x0000011b10ef1c80 GCTaskThread "GC Thread#1" [stack: 0x0000001862000000,0x0000001862100000] [id=3780]
  0x0000011b11f50cd0 GCTaskThread "GC Thread#2" [stack: 0x0000001862100000,0x0000001862200000] [id=19840]
  0x0000011b121a7c40 GCTaskThread "GC Thread#3" [stack: 0x0000001862200000,0x0000001862300000] [id=8208]
  0x0000011b10ff8c40 GCTaskThread "GC Thread#4" [stack: 0x0000001862300000,0x0000001862400000] [id=19716]
  0x0000011b10b84b00 GCTaskThread "GC Thread#5" [stack: 0x0000001862400000,0x0000001862500000] [id=2640]
  0x0000011b12319090 GCTaskThread "GC Thread#6" [stack: 0x0000001862500000,0x0000001862600000] [id=17308]
  0x0000011b12319b50 GCTaskThread "GC Thread#7" [stack: 0x0000001862600000,0x0000001862700000] [id=19796]
  0x0000011b123195f0 GCTaskThread "GC Thread#8" [stack: 0x0000001862a00000,0x0000001862b00000] [id=19408]
  0x0000011b1231a0b0 GCTaskThread "GC Thread#9" [stack: 0x0000001862b00000,0x0000001862c00000] [id=15488]
  0x0000011b75581240 ConcurrentGCThread "G1 Main Marker" [stack: 0x0000001860c00000,0x0000001860d00000] [id=16688]
  0x0000011b75582550 ConcurrentGCThread "G1 Conc#0" [stack: 0x0000001860d00000,0x0000001860e00000] [id=4196]
  0x0000011b1231a360 ConcurrentGCThread "G1 Conc#1" [stack: 0x0000001862c00000,0x0000001862d00000] [id=4864]
  0x0000011b123198a0 ConcurrentGCThread "G1 Conc#2" [stack: 0x0000001862d00000,0x0000001862e00000] [id=14776]
  0x0000011b755fdcb0 ConcurrentGCThread "G1 Refine#0" [stack: 0x0000001860e00000,0x0000001860f00000] [id=7132]
  0x0000011b755fe480 ConcurrentGCThread "G1 Service" [stack: 0x0000001860f00000,0x0000001861000000] [id=13592]

Threads with active compile tasks:

VM state: not at safepoint (normal execution)

VM Mutex/Monitor currently owned by a thread: None

Heap address: 0x0000000082200000, size: 2014 MB, Compressed Oops mode: 32-bit

CDS archive(s) not mapped
Compressed class space mapped at: 0x0000000100000000-0x0000000140000000, reserved size: 1073741824
Narrow klass base: 0x0000000000000000, Narrow klass shift: 3, Narrow klass range: 0x140000000

GC Precious Log:
 CPUs: 12 total, 12 available
 Memory: 8050M
 Large Page Support: Disabled
 NUMA Support: Disabled
 Compressed Oops: Enabled (32-bit)
 Heap Region Size: 1M
 Heap Min Capacity: 8M
 Heap Initial Capacity: 126M
 Heap Max Capacity: 2014M
 Pre-touch: Disabled
 Parallel Workers: 10
 Concurrent Workers: 3
 Concurrent Refinement Workers: 10
 Periodic GC: Disabled

Heap:
 garbage-first heap   total 164864K, used 95271K [0x0000000082200000, 0x0000000100000000)
  region size 1024K, 25 young (25600K), 1 survivors (1024K)
 Metaspace       used 79058K, committed 79424K, reserved 1122304K
  class space    used 8936K, committed 9088K, reserved 1048576K

Heap Regions: E=young(eden), S=young(survivor), O=old, HS=humongous(starts), HC=humongous(continues), CS=collection set, F=free, OA=open archive, CA=closed archive, TAMS=top-at-mark-start (previous, next)
|   0|0x0000000082200000, 0x0000000082300000, 0x0000000082300000|100%|HS|  |TAMS 0x0000000082300000, 0x0000000082300000| Complete 
|   1|0x0000000082300000, 0x0000000082400000, 0x0000000082400000|100%| O|  |TAMS 0x0000000082400000, 0x0000000082400000| Untracked 
|   2|0x0000000082400000, 0x0000000082500000, 0x0000000082500000|100%| O|  |TAMS 0x0000000082500000, 0x0000000082500000| Untracked 
|   3|0x0000000082500000, 0x0000000082600000, 0x0000000082600000|100%| O|  |TAMS 0x0000000082600000, 0x0000000082600000| Untracked 
|   4|0x0000000082600000, 0x0000000082700000, 0x0000000082700000|100%| O|  |TAMS 0x0000000082700000, 0x0000000082700000| Untracked 
|   5|0x0000000082700000, 0x0000000082800000, 0x0000000082800000|100%| O|  |TAMS 0x0000000082800000, 0x0000000082800000| Untracked 
|   6|0x0000000082800000, 0x0000000082900000, 0x0000000082900000|100%| O|  |TAMS 0x0000000082900000, 0x0000000082900000| Untracked 
|   7|0x0000000082900000, 0x0000000082a00000, 0x0000000082a00000|100%| O|  |TAMS 0x0000000082a00000, 0x0000000082a00000| Untracked 
|   8|0x0000000082a00000, 0x0000000082b00000, 0x0000000082b00000|100%| O|  |TAMS 0x0000000082b00000, 0x0000000082b00000| Untracked 
|   9|0x0000000082b00000, 0x0000000082c00000, 0x0000000082c00000|100%| O|  |TAMS 0x0000000082c00000, 0x0000000082c00000| Untracked 
|  10|0x0000000082c00000, 0x0000000082d00000, 0x0000000082d00000|100%| O|  |TAMS 0x0000000082d00000, 0x0000000082d00000| Untracked 
|  11|0x0000000082d00000, 0x0000000082e00000, 0x0000000082e00000|100%| O|  |TAMS 0x0000000082e00000, 0x0000000082e00000| Untracked 
|  12|0x0000000082e00000, 0x0000000082f00000, 0x0000000082f00000|100%| O|  |TAMS 0x0000000082f00000, 0x0000000082f00000| Untracked 
|  13|0x0000000082f00000, 0x0000000083000000, 0x0000000083000000|100%| O|  |TAMS 0x0000000083000000, 0x0000000083000000| Untracked 
|  14|0x0000000083000000, 0x0000000083100000, 0x0000000083100000|100%| O|  |TAMS 0x0000000083100000, 0x0000000083100000| Untracked 
|  15|0x0000000083100000, 0x0000000083200000, 0x0000000083200000|100%| O|  |TAMS 0x0000000083200000, 0x0000000083200000| Untracked 
|  16|0x0000000083200000, 0x0000000083300000, 0x0000000083300000|100%| O|  |TAMS 0x0000000083300000, 0x0000000083300000| Untracked 
|  17|0x0000000083300000, 0x0000000083400000, 0x0000000083400000|100%| O|  |TAMS 0x0000000083400000, 0x0000000083400000| Untracked 
|  18|0x0000000083400000, 0x0000000083500000, 0x0000000083500000|100%| O|  |TAMS 0x0000000083500000, 0x0000000083500000| Untracked 
|  19|0x0000000083500000, 0x0000000083600000, 0x0000000083600000|100%| O|  |TAMS 0x0000000083600000, 0x0000000083600000| Untracked 
|  20|0x0000000083600000, 0x0000000083700000, 0x0000000083700000|100%| O|  |TAMS 0x0000000083700000, 0x0000000083700000| Untracked 
|  21|0x0000000083700000, 0x0000000083800000, 0x0000000083800000|100%| O|  |TAMS 0x0000000083800000, 0x0000000083800000| Untracked 
|  22|0x0000000083800000, 0x0000000083900000, 0x0000000083900000|100%| O|  |TAMS 0x0000000083900000, 0x0000000083900000| Untracked 
|  23|0x0000000083900000, 0x0000000083a00000, 0x0000000083a00000|100%| O|  |TAMS 0x0000000083a00000, 0x0000000083a00000| Untracked 
|  24|0x0000000083a00000, 0x0000000083b00000, 0x0000000083b00000|100%| O|  |TAMS 0x0000000083b00000, 0x0000000083b00000| Untracked 
|  25|0x0000000083b00000, 0x0000000083c00000, 0x0000000083c00000|100%| O|  |TAMS 0x0000000083c00000, 0x0000000083c00000| Untracked 
|  26|0x0000000083c00000, 0x0000000083d00000, 0x0000000083d00000|100%| O|  |TAMS 0x0000000083d00000, 0x0000000083d00000| Untracked 
|  27|0x0000000083d00000, 0x0000000083e00000, 0x0000000083e00000|100%| O|  |TAMS 0x0000000083e00000, 0x0000000083e00000| Untracked 
|  28|0x0000000083e00000, 0x0000000083f00000, 0x0000000083f00000|100%| O|  |TAMS 0x0000000083e07200, 0x0000000083f00000| Untracked 
|  29|0x0000000083f00000, 0x0000000084000000, 0x0000000084000000|100%|HS|  |TAMS 0x0000000083f00000, 0x0000000084000000| Complete 
|  30|0x0000000084000000, 0x0000000084100000, 0x0000000084100000|100%|HC|  |TAMS 0x0000000084000000, 0x0000000084100000| Complete 
|  31|0x0000000084100000, 0x0000000084200000, 0x0000000084200000|100%|HC|  |TAMS 0x0000000084100000, 0x0000000084200000| Complete 
|  32|0x0000000084200000, 0x0000000084300000, 0x0000000084300000|100%|HC|  |TAMS 0x0000000084200000, 0x0000000084300000| Complete 
|  33|0x0000000084300000, 0x0000000084400000, 0x0000000084400000|100%|HC|  |TAMS 0x0000000084300000, 0x0000000084400000| Complete 
|  34|0x0000000084400000, 0x0000000084500000, 0x0000000084500000|100%|HS|  |TAMS 0x0000000084400000, 0x0000000084400000| Complete 
|  35|0x0000000084500000, 0x0000000084600000, 0x0000000084600000|100%|HS|  |TAMS 0x0000000084500000, 0x0000000084500000| Complete 
|  36|0x0000000084600000, 0x0000000084600000, 0x0000000084700000|  0%| F|  |TAMS 0x0000000084600000, 0x0000000084600000| Untracked 
|  37|0x0000000084700000, 0x0000000084800000, 0x0000000084800000|100%| O|  |TAMS 0x0000000084700000, 0x0000000084800000| Untracked 
|  38|0x0000000084800000, 0x0000000084900000, 0x0000000084900000|100%|HS|  |TAMS 0x0000000084800000, 0x0000000084900000| Complete 
|  39|0x0000000084900000, 0x0000000084a00000, 0x0000000084a00000|100%|HC|  |TAMS 0x0000000084900000, 0x0000000084a00000| Complete 
|  40|0x0000000084a00000, 0x0000000084b00000, 0x0000000084b00000|100%|HC|  |TAMS 0x0000000084a00000, 0x0000000084b00000| Complete 
|  41|0x0000000084b00000, 0x0000000084c00000, 0x0000000084c00000|100%| O|  |TAMS 0x0000000084b00000, 0x0000000084c00000| Untracked 
|  42|0x0000000084c00000, 0x0000000084d00000, 0x0000000084d00000|100%| O|  |TAMS 0x0000000084c00000, 0x0000000084d00000| Untracked 
|  43|0x0000000084d00000, 0x0000000084e00000, 0x0000000084e00000|100%| O|  |TAMS 0x0000000084d00000, 0x0000000084e00000| Untracked 
|  44|0x0000000084e00000, 0x0000000084f00000, 0x0000000084f00000|100%| O|  |TAMS 0x0000000084e00000, 0x0000000084f00000| Untracked 
|  45|0x0000000084f00000, 0x0000000085000000, 0x0000000085000000|100%| O|  |TAMS 0x0000000084f00000, 0x0000000085000000| Untracked 
|  46|0x0000000085000000, 0x0000000085100000, 0x0000000085100000|100%|HS|  |TAMS 0x0000000085000000, 0x0000000085000000| Complete 
|  47|0x0000000085100000, 0x0000000085200000, 0x0000000085200000|100%|HC|  |TAMS 0x0000000085100000, 0x0000000085100000| Complete 
|  48|0x0000000085200000, 0x0000000085300000, 0x0000000085300000|100%|HC|  |TAMS 0x0000000085200000, 0x0000000085200000| Complete 
|  49|0x0000000085300000, 0x0000000085400000, 0x0000000085400000|100%|HC|  |TAMS 0x0000000085300000, 0x0000000085300000| Complete 
|  50|0x0000000085400000, 0x0000000085500000, 0x0000000085500000|100%|HC|  |TAMS 0x0000000085400000, 0x0000000085400000| Complete 
|  51|0x0000000085500000, 0x0000000085500000, 0x0000000085600000|  0%| F|  |TAMS 0x0000000085500000, 0x0000000085500000| Untracked 
|  52|0x0000000085600000, 0x0000000085600000, 0x0000000085700000|  0%| F|  |TAMS 0x0000000085600000, 0x0000000085600000| Untracked 
|  53|0x0000000085700000, 0x0000000085700000, 0x0000000085800000|  0%| F|  |TAMS 0x0000000085700000, 0x0000000085700000| Untracked 
|  54|0x0000000085800000, 0x0000000085800000, 0x0000000085900000|  0%| F|  |TAMS 0x0000000085800000, 0x0000000085800000| Untracked 
|  55|0x0000000085900000, 0x0000000085a00000, 0x0000000085a00000|100%|HS|  |TAMS 0x0000000085900000, 0x0000000085a00000| Complete 
|  56|0x0000000085a00000, 0x0000000085b00000, 0x0000000085b00000|100%|HC|  |TAMS 0x0000000085a00000, 0x0000000085b00000| Complete 
|  57|0x0000000085b00000, 0x0000000085c00000, 0x0000000085c00000|100%|HC|  |TAMS 0x0000000085b00000, 0x0000000085c00000| Complete 
|  58|0x0000000085c00000, 0x0000000085d00000, 0x0000000085d00000|100%|HC|  |TAMS 0x0000000085c00000, 0x0000000085d00000| Complete 
|  59|0x0000000085d00000, 0x0000000085e00000, 0x0000000085e00000|100%|HC|  |TAMS 0x0000000085d00000, 0x0000000085e00000| Complete 
|  60|0x0000000085e00000, 0x0000000085f00000, 0x0000000085f00000|100%|HS|  |TAMS 0x0000000085e00000, 0x0000000085e00000| Complete 
|  61|0x0000000085f00000, 0x0000000086000000, 0x0000000086000000|100%|HC|  |TAMS 0x0000000085f00000, 0x0000000085f00000| Complete 
|  62|0x0000000086000000, 0x0000000086100000, 0x0000000086100000|100%|HC|  |TAMS 0x0000000086000000, 0x0000000086000000| Complete 
|  63|0x0000000086100000, 0x0000000086200000, 0x0000000086200000|100%|HC|  |TAMS 0x0000000086100000, 0x0000000086100000| Complete 
|  64|0x0000000086200000, 0x0000000086300000, 0x0000000086300000|100%|HC|  |TAMS 0x0000000086200000, 0x0000000086200000| Complete 
|  65|0x0000000086300000, 0x0000000086300000, 0x0000000086400000|  0%| F|  |TAMS 0x0000000086300000, 0x0000000086300000| Untracked 
|  66|0x0000000086400000, 0x0000000086400000, 0x0000000086500000|  0%| F|  |TAMS 0x0000000086400000, 0x0000000086400000| Untracked 
|  67|0x0000000086500000, 0x0000000086500000, 0x0000000086600000|  0%| F|  |TAMS 0x0000000086500000, 0x0000000086500000| Untracked 
|  68|0x0000000086600000, 0x0000000086700000, 0x0000000086700000|100%| O|  |TAMS 0x0000000086600000, 0x0000000086700000| Untracked 
|  69|0x0000000086700000, 0x0000000086794200, 0x0000000086800000| 57%| O|  |TAMS 0x0000000086700000, 0x0000000086794200| Untracked 
|  70|0x0000000086800000, 0x0000000086900000, 0x0000000086900000|100%|HS|  |TAMS 0x0000000086800000, 0x0000000086800000| Complete 
|  71|0x0000000086900000, 0x0000000086a00000, 0x0000000086a00000|100%|HC|  |TAMS 0x0000000086900000, 0x0000000086900000| Complete 
|  72|0x0000000086a00000, 0x0000000086b00000, 0x0000000086b00000|100%|HC|  |TAMS 0x0000000086a00000, 0x0000000086a00000| Complete 
|  73|0x0000000086b00000, 0x0000000086c00000, 0x0000000086c00000|100%|HC|  |TAMS 0x0000000086b00000, 0x0000000086b00000| Complete 
|  74|0x0000000086c00000, 0x0000000086d00000, 0x0000000086d00000|100%|HC|  |TAMS 0x0000000086c00000, 0x0000000086c00000| Complete 
|  75|0x0000000086d00000, 0x0000000086e00000, 0x0000000086e00000|100%|HC|  |TAMS 0x0000000086d00000, 0x0000000086d00000| Complete 
|  76|0x0000000086e00000, 0x0000000086f00000, 0x0000000086f00000|100%|HC|  |TAMS 0x0000000086e00000, 0x0000000086e00000| Complete 
|  77|0x0000000086f00000, 0x0000000087000000, 0x0000000087000000|100%|HC|  |TAMS 0x0000000086f00000, 0x0000000086f00000| Complete 
|  78|0x0000000087000000, 0x0000000087100000, 0x0000000087100000|100%|HC|  |TAMS 0x0000000087000000, 0x0000000087000000| Complete 
|  79|0x0000000087100000, 0x0000000087100000, 0x0000000087200000|  0%| F|  |TAMS 0x0000000087100000, 0x0000000087100000| Untracked 
|  80|0x0000000087200000, 0x0000000087200000, 0x0000000087300000|  0%| F|  |TAMS 0x0000000087200000, 0x0000000087200000| Untracked 
|  81|0x0000000087300000, 0x0000000087300000, 0x0000000087400000|  0%| F|  |TAMS 0x0000000087300000, 0x0000000087300000| Untracked 
|  82|0x0000000087400000, 0x0000000087400000, 0x0000000087500000|  0%| F|  |TAMS 0x0000000087400000, 0x0000000087400000| Untracked 
|  83|0x0000000087500000, 0x0000000087500000, 0x0000000087600000|  0%| F|  |TAMS 0x0000000087500000, 0x0000000087500000| Untracked 
|  84|0x0000000087600000, 0x0000000087600000, 0x0000000087700000|  0%| F|  |TAMS 0x0000000087600000, 0x0000000087600000| Untracked 
|  85|0x0000000087700000, 0x0000000087700000, 0x0000000087800000|  0%| F|  |TAMS 0x0000000087700000, 0x0000000087700000| Untracked 
|  86|0x0000000087800000, 0x0000000087800000, 0x0000000087900000|  0%| F|  |TAMS 0x0000000087800000, 0x0000000087800000| Untracked 
|  87|0x0000000087900000, 0x0000000087900000, 0x0000000087a00000|  0%| F|  |TAMS 0x0000000087900000, 0x0000000087900000| Untracked 
|  88|0x0000000087a00000, 0x0000000087a00000, 0x0000000087b00000|  0%| F|  |TAMS 0x0000000087a00000, 0x0000000087a00000| Untracked 
|  89|0x0000000087b00000, 0x0000000087b00000, 0x0000000087c00000|  0%| F|  |TAMS 0x0000000087b00000, 0x0000000087b00000| Untracked 
|  90|0x0000000087c00000, 0x0000000087c00000, 0x0000000087d00000|  0%| F|  |TAMS 0x0000000087c00000, 0x0000000087c00000| Untracked 
|  91|0x0000000087d00000, 0x0000000087d00000, 0x0000000087e00000|  0%| F|  |TAMS 0x0000000087d00000, 0x0000000087d00000| Untracked 
|  92|0x0000000087e00000, 0x0000000087e00000, 0x0000000087f00000|  0%| F|  |TAMS 0x0000000087e00000, 0x0000000087e00000| Untracked 
|  93|0x0000000087f00000, 0x0000000087f00000, 0x0000000088000000|  0%| F|  |TAMS 0x0000000087f00000, 0x0000000087f00000| Untracked 
|  94|0x0000000088000000, 0x0000000088000000, 0x0000000088100000|  0%| F|  |TAMS 0x0000000088000000, 0x0000000088000000| Untracked 
|  95|0x0000000088100000, 0x0000000088100000, 0x0000000088200000|  0%| F|  |TAMS 0x0000000088100000, 0x0000000088100000| Untracked 
|  96|0x0000000088200000, 0x0000000088200000, 0x0000000088300000|  0%| F|  |TAMS 0x0000000088200000, 0x0000000088200000| Untracked 
|  97|0x0000000088300000, 0x0000000088300000, 0x0000000088400000|  0%| F|  |TAMS 0x0000000088300000, 0x0000000088300000| Untracked 
|  98|0x0000000088400000, 0x0000000088400000, 0x0000000088500000|  0%| F|  |TAMS 0x0000000088400000, 0x0000000088400000| Untracked 
|  99|0x0000000088500000, 0x0000000088500000, 0x0000000088600000|  0%| F|  |TAMS 0x0000000088500000, 0x0000000088500000| Untracked 
| 100|0x0000000088600000, 0x0000000088600000, 0x0000000088700000|  0%| F|  |TAMS 0x0000000088600000, 0x0000000088600000| Untracked 
| 101|0x0000000088700000, 0x0000000088700000, 0x0000000088800000|  0%| F|  |TAMS 0x0000000088700000, 0x0000000088700000| Untracked 
| 102|0x0000000088800000, 0x0000000088800000, 0x0000000088900000|  0%| F|  |TAMS 0x0000000088800000, 0x0000000088800000| Untracked 
| 103|0x0000000088900000, 0x0000000088900000, 0x0000000088a00000|  0%| F|  |TAMS 0x0000000088900000, 0x0000000088900000| Untracked 
| 104|0x0000000088a00000, 0x0000000088a00000, 0x0000000088b00000|  0%| F|  |TAMS 0x0000000088a00000, 0x0000000088a00000| Untracked 
| 105|0x0000000088b00000, 0x0000000088b75b68, 0x0000000088c00000| 45%| S|CS|TAMS 0x0000000088b00000, 0x0000000088b00000| Complete 
| 106|0x0000000088c00000, 0x0000000088c00000, 0x0000000088d00000|  0%| F|  |TAMS 0x0000000088c00000, 0x0000000088c00000| Untracked 
| 107|0x0000000088d00000, 0x0000000088d00000, 0x0000000088e00000|  0%| F|  |TAMS 0x0000000088d00000, 0x0000000088d00000| Untracked 
| 108|0x0000000088e00000, 0x0000000088e00000, 0x0000000088f00000|  0%| F|  |TAMS 0x0000000088e00000, 0x0000000088e00000| Untracked 
| 109|0x0000000088f00000, 0x0000000088f00000, 0x0000000089000000|  0%| F|  |TAMS 0x0000000088f00000, 0x0000000088f00000| Untracked 
| 110|0x0000000089000000, 0x0000000089000000, 0x0000000089100000|  0%| F|  |TAMS 0x0000000089000000, 0x0000000089000000| Untracked 
| 111|0x0000000089100000, 0x0000000089100000, 0x0000000089200000|  0%| F|  |TAMS 0x0000000089100000, 0x0000000089100000| Untracked 
| 112|0x0000000089200000, 0x0000000089200000, 0x0000000089300000|  0%| F|  |TAMS 0x0000000089200000, 0x0000000089200000| Untracked 
| 113|0x0000000089300000, 0x0000000089300000, 0x0000000089400000|  0%| F|  |TAMS 0x0000000089300000, 0x0000000089300000| Untracked 
| 114|0x0000000089400000, 0x0000000089400000, 0x0000000089500000|  0%| F|  |TAMS 0x0000000089400000, 0x0000000089400000| Untracked 
| 115|0x0000000089500000, 0x0000000089500000, 0x0000000089600000|  0%| F|  |TAMS 0x0000000089500000, 0x0000000089500000| Untracked 
| 116|0x0000000089600000, 0x0000000089600000, 0x0000000089700000|  0%| F|  |TAMS 0x0000000089600000, 0x0000000089600000| Untracked 
| 117|0x0000000089700000, 0x0000000089700000, 0x0000000089800000|  0%| F|  |TAMS 0x0000000089700000, 0x0000000089700000| Untracked 
| 118|0x0000000089800000, 0x0000000089800000, 0x0000000089900000|  0%| F|  |TAMS 0x0000000089800000, 0x0000000089800000| Untracked 
| 119|0x0000000089900000, 0x0000000089900000, 0x0000000089a00000|  0%| F|  |TAMS 0x0000000089900000, 0x0000000089900000| Untracked 
| 120|0x0000000089a00000, 0x0000000089a00000, 0x0000000089b00000|  0%| F|  |TAMS 0x0000000089a00000, 0x0000000089a00000| Untracked 
| 121|0x0000000089b00000, 0x0000000089b00000, 0x0000000089c00000|  0%| F|  |TAMS 0x0000000089b00000, 0x0000000089b00000| Untracked 
| 122|0x0000000089c00000, 0x0000000089c00000, 0x0000000089d00000|  0%| F|  |TAMS 0x0000000089c00000, 0x0000000089c00000| Untracked 
| 123|0x0000000089d00000, 0x0000000089d00000, 0x0000000089e00000|  0%| F|  |TAMS 0x0000000089d00000, 0x0000000089d00000| Untracked 
| 124|0x0000000089e00000, 0x0000000089e00000, 0x0000000089f00000|  0%| F|  |TAMS 0x0000000089e00000, 0x0000000089e00000| Untracked 
| 125|0x0000000089f00000, 0x0000000089f00000, 0x000000008a000000|  0%| F|  |TAMS 0x0000000089f00000, 0x0000000089f00000| Untracked 
| 126|0x000000008a000000, 0x000000008a000000, 0x000000008a100000|  0%| F|  |TAMS 0x000000008a000000, 0x000000008a000000| Untracked 
| 127|0x000000008a100000, 0x000000008a100000, 0x000000008a200000|  0%| F|  |TAMS 0x000000008a100000, 0x000000008a100000| Untracked 
| 128|0x000000008a200000, 0x000000008a200000, 0x000000008a300000|  0%| F|  |TAMS 0x000000008a200000, 0x000000008a200000| Untracked 
| 129|0x000000008a300000, 0x000000008a300000, 0x000000008a400000|  0%| F|  |TAMS 0x000000008a300000, 0x000000008a300000| Untracked 
| 130|0x000000008a400000, 0x000000008a400000, 0x000000008a500000|  0%| F|  |TAMS 0x000000008a400000, 0x000000008a400000| Untracked 
| 131|0x000000008a500000, 0x000000008a500000, 0x000000008a600000|  0%| F|  |TAMS 0x000000008a500000, 0x000000008a500000| Untracked 
| 132|0x000000008a600000, 0x000000008a600000, 0x000000008a700000|  0%| F|  |TAMS 0x000000008a600000, 0x000000008a600000| Untracked 
| 133|0x000000008a700000, 0x000000008a700000, 0x000000008a800000|  0%| F|  |TAMS 0x000000008a700000, 0x000000008a700000| Untracked 
| 134|0x000000008a800000, 0x000000008a800000, 0x000000008a900000|  0%| F|  |TAMS 0x000000008a800000, 0x000000008a800000| Untracked 
| 135|0x000000008a900000, 0x000000008a900000, 0x000000008aa00000|  0%| F|  |TAMS 0x000000008a900000, 0x000000008a900000| Untracked 
| 136|0x000000008aa00000, 0x000000008aa00000, 0x000000008ab00000|  0%| F|  |TAMS 0x000000008aa00000, 0x000000008aa00000| Untracked 
| 137|0x000000008ab00000, 0x000000008abe06a0, 0x000000008ac00000| 87%| E|  |TAMS 0x000000008ab00000, 0x000000008ab00000| Complete 
| 138|0x000000008ac00000, 0x000000008acfa770, 0x000000008ad00000| 97%| E|  |TAMS 0x000000008ac00000, 0x000000008ac00000| Complete 
| 139|0x000000008ad00000, 0x000000008ae00000, 0x000000008ae00000|100%| E|CS|TAMS 0x000000008ad00000, 0x000000008ad00000| Complete 
| 140|0x000000008ae00000, 0x000000008af00000, 0x000000008af00000|100%| E|CS|TAMS 0x000000008ae00000, 0x000000008ae00000| Complete 
| 141|0x000000008af00000, 0x000000008b000000, 0x000000008b000000|100%| E|CS|TAMS 0x000000008af00000, 0x000000008af00000| Complete 
| 142|0x000000008b000000, 0x000000008b100000, 0x000000008b100000|100%| E|CS|TAMS 0x000000008b000000, 0x000000008b000000| Complete 
| 143|0x000000008b100000, 0x000000008b200000, 0x000000008b200000|100%| E|CS|TAMS 0x000000008b100000, 0x000000008b100000| Complete 
| 144|0x000000008b200000, 0x000000008b300000, 0x000000008b300000|100%| E|CS|TAMS 0x000000008b200000, 0x000000008b200000| Complete 
| 145|0x000000008b300000, 0x000000008b400000, 0x000000008b400000|100%| E|CS|TAMS 0x000000008b300000, 0x000000008b300000| Complete 
| 146|0x000000008b400000, 0x000000008b500000, 0x000000008b500000|100%| E|CS|TAMS 0x000000008b400000, 0x000000008b400000| Complete 
| 147|0x000000008b500000, 0x000000008b600000, 0x000000008b600000|100%| E|CS|TAMS 0x000000008b500000, 0x000000008b500000| Complete 
| 148|0x000000008b600000, 0x000000008b700000, 0x000000008b700000|100%| E|CS|TAMS 0x000000008b600000, 0x000000008b600000| Complete 
| 149|0x000000008b700000, 0x000000008b800000, 0x000000008b800000|100%| E|CS|TAMS 0x000000008b700000, 0x000000008b700000| Complete 
| 150|0x000000008b800000, 0x000000008b900000, 0x000000008b900000|100%| E|CS|TAMS 0x000000008b800000, 0x000000008b800000| Complete 
| 151|0x000000008b900000, 0x000000008ba00000, 0x000000008ba00000|100%| E|CS|TAMS 0x000000008b900000, 0x000000008b900000| Complete 
| 152|0x000000008ba00000, 0x000000008bb00000, 0x000000008bb00000|100%| E|CS|TAMS 0x000000008ba00000, 0x000000008ba00000| Complete 
| 153|0x000000008bb00000, 0x000000008bc00000, 0x000000008bc00000|100%| E|CS|TAMS 0x000000008bb00000, 0x000000008bb00000| Complete 
| 154|0x000000008bc00000, 0x000000008bd00000, 0x000000008bd00000|100%| E|CS|TAMS 0x000000008bc00000, 0x000000008bc00000| Complete 
| 155|0x000000008bd00000, 0x000000008be00000, 0x000000008be00000|100%| E|CS|TAMS 0x000000008bd00000, 0x000000008bd00000| Complete 
| 156|0x000000008be00000, 0x000000008bf00000, 0x000000008bf00000|100%| E|CS|TAMS 0x000000008be00000, 0x000000008be00000| Complete 
| 157|0x000000008bf00000, 0x000000008c000000, 0x000000008c000000|100%| E|CS|TAMS 0x000000008bf00000, 0x000000008bf00000| Complete 
| 158|0x000000008c000000, 0x000000008c100000, 0x000000008c100000|100%| E|CS|TAMS 0x000000008c000000, 0x000000008c000000| Complete 
| 159|0x000000008c100000, 0x000000008c200000, 0x000000008c200000|100%| E|CS|TAMS 0x000000008c100000, 0x000000008c100000| Complete 
| 160|0x000000008c200000, 0x000000008c300000, 0x000000008c300000|100%| E|CS|TAMS 0x000000008c200000, 0x000000008c200000| Complete 

Card table byte_map: [0x0000011b79520000,0x0000011b79910000] _byte_map_base: 0x0000011b7910f000

Marking Bits (Prev, Next): (CMBitMap*) 0x0000011b75570d50, (CMBitMap*) 0x0000011b75570d90
 Prev Bits: [0x0000011b79d00000, 0x0000011b7bc78000)
 Next Bits: [0x0000011b7bc80000, 0x0000011b7dbf8000)

Polling page: 0x0000011b74d00000

Metaspace:

Usage:
  Non-class:     68.48 MB used.
      Class:      8.73 MB used.
       Both:     77.21 MB used.

Virtual space:
  Non-class space:       72.00 MB reserved,      68.69 MB ( 95%) committed,  9 nodes.
      Class space:        1.00 GB reserved,       8.88 MB ( <1%) committed,  1 nodes.
             Both:        1.07 GB reserved,      77.56 MB (  7%) committed. 

Chunk freelists:
   Non-Class:  2.55 MB
       Class:  3.08 MB
        Both:  5.63 MB

MaxMetaspaceSize: unlimited
CompressedClassSpaceSize: 1.00 GB
Initial GC threshold: 21.00 MB
Current GC threshold: 126.38 MB
CDS: off
MetaspaceReclaimPolicy: balanced
 - commit_granule_bytes: 65536.
 - commit_granule_words: 8192.
 - virtual_space_node_default_size: 1048576.
 - enlarge_chunks_in_place: 1.
 - new_chunks_are_fully_committed: 0.
 - uncommit_free_chunks: 1.
 - use_allocation_guard: 0.
 - handle_deallocations: 1.


Internal statistics:

num_allocs_failed_limit: 9.
num_arena_births: 462.
num_arena_deaths: 0.
num_vsnodes_births: 10.
num_vsnodes_deaths: 0.
num_space_committed: 1241.
num_space_uncommitted: 0.
num_chunks_returned_to_freelist: 9.
num_chunks_taken_from_freelist: 2883.
num_chunk_merges: 6.
num_chunk_splits: 2130.
num_chunks_enlarged: 1732.
num_purges: 0.
num_inconsistent_stats: 0.

CodeHeap 'non-profiled nmethods': size=120000Kb used=5448Kb max_used=5448Kb free=114551Kb
 bounds [0x0000011b07ad0000, 0x0000011b08030000, 0x0000011b0f000000]
CodeHeap 'profiled nmethods': size=120000Kb used=12544Kb max_used=12544Kb free=107455Kb
 bounds [0x0000011b005a0000, 0x0000011b011f0000, 0x0000011b07ad0000]
CodeHeap 'non-nmethods': size=5760Kb used=1351Kb max_used=1433Kb free=4408Kb
 bounds [0x0000011b00000000, 0x0000011b00270000, 0x0000011b005a0000]
 total_blobs=6895 nmethods=6202 adapters=604
 compilation: enabled
              stopped_count=0, restarted_count=0
 full_count=0

Compilation events (20 events):
Event: 43.033 Thread 0x0000011b1043d280 7542       3       java.util.concurrent.ScheduledThreadPoolExecutor$DelayedWorkQueue::setIndex (16 bytes)
Event: 43.034 Thread 0x0000011b1043d280 nmethod 7542 0x0000011b011db790 code [0x0000011b011db940, 0x0000011b011dbc38]
Event: 43.490 Thread 0x0000011b1043d280 7543       3       jdk.internal.util.ArraysSupport::mismatch (73 bytes)
Event: 43.490 Thread 0x0000011b1043c8d0 7544       4       jdk.internal.util.ArraysSupport::vectorizedMismatch (268 bytes)
Event: 43.490 Thread 0x0000011b1043d280 nmethod 7543 0x0000011b011dbd10 code [0x0000011b011dbee0, 0x0000011b011dc2f8]
Event: 43.493 Thread 0x0000011b1043c8d0 nmethod 7544 0x0000011b0801fe10 code [0x0000011b0801ff80, 0x0000011b080202d8]
Event: 43.647 Thread 0x0000011b1043d280 7545       3       org.apache.pdfbox.pdmodel.PDDocument::$jacocoInit (54 bytes)
Event: 43.648 Thread 0x0000011b1043d280 nmethod 7545 0x0000011b011dc510 code [0x0000011b011dc740, 0x0000011b011dd1d8]
Event: 43.648 Thread 0x0000011b1043d280 7546       3       org.apache.pdfbox.io.RandomAccessInputStream::read (150 bytes)
Event: 43.648 Thread 0x0000011b1043c8d0 7549       4       org.apache.pdfbox.pdfwriter.COSStandardOutputStream::$jacocoInit (52 bytes)
Event: 43.649 Thread 0x0000011b1043d280 nmethod 7546 0x0000011b011dd490 code [0x0000011b011dd760, 0x0000011b011de3e8]
Event: 43.649 Thread 0x0000011b1043d280 7548       3       java.lang.String::encode8859_1 (158 bytes)
Event: 43.649 Thread 0x0000011b1043c8d0 nmethod 7549 0x0000011b08020490 code [0x0000011b08020600, 0x0000011b08020698]
Event: 43.649 Thread 0x0000011b1043d280 nmethod 7548 0x0000011b011de910 code [0x0000011b011deb20, 0x0000011b011df2b8]
Event: 43.649 Thread 0x0000011b1043d280 7550       3       java.lang.StringBuffer::<init> (7 bytes)
Event: 43.649 Thread 0x0000011b1043c8d0 7551  s    4       java.io.ByteArrayOutputStream::write (32 bytes)
Event: 43.649 Thread 0x0000011b1043d280 nmethod 7550 0x0000011b011df510 code [0x0000011b011df6a0, 0x0000011b011df7e8]
Event: 43.649 Thread 0x0000011b1043d280 7547       3       java.io.InputStream::read (9 bytes)
Event: 43.650 Thread 0x0000011b1043d280 nmethod 7547 0x0000011b011df890 code [0x0000011b011dfa40, 0x0000011b011dfc08]
Event: 43.650 Thread 0x0000011b1043d280 7554       3       org.apache.pdfbox.util.Hex::$jacocoInit (53 bytes)

GC Heap History (20 events):
Event: 10.624 GC heap before
{Heap before GC invocations=34 (full 0):
 garbage-first heap   total 66560K, used 56122K [0x0000000082200000, 0x0000000100000000)
  region size 1024K, 35 young (35840K), 2 survivors (2048K)
 Metaspace       used 67153K, committed 67584K, reserved 1114112K
  class space    used 7620K, committed 7808K, reserved 1048576K
}
Event: 10.626 GC heap after
{Heap after GC invocations=35 (full 0):
 garbage-first heap   total 66560K, used 22590K [0x0000000082200000, 0x0000000100000000)
  region size 1024K, 3 young (3072K), 3 survivors (3072K)
 Metaspace       used 67153K, committed 67584K, reserved 1114112K
  class space    used 7620K, committed 7808K, reserved 1048576K
}
Event: 10.975 GC heap before
{Heap before GC invocations=35 (full 0):
 garbage-first heap   total 66560K, used 55358K [0x0000000082200000, 0x0000000100000000)
  region size 1024K, 35 young (35840K), 3 survivors (3072K)
 Metaspace       used 68956K, committed 69376K, reserved 1114112K
  class space    used 7795K, committed 8000K, reserved 1048576K
}
Event: 10.978 GC heap after
{Heap after GC invocations=36 (full 0):
 garbage-first heap   total 66560K, used 23539K [0x0000000082200000, 0x0000000100000000)
  region size 1024K, 4 young (4096K), 4 survivors (4096K)
 Metaspace       used 68956K, committed 69376K, reserved 1114112K
  class space    used 7795K, committed 8000K, reserved 1048576K
}
Event: 11.311 GC heap before
{Heap before GC invocations=36 (full 0):
 garbage-first heap   total 66560K, used 54259K [0x0000000082200000, 0x0000000100000000)
  region size 1024K, 34 young (34816K), 4 survivors (4096K)
 Metaspace       used 70499K, committed 70848K, reserved 1114112K
  class space    used 8017K, committed 8192K, reserved 1048576K
}
Event: 11.314 GC heap after
{Heap after GC invocations=37 (full 0):
 garbage-first heap   total 66560K, used 24477K [0x0000000082200000, 0x0000000100000000)
  region size 1024K, 4 young (4096K), 4 survivors (4096K)
 Metaspace       used 70499K, committed 70848K, reserved 1114112K
  class space    used 8017K, committed 8192K, reserved 1048576K
}
Event: 11.574 GC heap before
{Heap before GC invocations=37 (full 0):
 garbage-first heap   total 66560K, used 54173K [0x0000000082200000, 0x0000000100000000)
  region size 1024K, 33 young (33792K), 4 survivors (4096K)
 Metaspace       used 71809K, committed 72256K, reserved 1114112K
  class space    used 8179K, committed 8384K, reserved 1048576K
}
Event: 11.578 GC heap after
{Heap after GC invocations=38 (full 0):
 garbage-first heap   total 66560K, used 25351K [0x0000000082200000, 0x0000000100000000)
  region size 1024K, 4 young (4096K), 4 survivors (4096K)
 Metaspace       used 71809K, committed 72256K, reserved 1114112K
  class space    used 8179K, committed 8384K, reserved 1048576K
}
Event: 11.851 GC heap before
{Heap before GC invocations=38 (full 0):
 garbage-first heap   total 66560K, used 54023K [0x0000000082200000, 0x0000000100000000)
  region size 1024K, 32 young (32768K), 4 survivors (4096K)
 Metaspace       used 73099K, committed 73472K, reserved 1122304K
  class space    used 8326K, committed 8512K, reserved 1048576K
}
Event: 11.854 GC heap after
{Heap after GC invocations=39 (full 0):
 garbage-first heap   total 79872K, used 26573K [0x0000000082200000, 0x0000000100000000)
  region size 1024K, 4 young (4096K), 4 survivors (4096K)
 Metaspace       used 73099K, committed 73472K, reserved 1122304K
  class space    used 8326K, committed 8512K, reserved 1048576K
}
Event: 29.478 GC heap before
{Heap before GC invocations=39 (full 0):
 garbage-first heap   total 79872K, used 65485K [0x0000000082200000, 0x0000000100000000)
  region size 1024K, 42 young (43008K), 4 survivors (4096K)
 Metaspace       used 74823K, committed 75200K, reserved 1122304K
  class space    used 8494K, committed 8640K, reserved 1048576K
}
Event: 29.483 GC heap after
{Heap after GC invocations=40 (full 0):
 garbage-first heap   total 79872K, used 27413K [0x0000000082200000, 0x0000000100000000)
  region size 1024K, 4 young (4096K), 4 survivors (4096K)
 Metaspace       used 74823K, committed 75200K, reserved 1122304K
  class space    used 8494K, committed 8640K, reserved 1048576K
}
Event: 29.796 GC heap before
{Heap before GC invocations=40 (full 0):
 garbage-first heap   total 79872K, used 66325K [0x0000000082200000, 0x0000000100000000)
  region size 1024K, 43 young (44032K), 4 survivors (4096K)
 Metaspace       used 77177K, committed 77568K, reserved 1122304K
  class space    used 8718K, committed 8896K, reserved 1048576K
}
Event: 29.800 GC heap after
{Heap after GC invocations=41 (full 0):
 garbage-first heap   total 79872K, used 34844K [0x0000000082200000, 0x0000000100000000)
  region size 1024K, 6 young (6144K), 6 survivors (6144K)
 Metaspace       used 77177K, committed 77568K, reserved 1122304K
  class space    used 8718K, committed 8896K, reserved 1048576K
}
Event: 29.813 GC heap before
{Heap before GC invocations=41 (full 0):
 garbage-first heap   total 79872K, used 44060K [0x0000000082200000, 0x0000000100000000)
  region size 1024K, 11 young (11264K), 6 survivors (6144K)
 Metaspace       used 77270K, committed 77632K, reserved 1122304K
  class space    used 8724K, committed 8896K, reserved 1048576K
}
Event: 29.817 GC heap after
{Heap after GC invocations=42 (full 0):
 garbage-first heap   total 79872K, used 40808K [0x0000000082200000, 0x0000000100000000)
  region size 1024K, 3 young (3072K), 3 survivors (3072K)
 Metaspace       used 77270K, committed 77632K, reserved 1122304K
  class space    used 8724K, committed 8896K, reserved 1048576K
}
Event: 30.046 GC heap before
{Heap before GC invocations=43 (full 0):
 garbage-first heap   total 137216K, used 92008K [0x0000000082200000, 0x0000000100000000)
  region size 1024K, 10 young (10240K), 3 survivors (3072K)
 Metaspace       used 77447K, committed 77824K, reserved 1122304K
  class space    used 8773K, committed 8960K, reserved 1048576K
}
Event: 30.048 GC heap after
{Heap after GC invocations=44 (full 0):
 garbage-first heap   total 137216K, used 43173K [0x0000000082200000, 0x0000000100000000)
  region size 1024K, 1 young (1024K), 1 survivors (1024K)
 Metaspace       used 77447K, committed 77824K, reserved 1122304K
  class space    used 8773K, committed 8960K, reserved 1048576K
}
Event: 42.036 GC heap before
{Heap before GC invocations=44 (full 0):
 garbage-first heap   total 137216K, used 85157K [0x0000000082200000, 0x0000000100000000)
  region size 1024K, 28 young (28672K), 1 survivors (1024K)
 Metaspace       used 78599K, committed 79040K, reserved 1122304K
  class space    used 8902K, committed 9088K, reserved 1048576K
}
Event: 42.038 GC heap after
{Heap after GC invocations=45 (full 0):
 garbage-first heap   total 164864K, used 51239K [0x0000000082200000, 0x0000000100000000)
  region size 1024K, 1 young (1024K), 1 survivors (1024K)
 Metaspace       used 78599K, committed 79040K, reserved 1122304K
  class space    used 8902K, committed 9088K, reserved 1048576K
}

Deoptimization events (20 events):
Event: 42.079 Thread 0x0000011b169ad2d0 Uncommon trap: trap_request=0xffffffc6 fr.pc=0x0000011b0800881c relative=0x000000000000017c
Event: 42.079 Thread 0x0000011b169ad2d0 Uncommon trap: reason=bimorphic_or_optimized_type_check action=maybe_recompile pc=0x0000011b0800881c method=java.io.FilterInputStream.read([B)I @ 5 c2
Event: 42.079 Thread 0x0000011b169ad2d0 DEOPT PACKING pc=0x0000011b0800881c sp=0x00000018638fc590
Event: 42.079 Thread 0x0000011b169ad2d0 DEOPT UNPACKING pc=0x0000011b000523a3 sp=0x00000018638fc528 mode 2
Event: 42.079 Thread 0x0000011b169ad2d0 Uncommon trap: trap_request=0xffffffc6 fr.pc=0x0000011b0800881c relative=0x000000000000017c
Event: 42.079 Thread 0x0000011b169ad2d0 Uncommon trap: reason=bimorphic_or_optimized_type_check action=maybe_recompile pc=0x0000011b0800881c method=java.io.FilterInputStream.read([B)I @ 5 c2
Event: 42.079 Thread 0x0000011b169ad2d0 DEOPT PACKING pc=0x0000011b0800881c sp=0x00000018638fc590
Event: 42.079 Thread 0x0000011b169ad2d0 DEOPT UNPACKING pc=0x0000011b000523a3 sp=0x00000018638fc528 mode 2
Event: 42.085 Thread 0x0000011b169ad2d0 Uncommon trap: trap_request=0xffffffc6 fr.pc=0x0000011b0800881c relative=0x000000000000017c
Event: 42.085 Thread 0x0000011b169ad2d0 Uncommon trap: reason=bimorphic_or_optimized_type_check action=maybe_recompile pc=0x0000011b0800881c method=java.io.FilterInputStream.read([B)I @ 5 c2
Event: 42.085 Thread 0x0000011b169ad2d0 DEOPT PACKING pc=0x0000011b0800881c sp=0x00000018638fc590
Event: 42.085 Thread 0x0000011b169ad2d0 DEOPT UNPACKING pc=0x0000011b000523a3 sp=0x00000018638fc528 mode 2
Event: 42.086 Thread 0x0000011b169ad2d0 Uncommon trap: trap_request=0xffffffc6 fr.pc=0x0000011b0800881c relative=0x000000000000017c
Event: 42.086 Thread 0x0000011b169ad2d0 Uncommon trap: reason=bimorphic_or_optimized_type_check action=maybe_recompile pc=0x0000011b0800881c method=java.io.FilterInputStream.read([B)I @ 5 c2
Event: 42.086 Thread 0x0000011b169ad2d0 DEOPT PACKING pc=0x0000011b0800881c sp=0x00000018638fc590
Event: 42.086 Thread 0x0000011b169ad2d0 DEOPT UNPACKING pc=0x0000011b000523a3 sp=0x00000018638fc528 mode 2
Event: 43.490 Thread 0x0000011b169ad2d0 DEOPT PACKING pc=0x0000011b01189047 sp=0x00000018638fb1c0
Event: 43.490 Thread 0x0000011b169ad2d0 DEOPT UNPACKING pc=0x0000011b00052b43 sp=0x00000018638fa640 mode 0
Event: 43.491 Thread 0x0000011b169ad2d0 DEOPT PACKING pc=0x0000011b01189047 sp=0x00000018638fb1c0
Event: 43.491 Thread 0x0000011b169ad2d0 DEOPT UNPACKING pc=0x0000011b00052b43 sp=0x00000018638fa640 mode 0

Classes unloaded (0 events):
No events

Classes redefined (0 events):
No events

Internal exceptions (20 events):
Event: 11.292 Thread 0x0000011b145dd910 Exception <a 'java/lang/ClassNotFoundException'{0x00000000846d9028}: org/springframework/beans/factory/AwareCustomizer> (0x00000000846d9028) 
thrown [e:\jenkins\tmp\workspace\build\src\src\hotspot\share\classfile\systemDictionary.cpp, line 256]
Event: 11.292 Thread 0x0000011b145dd910 Exception <a 'java/lang/ClassNotFoundException'{0x00000000846dd2b8}: org/springframework/context/ApplicationContextAwareCustomizer> (0x00000000846dd2b8) 
thrown [e:\jenkins\tmp\workspace\build\src\src\hotspot\share\classfile\systemDictionary.cpp, line 256]
Event: 11.293 Thread 0x0000011b145dd910 Exception <a 'java/lang/ClassNotFoundException'{0x00000000846e2c58}: org/springframework/beans/factory/AwareCustomizer> (0x00000000846e2c58) 
thrown [e:\jenkins\tmp\workspace\build\src\src\hotspot\share\classfile\systemDictionary.cpp, line 256]
Event: 11.294 Thread 0x0000011b145dd910 Exception <a 'java/lang/ClassNotFoundException'{0x00000000846e6ec0}: org/springframework/web/context/ServletContextAwareCustomizer> (0x00000000846e6ec0) 
thrown [e:\jenkins\tmp\workspace\build\src\src\hotspot\share\classfile\systemDictionary.cpp, line 256]
Event: 11.295 Thread 0x0000011b145dd910 Exception <a 'java/lang/ClassNotFoundException'{0x00000000846ec1a8}: org/springframework/beans/factory/AwareCustomizer> (0x00000000846ec1a8) 
thrown [e:\jenkins\tmp\workspace\build\src\src\hotspot\share\classfile\systemDictionary.cpp, line 256]
Event: 11.487 Thread 0x0000011b145dd910 Exception <a 'java/lang/NoSuchMethodError'{0x00000000852817b0}: 'void java.lang.invoke.DirectMethodHandle$Holder.invokeVirtual(java.lang.Object, java.lang.Object, int)'> (0x00000000852817b0) 
thrown [e:\jenkins\tmp\workspace\build\src\src\hotspot\share\interpreter\linkResolver.cpp, line 766]
Event: 11.489 Thread 0x0000011b145dd910 Exception <a 'java/lang/NoSuchMethodError'{0x000000008529c160}: 'void java.lang.invoke.DirectMethodHandle$Holder.invokeVirtual(java.lang.Object, java.lang.Object, long)'> (0x000000008529c160) 
thrown [e:\jenkins\tmp\workspace\build\src\src\hotspot\share\interpreter\linkResolver.cpp, line 766]
Event: 11.688 Thread 0x0000011b145dd910 Exception <a 'java/lang/IncompatibleClassChangeError'{0x00000000856327c8}: Found class java.lang.Object, but interface was expected> (0x00000000856327c8) 
thrown [e:\jenkins\tmp\workspace\build\src\src\hotspot\share\interpreter\linkResolver.cpp, line 833]
Event: 11.837 Thread 0x0000011b145dd910 Implicit null exception at 0x0000011b07d5c9b5 to 0x0000011b07d5cccc
Event: 12.000 Thread 0x0000011b145dd910 Exception <a 'java/lang/NoSuchMethodError'{0x0000000086c85c50}: 'java.lang.Object java.lang.invoke.DirectMethodHandle$Holder.invokeSpecial(java.lang.Object, java.lang.Object, int, java.lang.Object, int, java.lang.Object)'> (0x0000000086c85c50) 
thrown [e:\jenkins\tmp\workspace\build\src\src\hotspot\share\interpreter\linkResolver.cpp, line 766]
Event: 12.001 Thread 0x0000011b145dd910 Exception <a 'java/lang/NoSuchMethodError'{0x0000000086c8dcf8}: 'java.lang.Object java.lang.invoke.DirectMethodHandle$Holder.newInvokeSpecial(java.lang.Object, java.lang.Object, int, java.lang.Object, int)'> (0x0000000086c8dcf8) 
thrown [e:\jenkins\tmp\workspace\build\src\src\hotspot\share\interpreter\linkResolver.cpp, line 766]
Event: 12.001 Thread 0x0000011b145dd910 Exception <a 'java/lang/NoSuchMethodError'{0x0000000086c91df8}: 'java.lang.Object java.lang.invoke.DirectMethodHandle$Holder.invokeSpecial(java.lang.Object, java.lang.Object, java.lang.Object, int, java.lang.Object, int)'> (0x0000000086c91df8) 
thrown [e:\jenkins\tmp\workspace\build\src\src\hotspot\share\interpreter\linkResolver.cpp, line 766]
Event: 12.002 Thread 0x0000011b145dd910 Exception <a 'java/lang/NoSuchMethodError'{0x0000000086ca54e0}: 'void java.lang.invoke.DirectMethodHandle$Holder.invokeVirtual(java.lang.Object, java.lang.Object)'> (0x0000000086ca54e0) 
thrown [e:\jenkins\tmp\workspace\build\src\src\hotspot\share\interpreter\linkResolver.cpp, line 766]
Event: 29.523 Thread 0x0000011b169a6dc0 Implicit null exception at 0x0000011b07d5fe60 to 0x0000011b07d60022
Event: 29.720 Thread 0x0000011b169ad2d0 Exception <a 'java/lang/ClassNotFoundException'{0x0000000085a3f740}: sun/awt/resources/spi/awtProvider> (0x0000000085a3f740) 
thrown [e:\jenkins\tmp\workspace\build\src\src\hotspot\share\classfile\systemDictionary.cpp, line 256]
Event: 29.722 Thread 0x0000011b169ad2d0 Exception <a 'java/io/FileNotFoundException'{0x0000000085a4d040}> (0x0000000085a4d040) 
thrown [e:\jenkins\tmp\workspace\build\src\src\hotspot\share\prims\jni.cpp, line 516]
Event: 29.723 Thread 0x0000011b169ad2d0 Exception <a 'java/io/FileNotFoundException'{0x0000000085a4eb30}> (0x0000000085a4eb30) 
thrown [e:\jenkins\tmp\workspace\build\src\src\hotspot\share\prims\jni.cpp, line 516]
Event: 30.015 Thread 0x0000011b169ad2d0 Exception <a 'java/lang/ClassNotFoundException'{0x000000008a6be908}: java/lang/ObjectCustomizer> (0x000000008a6be908) 
thrown [e:\jenkins\tmp\workspace\build\src\src\hotspot\share\classfile\systemDictionary.cpp, line 256]
Event: 30.017 Thread 0x0000011b169ad2d0 Exception <a 'java/lang/ClassNotFoundException'{0x000000008a6cb388}: com/Natrec/DocHandler/Model/ScanDocCustomizer> (0x000000008a6cb388) 
thrown [e:\jenkins\tmp\workspace\build\src\src\hotspot\share\classfile\systemDictionary.cpp, line 256]
Event: 40.756 Thread 0x0000011b169ad2d0 Implicit null exception at 0x0000011b08009934 to 0x0000011b0800a004

VM Operations (20 events):
Event: 30.046 Executing VM operation: G1TryInitiateConcMark
Event: 30.048 Executing VM operation: G1TryInitiateConcMark done
Event: 31.062 Executing VM operation: Cleanup
Event: 31.062 Executing VM operation: Cleanup done
Event: 33.083 Executing VM operation: Cleanup
Event: 33.083 Executing VM operation: Cleanup done
Event: 34.091 Executing VM operation: Cleanup
Event: 34.091 Executing VM operation: Cleanup done
Event: 39.106 Executing VM operation: Cleanup
Event: 39.106 Executing VM operation: Cleanup done
Event: 41.115 Executing VM operation: Cleanup
Event: 41.115 Executing VM operation: Cleanup done
Event: 42.036 Executing VM operation: G1TryInitiateConcMark
Event: 42.038 Executing VM operation: G1TryInitiateConcMark done
Event: 42.046 Executing VM operation: HandshakeAllThreads
Event: 42.046 Executing VM operation: HandshakeAllThreads done
Event: 42.079 Executing VM operation: HandshakeAllThreads
Event: 42.079 Executing VM operation: HandshakeAllThreads done
Event: 43.080 Executing VM operation: Cleanup
Event: 43.080 Executing VM operation: Cleanup done

Events (20 events):
Event: 40.744 Thread 0x0000011b17593350 Thread added: 0x0000011b17593350
Event: 41.043 Thread 0x0000011b17593350 Thread exited: 0x0000011b17593350
Event: 41.043 Thread 0x0000011b17593860 Thread exited: 0x0000011b17593860
Event: 42.018 Loaded shared library C:\Users\magdy\AppData\Local\Temp\Dynamsoft\BarcodeReader\9.0\64\vcomp110.dll
Event: 42.027 Loaded shared library C:\Users\magdy\AppData\Local\Temp\Dynamsoft\BarcodeReader\9.0\64\DynamsoftBarcodeReaderx64.dll
Event: 42.029 Loaded shared library C:\Users\magdy\AppData\Local\Temp\Dynamsoft\BarcodeReader\9.0\64\DynamsoftBarcodeJNI.dll
Event: 42.049 Thread 0x0000011b17593d70 Thread added: 0x0000011b17593d70
Event: 42.062 loading class java/io/SequenceInputStream
Event: 42.062 loading class java/io/SequenceInputStream done
Event: 42.069 loading class javax/imageio/IIOException
Event: 42.069 loading class javax/imageio/IIOException done
Event: 42.069 loading class java/lang/NegativeArraySizeException
Event: 42.069 loading class java/lang/NegativeArraySizeException done
Event: 42.076 loading class javax/imageio/stream/ImageInputStream
Event: 42.076 loading class javax/imageio/stream/ImageInputStream done
Event: 42.079 loading class java/util/zip/Deflater
Event: 42.080 loading class java/util/zip/Deflater done
Event: 42.081 loading class java/util/zip/Deflater$DeflaterZStreamRef
Event: 42.081 loading class java/util/zip/Deflater$DeflaterZStreamRef done
Event: 42.614 Thread 0x0000011b17593d70 Thread exited: 0x0000011b17593d70


Dynamic libraries:
0x00007ff709400000 - 0x00007ff70940e000 	C:\Users\magdy\Desktop\eclipse-jee-2022-03-R-win32-x86_64 (2)\eclipse\plugins\org.eclipse.justj.openjdk.hotspot.jre.full.win32.x86_64_17.0.2.v20220201-1208\jre\bin\javaw.exe
0x00007ffe6d6c0000 - 0x00007ffe6d8c9000 	C:\WINDOWS\SYSTEM32\ntdll.dll
0x00007ffe6c570000 - 0x00007ffe6c62d000 	C:\WINDOWS\System32\KERNEL32.DLL
0x00007ffe6b1d0000 - 0x00007ffe6b54d000 	C:\WINDOWS\System32\KERNELBASE.dll
0x00007ffe6ac40000 - 0x00007ffe6ad51000 	C:\WINDOWS\System32\ucrtbase.dll
0x00007ffe65c80000 - 0x00007ffe65c98000 	C:\Users\magdy\Desktop\eclipse-jee-2022-03-R-win32-x86_64 (2)\eclipse\plugins\org.eclipse.justj.openjdk.hotspot.jre.full.win32.x86_64_17.0.2.v20220201-1208\jre\bin\jli.dll
0x00007ffe67680000 - 0x00007ffe67699000 	C:\Users\magdy\Desktop\eclipse-jee-2022-03-R-win32-x86_64 (2)\eclipse\plugins\org.eclipse.justj.openjdk.hotspot.jre.full.win32.x86_64_17.0.2.v20220201-1208\jre\bin\VCRUNTIME140.dll
0x00007ffe6bc10000 - 0x00007ffe6bdbd000 	C:\WINDOWS\System32\USER32.dll
0x00007ffe6aba0000 - 0x00007ffe6abc6000 	C:\WINDOWS\System32\win32u.dll
0x00007ffe6cbc0000 - 0x00007ffe6cbe9000 	C:\WINDOWS\System32\GDI32.dll
0x00007ffe6af90000 - 0x00007ffe6b0a8000 	C:\WINDOWS\System32\gdi32full.dll
0x00007ffe4cc20000 - 0x00007ffe4cec5000 	C:\WINDOWS\WinSxS\amd64_microsoft.windows.common-controls_6595b64144ccf1df_6.0.22000.120_none_9d947278b86cc467\COMCTL32.dll
0x00007ffe6b0b0000 - 0x00007ffe6b14d000 	C:\WINDOWS\System32\msvcp_win.dll
0x00007ffe6bb60000 - 0x00007ffe6bc03000 	C:\WINDOWS\System32\msvcrt.dll
0x00007ffe6b560000 - 0x00007ffe6b591000 	C:\WINDOWS\System32\IMM32.DLL
0x00007ffe67590000 - 0x00007ffe6759c000 	C:\Users\magdy\Desktop\eclipse-jee-2022-03-R-win32-x86_64 (2)\eclipse\plugins\org.eclipse.justj.openjdk.hotspot.jre.full.win32.x86_64_17.0.2.v20220201-1208\jre\bin\vcruntime140_1.dll
0x00007ffe37ea0000 - 0x00007ffe37f31000 	C:\Users\magdy\Desktop\eclipse-jee-2022-03-R-win32-x86_64 (2)\eclipse\plugins\org.eclipse.justj.openjdk.hotspot.jre.full.win32.x86_64_17.0.2.v20220201-1208\jre\bin\msvcp140.dll
0x00007ffe308e0000 - 0x00007ffe31527000 	C:\Users\magdy\Desktop\eclipse-jee-2022-03-R-win32-x86_64 (2)\eclipse\plugins\org.eclipse.justj.openjdk.hotspot.jre.full.win32.x86_64_17.0.2.v20220201-1208\jre\bin\server\jvm.dll
0x00007ffe6c950000 - 0x00007ffe6c9fe000 	C:\WINDOWS\System32\ADVAPI32.dll
0x00007ffe6bfe0000 - 0x00007ffe6c07e000 	C:\WINDOWS\System32\sechost.dll
0x00007ffe6c7c0000 - 0x00007ffe6c8e0000 	C:\WINDOWS\System32\RPCRT4.dll
0x00007ffe6c940000 - 0x00007ffe6c948000 	C:\WINDOWS\System32\PSAPI.DLL
0x00007ffe66850000 - 0x00007ffe66859000 	C:\WINDOWS\SYSTEM32\WSOCK32.dll
0x00007ffe6c500000 - 0x00007ffe6c56f000 	C:\WINDOWS\System32\WS2_32.dll
0x00007ffe64840000 - 0x00007ffe64873000 	C:\WINDOWS\SYSTEM32\WINMM.dll
0x00007ffe617c0000 - 0x00007ffe617ca000 	C:\WINDOWS\SYSTEM32\VERSION.dll
0x00007ffe69c60000 - 0x00007ffe69c78000 	C:\WINDOWS\SYSTEM32\kernel.appcore.dll
0x00007ffe660d0000 - 0x00007ffe660da000 	C:\Users\magdy\Desktop\eclipse-jee-2022-03-R-win32-x86_64 (2)\eclipse\plugins\org.eclipse.justj.openjdk.hotspot.jre.full.win32.x86_64_17.0.2.v20220201-1208\jre\bin\jimage.dll
0x00007ffe68850000 - 0x00007ffe68a71000 	C:\WINDOWS\SYSTEM32\DBGHELP.DLL
0x00007ffe413d0000 - 0x00007ffe41401000 	C:\WINDOWS\SYSTEM32\dbgcore.DLL
0x00007ffe6b150000 - 0x00007ffe6b1cf000 	C:\WINDOWS\System32\bcryptPrimitives.dll
0x00007ffe65fe0000 - 0x00007ffe65fee000 	C:\Users\magdy\Desktop\eclipse-jee-2022-03-R-win32-x86_64 (2)\eclipse\plugins\org.eclipse.justj.openjdk.hotspot.jre.full.win32.x86_64_17.0.2.v20220201-1208\jre\bin\instrument.dll
0x00007ffe644d0000 - 0x00007ffe644f5000 	C:\Users\magdy\Desktop\eclipse-jee-2022-03-R-win32-x86_64 (2)\eclipse\plugins\org.eclipse.justj.openjdk.hotspot.jre.full.win32.x86_64_17.0.2.v20220201-1208\jre\bin\java.dll
0x00007ffe595b0000 - 0x00007ffe595c8000 	C:\Users\magdy\Desktop\eclipse-jee-2022-03-R-win32-x86_64 (2)\eclipse\plugins\org.eclipse.justj.openjdk.hotspot.jre.full.win32.x86_64_17.0.2.v20220201-1208\jre\bin\zip.dll
0x00007ffe6cbf0000 - 0x00007ffe6d3a8000 	C:\WINDOWS\System32\SHELL32.dll
0x00007ffe68cd0000 - 0x00007ffe69538000 	C:\WINDOWS\SYSTEM32\windows.storage.dll
0x00007ffe6c100000 - 0x00007ffe6c479000 	C:\WINDOWS\System32\combase.dll
0x00007ffe68a80000 - 0x00007ffe68be6000 	C:\WINDOWS\SYSTEM32\wintypes.dll
0x00007ffe6bdc0000 - 0x00007ffe6beaa000 	C:\WINDOWS\System32\SHCORE.dll
0x00007ffe6b690000 - 0x00007ffe6b6ed000 	C:\WINDOWS\System32\shlwapi.dll
0x00007ffe6aad0000 - 0x00007ffe6aaf1000 	C:\WINDOWS\SYSTEM32\profapi.dll
0x00007ffe59590000 - 0x00007ffe595a9000 	C:\Users\magdy\Desktop\eclipse-jee-2022-03-R-win32-x86_64 (2)\eclipse\plugins\org.eclipse.justj.openjdk.hotspot.jre.full.win32.x86_64_17.0.2.v20220201-1208\jre\bin\net.dll
0x00007ffe643c0000 - 0x00007ffe644cc000 	C:\WINDOWS\SYSTEM32\WINHTTP.dll
0x00007ffe6a080000 - 0x00007ffe6a0e7000 	C:\WINDOWS\system32\mswsock.dll
0x00007ffe59570000 - 0x00007ffe59585000 	C:\Users\magdy\Desktop\eclipse-jee-2022-03-R-win32-x86_64 (2)\eclipse\plugins\org.eclipse.justj.openjdk.hotspot.jre.full.win32.x86_64_17.0.2.v20220201-1208\jre\bin\nio.dll
0x00007ffe65c70000 - 0x00007ffe65c80000 	C:\Users\magdy\Desktop\eclipse-jee-2022-03-R-win32-x86_64 (2)\eclipse\plugins\org.eclipse.justj.openjdk.hotspot.jre.full.win32.x86_64_17.0.2.v20220201-1208\jre\bin\verify.dll
0x00007ffe5f070000 - 0x00007ffe5f087000 	C:\WINDOWS\system32\napinsp.dll
0x00007ffe5f050000 - 0x00007ffe5f06b000 	C:\WINDOWS\system32\pnrpnsp.dll
0x00007ffe697c0000 - 0x00007ffe698a8000 	C:\WINDOWS\SYSTEM32\DNSAPI.dll
0x00007ffe69790000 - 0x00007ffe697bd000 	C:\WINDOWS\SYSTEM32\IPHLPAPI.DLL
0x00007ffe6bfd0000 - 0x00007ffe6bfd9000 	C:\WINDOWS\System32\NSI.dll
0x00007ffe5f030000 - 0x00007ffe5f042000 	C:\WINDOWS\System32\winrnr.dll
0x00007ffe37300000 - 0x00007ffe37315000 	C:\WINDOWS\system32\wshbth.dll
0x00007ffe5f010000 - 0x00007ffe5f02f000 	C:\WINDOWS\system32\nlansp_c.dll
0x00007ffe5eca0000 - 0x00007ffe5ecaa000 	C:\Windows\System32\rasadhlp.dll
0x00007ffe63f80000 - 0x00007ffe64001000 	C:\WINDOWS\System32\fwpuclnt.dll
0x00007ffe64620000 - 0x00007ffe64639000 	C:\WINDOWS\SYSTEM32\dhcpcsvc6.DLL
0x00007ffe64820000 - 0x00007ffe6483e000 	C:\WINDOWS\SYSTEM32\dhcpcsvc.DLL
0x00007ffe660f0000 - 0x00007ffe660f9000 	C:\Users\magdy\Desktop\eclipse-jee-2022-03-R-win32-x86_64 (2)\eclipse\plugins\org.eclipse.justj.openjdk.hotspot.jre.full.win32.x86_64_17.0.2.v20220201-1208\jre\bin\management.dll
0x00007ffe617e0000 - 0x00007ffe617eb000 	C:\Users\magdy\Desktop\eclipse-jee-2022-03-R-win32-x86_64 (2)\eclipse\plugins\org.eclipse.justj.openjdk.hotspot.jre.full.win32.x86_64_17.0.2.v20220201-1208\jre\bin\management_ext.dll
0x00007ffe6a350000 - 0x00007ffe6a368000 	C:\WINDOWS\SYSTEM32\CRYPTSP.dll
0x00007ffe69bc0000 - 0x00007ffe69bf5000 	C:\WINDOWS\system32\rsaenh.dll
0x00007ffe6a120000 - 0x00007ffe6a149000 	C:\WINDOWS\SYSTEM32\USERENV.dll
0x00007ffe6a490000 - 0x00007ffe6a4b7000 	C:\WINDOWS\SYSTEM32\bcrypt.dll
0x00007ffe6a270000 - 0x00007ffe6a27c000 	C:\WINDOWS\SYSTEM32\CRYPTBASE.dll
0x00007ffe66100000 - 0x00007ffe6610e000 	C:\Users\magdy\Desktop\eclipse-jee-2022-03-R-win32-x86_64 (2)\eclipse\plugins\org.eclipse.justj.openjdk.hotspot.jre.full.win32.x86_64_17.0.2.v20220201-1208\jre\bin\sunmscapi.dll
0x00007ffe6ae20000 - 0x00007ffe6af82000 	C:\WINDOWS\System32\CRYPT32.dll
0x00007ffe6a460000 - 0x00007ffe6a488000 	C:\WINDOWS\SYSTEM32\ncrypt.dll
0x00007ffe6a420000 - 0x00007ffe6a457000 	C:\WINDOWS\SYSTEM32\NTASN1.dll
0x00007ffddfa60000 - 0x00007ffddfa68000 	C:\WINDOWS\system32\wshunix.dll
0x00007ffe30560000 - 0x00007ffe306ee000 	C:\Users\magdy\Desktop\eclipse-jee-2022-03-R-win32-x86_64 (2)\eclipse\plugins\org.eclipse.justj.openjdk.hotspot.jre.full.win32.x86_64_17.0.2.v20220201-1208\jre\bin\awt.dll
0x00007ffe6c630000 - 0x00007ffe6c706000 	C:\WINDOWS\System32\OLEAUT32.dll
0x00007ffe676a0000 - 0x00007ffe67731000 	C:\WINDOWS\SYSTEM32\apphelp.dll
0x00007ffe591d0000 - 0x00007ffe59211000 	C:\Users\magdy\Desktop\eclipse-jee-2022-03-R-win32-x86_64 (2)\eclipse\plugins\org.eclipse.justj.openjdk.hotspot.jre.full.win32.x86_64_17.0.2.v20220201-1208\jre\bin\lcms.dll
0x00007ffe64d20000 - 0x00007ffe64d43000 	C:\Users\magdy\AppData\Local\Temp\Dynamsoft\BarcodeReader\9.0\64\vcomp110.dll
0x00007ffdde600000 - 0x00007ffddf3e5000 	C:\Users\magdy\AppData\Local\Temp\Dynamsoft\BarcodeReader\9.0\64\DynamsoftBarcodeReaderx64.dll
0x00007ffe6d4c0000 - 0x00007ffe6d65a000 	C:\WINDOWS\System32\ole32.dll
0x00007ffe59290000 - 0x00007ffe592c1000 	C:\Users\magdy\AppData\Local\Temp\Dynamsoft\BarcodeReader\9.0\64\DynamsoftBarcodeJNI.dll
0x00007ffe67760000 - 0x00007ffe6780c000 	C:\WINDOWS\system32\uxtheme.dll
0x00007ffde8a80000 - 0x00007ffde8eb9000 	C:\Users\magdy\AppData\Local\Temp\Dynamsoft\BarcodeReader\9.0\64\DynamicPdfx64.dll
0x00007ffe50bb0000 - 0x00007ffe50d63000 	C:\WINDOWS\WinSxS\amd64_microsoft.windows.gdiplus_6595b64144ccf1df_1.1.22000.675_none_ce846f9a12fab040\GDIPLUS.DLL
0x00007ffe6beb0000 - 0x00007ffe6bfce000 	C:\WINDOWS\System32\MSCTF.dll

dbghelp: loaded successfully - version: 4.0.5 - missing functions: none
symbol engine: initialized successfully - sym options: 0x614 - pdb path: .;C:\Users\magdy\Desktop\eclipse-jee-2022-03-R-win32-x86_64 (2)\eclipse\plugins\org.eclipse.justj.openjdk.hotspot.jre.full.win32.x86_64_17.0.2.v20220201-1208\jre\bin;C:\WINDOWS\SYSTEM32;C:\WINDOWS\WinSxS\amd64_microsoft.windows.common-controls_6595b64144ccf1df_6.0.22000.120_none_9d947278b86cc467;C:\Users\magdy\Desktop\eclipse-jee-2022-03-R-win32-x86_64 (2)\eclipse\plugins\org.eclipse.justj.openjdk.hotspot.jre.full.win32.x86_64_17.0.2.v20220201-1208\jre\bin\server;C:\Users\magdy\AppData\Local\Temp\Dynamsoft\BarcodeReader\9.0\64;C:\WINDOWS\WinSxS\amd64_microsoft.windows.gdiplus_6595b64144ccf1df_1.1.22000.675_none_ce846f9a12fab040

VM Arguments:
jvm_args: -javaagent:C:\Users\magdy\Desktop\eclipse-jee-2022-03-R-win32-x86_64 (2)\eclipse\configuration\org.eclipse.osgi\915\0\.cp\jacocoagent.jar=includes=*,excludes=,exclclassloader=sun.reflect.DelegatingClassLoader,output=tcpclient,port=3312 -Dfile.encoding=UTF-8 -XX:+ShowCodeDetailsInExceptionMessages 
java_command: com.Natrec.DocHandler.DocHandlerApplication
java_class_path (initial): C:\Users\magdy\Desktop\DocHandler\DocHandler\target\classes;C:\Users\magdy\.m2\repository\org\springframework\boot\spring-boot-starter-data-jpa\2.7.2\spring-boot-starter-data-jpa-2.7.2.jar;C:\Users\magdy\.m2\repository\org\springframework\boot\spring-boot-starter-aop\2.7.2\spring-boot-starter-aop-2.7.2.jar;C:\Users\magdy\.m2\repository\org\springframework\spring-aop\5.3.22\spring-aop-5.3.22.jar;C:\Users\magdy\.m2\repository\org\aspectj\aspectjweaver\1.9.7\aspectjweaver-1.9.7.jar;C:\Users\magdy\.m2\repository\org\springframework\boot\spring-boot-starter-jdbc\2.7.2\spring-boot-starter-jdbc-2.7.2.jar;C:\Users\magdy\.m2\repository\com\zaxxer\HikariCP\4.0.3\HikariCP-4.0.3.jar;C:\Users\magdy\.m2\repository\org\springframework\spring-jdbc\5.3.22\spring-jdbc-5.3.22.jar;C:\Users\magdy\.m2\repository\jakarta\transaction\jakarta.transaction-api\1.3.3\jakarta.transaction-api-1.3.3.jar;C:\Users\magdy\.m2\repository\jakarta\persistence\jakarta.persistence-api\2.2.3\jakarta.persistence-api-2.2.3.jar;C:\Users\magdy\.m2\repository\org\hibernate\hibernate-core\5.6.10.Final\hibernate-core-5.6.10.Final.jar;C:\Users\magdy\.m2\repository\org\jboss\logging\jboss-logging\3.4.3.Final\jboss-logging-3.4.3.Final.jar;C:\Users\magdy\.m2\repository\net\bytebuddy\byte-buddy\1.12.12\byte-buddy-1.12.12.jar;C:\Users\magdy\.m2\repository\antlr\antlr\2.7.7\antlr-2.7.7.jar;C:\Users\magdy\.m2\repository\org\jboss\jandex\2.4.2.Final\jandex-2.4.2.Final.jar;C:\Users\magdy\.m2\repository\com\fasterxml\classmate\1.5.1\classmate-1.5.1.jar;C:\Users\magdy\.m2\repository\org\hibernate\common\hibernate-commons-annotations\5.1.2.Final\hibernate-commons-annotations-5.1.2.Final.jar;C:\Users\magdy\.m2\repository\org\glassfish\jaxb\jaxb-runtime\2.3.6\jaxb-runtime-2.3.6.jar;C:\Users\magdy\.m2\repository\org\glassfish\jaxb\txw2\2.3.6\txw2-2.3.6.jar;C:\Users\magdy\.m2\repository\com\sun\istack\istack-commons-runtime\3.0.12\istack-commons-runtime-3.0.12.jar;C:\Users\magdy\.m2\repository\com\sun
Launcher Type: SUN_STANDARD

[Global flags]
     intx CICompilerCount                          = 4                                         {product} {ergonomic}
     uint ConcGCThreads                            = 3                                         {product} {ergonomic}
     uint G1ConcRefinementThreads                  = 10                                        {product} {ergonomic}
   size_t G1HeapRegionSize                         = 1048576                                   {product} {ergonomic}
    uintx GCDrainStackTargetSize                   = 64                                        {product} {ergonomic}
   size_t InitialHeapSize                          = 132120576                                 {product} {ergonomic}
   size_t MarkStackSize                            = 4194304                                   {product} {ergonomic}
   size_t MaxHeapSize                              = 2111832064                                {product} {ergonomic}
   size_t MaxNewSize                               = 1266679808                                {product} {ergonomic}
   size_t MinHeapDeltaBytes                        = 1048576                                   {product} {ergonomic}
   size_t MinHeapSize                              = 8388608                                   {product} {ergonomic}
    uintx NonNMethodCodeHeapSize                   = 5839372                                {pd product} {ergonomic}
    uintx NonProfiledCodeHeapSize                  = 122909434                              {pd product} {ergonomic}
    uintx ProfiledCodeHeapSize                     = 122909434                              {pd product} {ergonomic}
    uintx ReservedCodeCacheSize                    = 251658240                              {pd product} {ergonomic}
     bool SegmentedCodeCache                       = true                                      {product} {ergonomic}
     bool ShowCodeDetailsInExceptionMessages       = true                                   {manageable} {command line}
   size_t SoftMaxHeapSize                          = 2111832064                             {manageable} {ergonomic}
     bool UseCompressedClassPointers               = true                           {product lp64_product} {ergonomic}
     bool UseCompressedOops                        = true                           {product lp64_product} {ergonomic}
     bool UseG1GC                                  = true                                      {product} {ergonomic}
     bool UseLargePagesIndividualAllocation        = false                                  {pd product} {ergonomic}

Logging:
Log output configuration:
 #0: stdout all=warning uptime,level,tags
 #1: stderr all=off uptime,level,tags

Environment Variables:
JAVA_HOME=C:\Program Files\Java\jdk1.8.0_202
PATH=C:/Users/magdy/Desktop/eclipse-jee-2022-03-R-win32-x86_64 (2)/eclipse//plugins/org.eclipse.justj.openjdk.hotspot.jre.full.win32.x86_64_17.0.2.v20220201-1208/jre/bin/server;C:/Users/magdy/Desktop/eclipse-jee-2022-03-R-win32-x86_64 (2)/eclipse//plugins/org.eclipse.justj.openjdk.hotspot.jre.full.win32.x86_64_17.0.2.v20220201-1208/jre/bin;C:\Program Files\Common Files\Oracle\Java\javapath;C:\Program Files (x86)\Common Files\Oracle\Java\javapath;C:\Windows\system32;C:\Windows;C:\Windows\System32\Wbem;C:\Windows\System32\WindowsPowerShell\v1.0\;C:\Windows\System32\OpenSSH\;C:\Program Files\NVIDIA Corporation\NVIDIA NvDLISR;C:\Program Files\Java\jdk1.8.0_202\bin;C:\Program Files\Java\jdk-17.0.2\bin;C:\Program Files (x86)\NVIDIA Corporation\PhysX\Common;C:\apache-maven-3.8.4\bin;C:\Program Files\MongoDB\Server\5.0\bin;C:\Program Files\dotnet\;C:\Program Files\Docker\Docker\resources\bin;C:\ProgramData\DockerDesktop\version-bin;C:\WINDOWS\system32;C:\WINDOWS;C:\WINDOWS\System32\Wbem;C:\WINDOWS\System32\WindowsPowerShell\v1.0\;C:\WINDOWS\System32\OpenSSH\;C:\Program Files\Git\cmd;C:\Users\magdy\AppData\Local\Microsoft\WindowsApps;;C:\Users\magdy\AppData\Local\Programs\Microsoft VS Code\bin;C:\Users\magdy\Desktop\eclipse-jee-2022-03-R-win32-x86_64 (2)\eclipse;
USERNAME=magdy
OS=Windows_NT
PROCESSOR_IDENTIFIER=Intel64 Family 6 Model 158 Stepping 10, GenuineIntel



---------------  S Y S T E M  ---------------

OS:
 Windows 11 , 64 bit Build 22000 (10.0.22000.708)
OS uptime: 0 days 3:59 hours
Hyper-V role detected

CPU: total 12 (initial active 12) (6 cores per cpu, 2 threads per core) family 6 model 158 stepping 10 microcode 0xf0, cx8, cmov, fxsr, ht, mmx, 3dnowpref, sse, sse2, sse3, ssse3, sse4.1, sse4.2, popcnt, lzcnt, tsc, tscinvbit, avx, avx2, aes, erms, clmul, bmi1, bmi2, adx, fma, vzeroupper, clflush, clflushopt, hv

Memory: 4k page, system-wide physical 8050M (1473M free)
TotalPageFile size 16242M (AvailPageFile size 3591M)
current process WorkingSet (physical memory assigned to process): 327M, peak: 413M
current process commit charge ("private bytes"): 378M, peak: 467M

vm_info: OpenJDK 64-Bit Server VM (17.0.2+8) for windows-amd64 JRE (17.0.2+8), built on Jan 20 2022 04:52:34 by "" with MS VC++ 16.7 (VS2019)

END.
