#
# A fatal error has been detected by the Java Runtime Environment:
#
#  EXCEPTION_ACCESS_VIOLATION (0xc0000005) at pc=0x00007ffdde602630, pid=6848, tid=15164
#
# JRE version: OpenJDK Runtime Environment Temurin-17.0.2+8 (17.0.2+8) (build 17.0.2+8)
# Java VM: OpenJDK 64-Bit Server VM Temurin-17.0.2+8 (17.0.2+8, mixed mode, tiered, compressed oops, compressed class ptrs, g1 gc, windows-amd64)
# Problematic frame:
# C  [DynamsoftBarcodeReaderx64.dll+0x2630]
#
# No core dump will be written. Minidumps are not enabled by default on client versions of Windows
#
# If you would like to submit a bug report, please visit:
#   https://github.com/adoptium/adoptium-support/issues
# The crash happened outside the Java Virtual Machine in native code.
# See problematic frame for where to report the bug.
#

---------------  S U M M A R Y ------------

Command Line: -Dfile.encoding=UTF-8 -XX:+ShowCodeDetailsInExceptionMessages com.Natrec.DocHandler.DocHandlerApplication

Host: Intel(R) Core(TM) i7-8750H CPU @ 2.20GHz, 12 cores, 7G,  Windows 11 , 64 bit Build 22000 (10.0.22000.708)
Time: Wed Aug 31 23:29:16 2022 Egypt Standard Time elapsed time: 43.206419 seconds (0d 0h 0m 43s)

---------------  T H R E A D  ---------------

Current thread (0x000001f12628e0a0):  JavaThread "http-nio-8080-exec-2" daemon [_thread_in_native, id=15164, stack(0x0000004225400000,0x0000004225500000)]

Stack: [0x0000004225400000,0x0000004225500000],  sp=0x00000042254fcd18,  free space=1011k
Native frames: (J=compiled Java code, j=interpreted, Vv=VM code, C=native code)
C  [DynamsoftBarcodeReaderx64.dll+0x2630]

Java frames: (J=compiled Java code, j=interpreted, Vv=VM code)
j  com.dynamsoft.dbr.BarcodeReader.nativeDecodeFileInMemory(J[BLjava/lang/String;)Ljava/lang/Object;+0
j  com.dynamsoft.dbr.BarcodeReader.decodeImage([BLjava/lang/String;)[Lcom/dynamsoft/dbr/TextResult;+7
j  com.dynamsoft.dbr.BarcodeReader.decodeFileInMemory([BLjava/lang/String;)[Lcom/dynamsoft/dbr/TextResult;+3
j  com.Natrec.DocHandler.Controller.DocHandlerController.Read_QR_split_doc(JLorg/springframework/web/multipart/MultipartFile;)V+261
j  com.Natrec.DocHandler.Controller.DocHandlerController.saveDoc(Lorg/springframework/web/multipart/MultipartFile;)V+137
v  ~StubRoutines::call_stub
J 2403  jdk.internal.reflect.NativeMethodAccessorImpl.invoke0(Ljava/lang/reflect/Method;Ljava/lang/Object;[Ljava/lang/Object;)Ljava/lang/Object; java.base@17.0.2 (0 bytes) @ 0x000001f11283d49f [0x000001f11283d420+0x000000000000007f]
J 2402 c1 jdk.internal.reflect.NativeMethodAccessorImpl.invoke(Ljava/lang/Object;[Ljava/lang/Object;)Ljava/lang/Object; java.base@17.0.2 (137 bytes) @ 0x000001f10b6a7eec [0x000001f10b6a7560+0x000000000000098c]
J 2077 c1 jdk.internal.reflect.DelegatingMethodAccessorImpl.invoke(Ljava/lang/Object;[Ljava/lang/Object;)Ljava/lang/Object; java.base@17.0.2 (10 bytes) @ 0x000001f10b5d9abc [0x000001f10b5d99c0+0x00000000000000fc]
J 2140 c1 java.lang.reflect.Method.invoke(Ljava/lang/Object;[Ljava/lang/Object;)Ljava/lang/Object; java.base@17.0.2 (65 bytes) @ 0x000001f10b5fbcac [0x000001f10b5fb980+0x000000000000032c]
j  org.springframework.web.method.support.InvocableHandlerMethod.doInvoke([Ljava/lang/Object;)Ljava/lang/Object;+28
j  org.springframework.web.method.support.InvocableHandlerMethod.invokeForRequest(Lorg/springframework/web/context/request/NativeWebRequest;Lorg/springframework/web/method/support/ModelAndViewContainer;[Ljava/lang/Object;)Ljava/lang/Object;+54
j  org.springframework.web.servlet.mvc.method.annotation.ServletInvocableHandlerMethod.invokeAndHandle(Lorg/springframework/web/context/request/ServletWebRequest;Lorg/springframework/web/method/support/ModelAndViewContainer;[Ljava/lang/Object;)V+4
j  org.springframework.web.servlet.mvc.method.annotation.RequestMappingHandlerAdapter.invokeHandlerMethod(Ljavax/servlet/http/HttpServletRequest;Ljavax/servlet/http/HttpServletResponse;Lorg/springframework/web/method/HandlerMethod;)Lorg/springframework/web/servlet/ModelAndView;+244
j  org.springframework.web.servlet.mvc.method.annotation.RequestMappingHandlerAdapter.handleInternal(Ljavax/servlet/http/HttpServletRequest;Ljavax/servlet/http/HttpServletResponse;Lorg/springframework/web/method/HandlerMethod;)Lorg/springframework/web/servlet/ModelAndView;+81
j  org.springframework.web.servlet.mvc.method.AbstractHandlerMethodAdapter.handle(Ljavax/servlet/http/HttpServletRequest;Ljavax/servlet/http/HttpServletResponse;Ljava/lang/Object;)Lorg/springframework/web/servlet/ModelAndView;+7
j  org.springframework.web.servlet.DispatcherServlet.doDispatch(Ljavax/servlet/http/HttpServletRequest;Ljavax/servlet/http/HttpServletResponse;)V+259
j  org.springframework.web.servlet.DispatcherServlet.doService(Ljavax/servlet/http/HttpServletRequest;Ljavax/servlet/http/HttpServletResponse;)V+241
j  org.springframework.web.servlet.FrameworkServlet.processRequest(Ljavax/servlet/http/HttpServletRequest;Ljavax/servlet/http/HttpServletResponse;)V+71
j  org.springframework.web.servlet.FrameworkServlet.doPost(Ljavax/servlet/http/HttpServletRequest;Ljavax/servlet/http/HttpServletResponse;)V+3
j  javax.servlet.http.HttpServlet.service(Ljavax/servlet/http/HttpServletRequest;Ljavax/servlet/http/HttpServletResponse;)V+149
j  org.springframework.web.servlet.FrameworkServlet.service(Ljavax/servlet/http/HttpServletRequest;Ljavax/servlet/http/HttpServletResponse;)V+33
j  javax.servlet.http.HttpServlet.service(Ljavax/servlet/ServletRequest;Ljavax/servlet/ServletResponse;)V+36
j  org.apache.catalina.core.ApplicationFilterChain.internalDoFilter(Ljavax/servlet/ServletRequest;Ljavax/servlet/ServletResponse;)V+304
j  org.apache.catalina.core.ApplicationFilterChain.doFilter(Ljavax/servlet/ServletRequest;Ljavax/servlet/ServletResponse;)V+99
j  org.apache.tomcat.websocket.server.WsFilter.doFilter(Ljavax/servlet/ServletRequest;Ljavax/servlet/ServletResponse;Ljavax/servlet/FilterChain;)V+21
j  org.apache.catalina.core.ApplicationFilterChain.internalDoFilter(Ljavax/servlet/ServletRequest;Ljavax/servlet/ServletResponse;)V+135
j  org.apache.catalina.core.ApplicationFilterChain.doFilter(Ljavax/servlet/ServletRequest;Ljavax/servlet/ServletResponse;)V+99
j  org.springframework.web.filter.RequestContextFilter.doFilterInternal(Ljavax/servlet/http/HttpServletRequest;Ljavax/servlet/http/HttpServletResponse;Ljavax/servlet/FilterChain;)V+21
j  org.springframework.web.filter.OncePerRequestFilter.doFilter(Ljavax/servlet/ServletRequest;Ljavax/servlet/ServletResponse;Ljavax/servlet/FilterChain;)V+147
j  org.apache.catalina.core.ApplicationFilterChain.internalDoFilter(Ljavax/servlet/ServletRequest;Ljavax/servlet/ServletResponse;)V+135
j  org.apache.catalina.core.ApplicationFilterChain.doFilter(Ljavax/servlet/ServletRequest;Ljavax/servlet/ServletResponse;)V+99
j  org.springframework.web.filter.FormContentFilter.doFilterInternal(Ljavax/servlet/http/HttpServletRequest;Ljavax/servlet/http/HttpServletResponse;Ljavax/servlet/FilterChain;)V+38
j  org.springframework.web.filter.OncePerRequestFilter.doFilter(Ljavax/servlet/ServletRequest;Ljavax/servlet/ServletResponse;Ljavax/servlet/FilterChain;)V+147
j  org.apache.catalina.core.ApplicationFilterChain.internalDoFilter(Ljavax/servlet/ServletRequest;Ljavax/servlet/ServletResponse;)V+135
j  org.apache.catalina.core.ApplicationFilterChain.doFilter(Ljavax/servlet/ServletRequest;Ljavax/servlet/ServletResponse;)V+99
j  org.springframework.web.filter.CharacterEncodingFilter.doFilterInternal(Ljavax/servlet/http/HttpServletRequest;Ljavax/servlet/http/HttpServletResponse;Ljavax/servlet/FilterChain;)V+53
j  org.springframework.web.filter.OncePerRequestFilter.doFilter(Ljavax/servlet/ServletRequest;Ljavax/servlet/ServletResponse;Ljavax/servlet/FilterChain;)V+147
j  org.apache.catalina.core.ApplicationFilterChain.internalDoFilter(Ljavax/servlet/ServletRequest;Ljavax/servlet/ServletResponse;)V+135
j  org.apache.catalina.core.ApplicationFilterChain.doFilter(Ljavax/servlet/ServletRequest;Ljavax/servlet/ServletResponse;)V+99
j  org.apache.catalina.core.StandardWrapperValve.invoke(Lorg/apache/catalina/connector/Request;Lorg/apache/catalina/connector/Response;)V+694
j  org.apache.catalina.core.StandardContextValve.invoke(Lorg/apache/catalina/connector/Request;Lorg/apache/catalina/connector/Response;)V+169
j  org.apache.catalina.authenticator.AuthenticatorBase.invoke(Lorg/apache/catalina/connector/Request;Lorg/apache/catalina/connector/Response;)V+260
j  org.apache.catalina.core.StandardHostValve.invoke(Lorg/apache/catalina/connector/Request;Lorg/apache/catalina/connector/Response;)V+128
j  org.apache.catalina.valves.ErrorReportValve.invoke(Lorg/apache/catalina/connector/Request;Lorg/apache/catalina/connector/Response;)V+6
j  org.apache.catalina.core.StandardEngineValve.invoke(Lorg/apache/catalina/connector/Request;Lorg/apache/catalina/connector/Response;)V+59
j  org.apache.catalina.connector.CoyoteAdapter.service(Lorg/apache/coyote/Request;Lorg/apache/coyote/Response;)V+203
j  org.apache.coyote.http11.Http11Processor.service(Lorg/apache/tomcat/util/net/SocketWrapperBase;)Lorg/apache/tomcat/util/net/AbstractEndpoint$Handler$SocketState;+796
j  org.apache.coyote.AbstractProcessorLight.process(Lorg/apache/tomcat/util/net/SocketWrapperBase;Lorg/apache/tomcat/util/net/SocketEvent;)Lorg/apache/tomcat/util/net/AbstractEndpoint$Handler$SocketState;+170
j  org.apache.coyote.AbstractProtocol$ConnectionHandler.process(Lorg/apache/tomcat/util/net/SocketWrapperBase;Lorg/apache/tomcat/util/net/SocketEvent;)Lorg/apache/tomcat/util/net/AbstractEndpoint$Handler$SocketState;+489
j  org.apache.tomcat.util.net.NioEndpoint$SocketProcessor.doRun()V+249
j  org.apache.tomcat.util.net.SocketProcessorBase.run()V+21
j  org.apache.tomcat.util.threads.ThreadPoolExecutor.runWorker(Lorg/apache/tomcat/util/threads/ThreadPoolExecutor$Worker;)V+92
j  org.apache.tomcat.util.threads.ThreadPoolExecutor$Worker.run()V+5
j  org.apache.tomcat.util.threads.TaskThread$WrappingRunnable.run()V+4
j  java.lang.Thread.run()V+11 java.base@17.0.2
v  ~StubRoutines::call_stub

siginfo: EXCEPTION_ACCESS_VIOLATION (0xc0000005), reading address 0x0000000000000000


Register to memory mapping:

RIP=0x00007ffdde602630 DynamsoftBarcodeReaderx64.dll
RAX=0x000001f1272ad2a0 points into unknown readable memory: 0x0000000800000300 | 00 03 00 00 08 00 00 00
RBX=0x000001f1272ad2a0 points into unknown readable memory: 0x0000000800000300 | 00 03 00 00 08 00 00 00
RCX=0x0 is NULL
RDX=0x000001f126451010 points into unknown readable memory: 0x352e312d46445025 | 25 50 44 46 2d 31 2e 35
RSP=0x00000042254fcd18 is pointing into the stack for thread: 0x000001f12628e0a0
RBP=0x00000042254fce00 is pointing into the stack for thread: 0x000001f12628e0a0
RSI=0x00000042254fce20 is pointing into the stack for thread: 0x000001f12628e0a0
RDI=0x000001f12628e348 points into unknown readable memory: 0x00007ffe313e07d0 | d0 07 3e 31 fe 7f 00 00
R8 =0x000000000004b5b3 is an unknown value
R9 =0x000001f1272ad2a0 points into unknown readable memory: 0x0000000800000300 | 00 03 00 00 08 00 00 00
R10=0x000001f1272ad2a0 points into unknown readable memory: 0x0000000800000300 | 00 03 00 00 08 00 00 00
R11=0x000001f1272ad2a0 points into unknown readable memory: 0x0000000800000300 | 00 03 00 00 08 00 00 00
R12=0x000000000004b5b3 is an unknown value
R13=0x000001f126451010 points into unknown readable memory: 0x352e312d46445025 | 25 50 44 46 2d 31 2e 35
R14=0x00000042254fce28 is pointing into the stack for thread: 0x000001f12628e0a0
R15=0x0 is NULL


Registers:
RAX=0x000001f1272ad2a0, RBX=0x000001f1272ad2a0, RCX=0x0000000000000000, RDX=0x000001f126451010
RSP=0x00000042254fcd18, RBP=0x00000042254fce00, RSI=0x00000042254fce20, RDI=0x000001f12628e348
R8 =0x000000000004b5b3, R9 =0x000001f1272ad2a0, R10=0x000001f1272ad2a0, R11=0x000001f1272ad2a0
R12=0x000000000004b5b3, R13=0x000001f126451010, R14=0x00000042254fce28, R15=0x0000000000000000
RIP=0x00007ffdde602630, EFLAGS=0x0000000000010206

Top of Stack: (sp=0x00000042254fcd18)
0x00000042254fcd18:   00007ffe525087dd 00000042254fce00
0x00000042254fcd28:   00000042254fce28 0000000000000000
0x00000042254fcd38:   0000000000000000 fffffffffffffffe
0x00000042254fcd48:   000001f10ac794ec 000001f12628e0a0
0x00000042254fcd58:   00000042254fce40 000001f12ea7e078
0x00000042254fcd68:   000001f10ac7d601 000001f12ea7e078
0x00000042254fcd78:   000000008be00000 0000000000000001
0x00000042254fcd88:   0000000000000000 00000042254fce20
0x00000042254fcd98:   0000000000000c00 0000000000000000
0x00000042254fcda8:   0000000000000000 0000000000000000
0x00000042254fcdb8:   00000042254fcdb8 0000000000000000
0x00000042254fcdc8:   00000042254fce40 000001f12ea80be8
0x00000042254fcdd8:   0000000000000000 0000000087302a00
0x00000042254fcde8:   000001f12ea7e078 0000000000000000
0x00000042254fcdf8:   00000042254fce20 00000042254fce90
0x00000042254fce08:   000001f10ac79645 0000000000000000 

Instructions: (pc=0x00007ffdde602630)
0x00007ffdde602530:   0a b8 bf d8 ff ff 48 83 c4 58 c3 4c 8d 0d f6 93
0x00007ffdde602540:   9b 00 c6 44 24 40 01 4c 89 4c 24 38 e8 1f 9d 00
0x00007ffdde602550:   00 48 83 c4 58 c3 cc cc cc cc cc cc cc cc cc cc
0x00007ffdde602560:   48 83 ec 58 48 8b 09 48 83 b9 48 0b 00 00 00 74
0x00007ffdde602570:   0a b8 bf d8 ff ff 48 83 c4 58 c3 48 8d 05 b6 93
0x00007ffdde602580:   9b 00 4d 8b c8 4c 8b c2 48 8b d0 c6 44 24 40 00
0x00007ffdde602590:   48 89 44 24 38 e8 d6 9c 00 00 48 83 c4 58 c3 cc
0x00007ffdde6025a0:   48 8b 09 e9 58 a2 00 00 cc cc cc cc cc cc cc cc
0x00007ffdde6025b0:   48 8b 09 e9 48 a1 00 00 cc cc cc cc cc cc cc cc
0x00007ffdde6025c0:   48 85 d2 74 21 53 48 83 ec 20 48 8b 0a 48 8b da
0x00007ffdde6025d0:   48 85 c9 74 0c e8 e6 b1 4f 00 48 c7 03 00 00 00
0x00007ffdde6025e0:   00 48 83 c4 20 5b f3 c3 cc cc cc cc cc cc cc cc
0x00007ffdde6025f0:   48 8b 09 48 83 b9 48 0b 00 00 00 74 06 b8 bf d8
0x00007ffdde602600:   ff ff c3 e9 e8 e0 00 00 cc cc cc cc cc cc cc cc
0x00007ffdde602610:   48 8b 09 48 83 b9 48 0b 00 00 00 74 06 b8 bf d8
0x00007ffdde602620:   ff ff c3 e9 e8 dc 00 00 cc cc cc cc cc cc cc cc
0x00007ffdde602630:   48 8b 09 48 83 b9 48 0b 00 00 00 74 06 b8 bf d8
0x00007ffdde602640:   ff ff c3 e9 d8 e7 00 00 cc cc cc cc cc cc cc cc
0x00007ffdde602650:   48 8b 09 48 83 b9 48 0b 00 00 00 74 06 b8 bf d8
0x00007ffdde602660:   ff ff c3 e9 18 eb 00 00 cc cc cc cc cc cc cc cc
0x00007ffdde602670:   48 8b 09 48 83 b9 48 0b 00 00 00 74 06 b8 bf d8
0x00007ffdde602680:   ff ff c3 e9 c8 e3 00 00 cc cc cc cc cc cc cc cc
0x00007ffdde602690:   48 8b 09 48 83 b9 48 0b 00 00 00 74 06 b8 bf d8
0x00007ffdde6026a0:   ff ff c3 e9 18 ef 00 00 cc cc cc cc cc cc cc cc
0x00007ffdde6026b0:   48 8b 09 e9 18 b5 00 00 cc cc cc cc cc cc cc cc
0x00007ffdde6026c0:   48 8b 09 e9 08 a2 00 00 cc cc cc cc cc cc cc cc
0x00007ffdde6026d0:   48 8b 09 e9 48 bb 00 00 cc cc cc cc cc cc cc cc
0x00007ffdde6026e0:   48 8b 09 e9 58 c0 00 00 cc cc cc cc cc cc cc cc
0x00007ffdde6026f0:   48 8b 11 48 8b 42 48 48 2b 42 40 48 c1 f8 03 c3
0x00007ffdde602700:   48 8b 09 e9 28 ca 00 00 cc cc cc cc cc cc cc cc
0x00007ffdde602710:   48 8b 09 e9 98 25 01 00 cc cc cc cc cc cc cc cc
0x00007ffdde602720:   48 8b 09 e9 78 3e 01 00 cc cc cc cc cc cc cc cc 


Stack slot to memory mapping:
stack at sp + 0 slots: 0x00007ffe525087dd DynamsoftBarcodeJNI.dll
stack at sp + 1 slots: 0x00000042254fce00 is pointing into the stack for thread: 0x000001f12628e0a0
stack at sp + 2 slots: 0x00000042254fce28 is pointing into the stack for thread: 0x000001f12628e0a0
stack at sp + 3 slots: 0x0 is NULL
stack at sp + 4 slots: 0x0 is NULL
stack at sp + 5 slots: 0xfffffffffffffffe is an unknown value
stack at sp + 6 slots: 0x000001f10ac794ec is at code_begin+1100 in an Interpreter codelet
return entry points  [0x000001f10ac790a0, 0x000001f10ac79b80]  2784 bytes
stack at sp + 7 slots: 0x000001f12628e0a0 is a thread


---------------  P R O C E S S  ---------------

Threads class SMR info:
_java_thread_list=0x000001f124799dd0, length=34, elements={
0x000001f1218dad60, 0x000001f1218dbeb0, 0x000001f121927040, 0x000001f121927900,
0x000001f122402c20, 0x000001f122403c80, 0x000001f122408510, 0x000001f122409750,
0x000001f12240d100, 0x000001f12259a2f0, 0x000001f122597c70, 0x000001f122599480,
0x000001f12259ac90, 0x000001f1225972d0, 0x000001f122598ae0, 0x000001f122598610,
0x000001f122598fb0, 0x000001f122599e20, 0x000001f12628f8b0, 0x000001f12628c3c0,
0x000001f12628c890, 0x000001f12628e0a0, 0x000001f126289d40, 0x000001f126288ed0,
0x000001f1262893a0, 0x000001f12628cd60, 0x000001f12628a210, 0x000001f12628a6e0,
0x000001f126288060, 0x000001f12628d230, 0x000001f12628ea40, 0x000001f12628dbd0,
0x000001f126288530, 0x000001f12628b080
}

Java Threads: ( => current thread )
  0x000001f1218dad60 JavaThread "Reference Handler" daemon [_thread_blocked, id=20248, stack(0x0000004222e00000,0x0000004222f00000)]
  0x000001f1218dbeb0 JavaThread "Finalizer" daemon [_thread_blocked, id=8936, stack(0x0000004222f00000,0x0000004223000000)]
  0x000001f121927040 JavaThread "Signal Dispatcher" daemon [_thread_blocked, id=15064, stack(0x0000004223000000,0x0000004223100000)]
  0x000001f121927900 JavaThread "Attach Listener" daemon [_thread_blocked, id=6620, stack(0x0000004223100000,0x0000004223200000)]
  0x000001f122402c20 JavaThread "Service Thread" daemon [_thread_blocked, id=17864, stack(0x0000004223200000,0x0000004223300000)]
  0x000001f122403c80 JavaThread "Monitor Deflation Thread" daemon [_thread_blocked, id=552, stack(0x0000004223300000,0x0000004223400000)]
  0x000001f122408510 JavaThread "C2 CompilerThread0" daemon [_thread_blocked, id=2496, stack(0x0000004223400000,0x0000004223500000)]
  0x000001f122409750 JavaThread "C1 CompilerThread0" daemon [_thread_blocked, id=17680, stack(0x0000004223500000,0x0000004223600000)]
  0x000001f12240d100 JavaThread "Sweeper thread" daemon [_thread_blocked, id=19396, stack(0x0000004223600000,0x0000004223700000)]
  0x000001f12259a2f0 JavaThread "Notification Thread" daemon [_thread_blocked, id=15916, stack(0x0000004223700000,0x0000004223800000)]
  0x000001f122597c70 JavaThread "Common-Cleaner" daemon [_thread_blocked, id=15048, stack(0x0000004223900000,0x0000004223a00000)]
  0x000001f122599480 JavaThread "Catalina-utility-1" [_thread_blocked, id=2652, stack(0x0000004224900000,0x0000004224a00000)]
  0x000001f12259ac90 JavaThread "Catalina-utility-2" [_thread_blocked, id=9976, stack(0x0000004224a00000,0x0000004224b00000)]
  0x000001f1225972d0 JavaThread "container-0" [_thread_blocked, id=3056, stack(0x0000004224b00000,0x0000004224c00000)]
  0x000001f122598ae0 JavaThread "oracle.jdbc.driver.BlockSource.ThreadedCachingBlockSource.BlockReleaser" daemon [_thread_blocked, id=20160, stack(0x0000004224c00000,0x0000004224d00000)]
  0x000001f122598610 JavaThread "InterruptTimer" daemon [_thread_blocked, id=19016, stack(0x0000004224d00000,0x0000004224e00000)]
  0x000001f122598fb0 JavaThread "OJDBC-WORKER-THREAD-1" daemon [_thread_blocked, id=3500, stack(0x0000004223a00000,0x0000004223b00000)]
  0x000001f122599e20 JavaThread "HikariPool-1 housekeeper" daemon [_thread_blocked, id=18872, stack(0x0000004224300000,0x0000004224400000)]
  0x000001f12628f8b0 JavaThread "File Watcher" daemon [_thread_blocked, id=11752, stack(0x0000004225100000,0x0000004225200000)]
  0x000001f12628c3c0 JavaThread "Live Reload Server" daemon [_thread_in_native, id=7160, stack(0x0000004225300000,0x0000004225400000)]
  0x000001f12628c890 JavaThread "http-nio-8080-exec-1" daemon [_thread_blocked, id=18128, stack(0x0000004225200000,0x0000004225300000)]
=>0x000001f12628e0a0 JavaThread "http-nio-8080-exec-2" daemon [_thread_in_native, id=15164, stack(0x0000004225400000,0x0000004225500000)]
  0x000001f126289d40 JavaThread "http-nio-8080-exec-3" daemon [_thread_blocked, id=18504, stack(0x0000004225500000,0x0000004225600000)]
  0x000001f126288ed0 JavaThread "http-nio-8080-exec-4" daemon [_thread_blocked, id=12964, stack(0x0000004225600000,0x0000004225700000)]
  0x000001f1262893a0 JavaThread "http-nio-8080-exec-5" daemon [_thread_blocked, id=5308, stack(0x0000004225700000,0x0000004225800000)]
  0x000001f12628cd60 JavaThread "http-nio-8080-exec-6" daemon [_thread_blocked, id=7356, stack(0x0000004225800000,0x0000004225900000)]
  0x000001f12628a210 JavaThread "http-nio-8080-exec-7" daemon [_thread_blocked, id=2484, stack(0x0000004225900000,0x0000004225a00000)]
  0x000001f12628a6e0 JavaThread "http-nio-8080-exec-8" daemon [_thread_blocked, id=12140, stack(0x0000004225a00000,0x0000004225b00000)]
  0x000001f126288060 JavaThread "http-nio-8080-exec-9" daemon [_thread_blocked, id=19444, stack(0x0000004225b00000,0x0000004225c00000)]
  0x000001f12628d230 JavaThread "http-nio-8080-exec-10" daemon [_thread_blocked, id=10608, stack(0x0000004225c00000,0x0000004225d00000)]
  0x000001f12628ea40 JavaThread "http-nio-8080-Poller" daemon [_thread_in_native, id=3952, stack(0x0000004225d00000,0x0000004225e00000)]
  0x000001f12628dbd0 JavaThread "http-nio-8080-Acceptor" daemon [_thread_in_native, id=14676, stack(0x0000004225e00000,0x0000004225f00000)]
  0x000001f126288530 JavaThread "DestroyJavaVM" [_thread_blocked, id=14896, stack(0x0000004222700000,0x0000004222800000)]
  0x000001f12628b080 JavaThread "Java2D Disposer" daemon [_thread_blocked, id=10740, stack(0x0000004223b00000,0x0000004223c00000)]

Other Threads:
  0x000001f1218d5060 VMThread "VM Thread" [stack: 0x0000004222d00000,0x0000004222e00000] [id=19700]
  0x000001f10761b2d0 WatcherThread [stack: 0x0000004223800000,0x0000004223900000] [id=17392]
  0x000001f107602740 GCTaskThread "GC Thread#0" [stack: 0x0000004222800000,0x0000004222900000] [id=18584]
  0x000001f122f8b460 GCTaskThread "GC Thread#1" [stack: 0x0000004223d00000,0x0000004223e00000] [id=8920]
  0x000001f122ffe5b0 GCTaskThread "GC Thread#2" [stack: 0x0000004223e00000,0x0000004223f00000] [id=6236]
  0x000001f122ffe860 GCTaskThread "GC Thread#3" [stack: 0x0000004223f00000,0x0000004224000000] [id=19264]
  0x000001f122ffeb10 GCTaskThread "GC Thread#4" [stack: 0x0000004224000000,0x0000004224100000] [id=8848]
  0x000001f123974010 GCTaskThread "GC Thread#5" [stack: 0x0000004224100000,0x0000004224200000] [id=17732]
  0x000001f123897880 GCTaskThread "GC Thread#6" [stack: 0x0000004224200000,0x0000004224300000] [id=3720]
  0x000001f123a30940 GCTaskThread "GC Thread#7" [stack: 0x0000004224400000,0x0000004224500000] [id=15096]
  0x000001f123bc6a00 GCTaskThread "GC Thread#8" [stack: 0x0000004224500000,0x0000004224600000] [id=18384]
  0x000001f123ee7040 GCTaskThread "GC Thread#9" [stack: 0x0000004224600000,0x0000004224700000] [id=2632]
  0x000001f107613140 ConcurrentGCThread "G1 Main Marker" [stack: 0x0000004222900000,0x0000004222a00000] [id=17840]
  0x000001f107614350 ConcurrentGCThread "G1 Conc#0" [stack: 0x0000004222a00000,0x0000004222b00000] [id=17712]
  0x000001f123e23a50 ConcurrentGCThread "G1 Conc#1" [stack: 0x0000004224700000,0x0000004224800000] [id=20284]
  0x000001f1241299c0 ConcurrentGCThread "G1 Conc#2" [stack: 0x0000004224800000,0x0000004224900000] [id=14784]
  0x000001f107686710 ConcurrentGCThread "G1 Refine#0" [stack: 0x0000004222b00000,0x0000004222c00000] [id=20436]
  0x000001f1217500a0 ConcurrentGCThread "G1 Service" [stack: 0x0000004222c00000,0x0000004222d00000] [id=18772]

Threads with active compile tasks:

VM state: not at safepoint (normal execution)

VM Mutex/Monitor currently owned by a thread: None

Heap address: 0x0000000082200000, size: 2014 MB, Compressed Oops mode: 32-bit

CDS archive(s) not mapped
Compressed class space mapped at: 0x0000000100000000-0x0000000140000000, reserved size: 1073741824
Narrow klass base: 0x0000000000000000, Narrow klass shift: 3, Narrow klass range: 0x140000000

GC Precious Log:
 CPUs: 12 total, 12 available
 Memory: 8050M
 Large Page Support: Disabled
 NUMA Support: Disabled
 Compressed Oops: Enabled (32-bit)
 Heap Region Size: 1M
 Heap Min Capacity: 8M
 Heap Initial Capacity: 126M
 Heap Max Capacity: 2014M
 Pre-touch: Disabled
 Parallel Workers: 10
 Concurrent Workers: 3
 Concurrent Refinement Workers: 10
 Periodic GC: Disabled

Heap:
 garbage-first heap   total 178176K, used 90278K [0x0000000082200000, 0x0000000100000000)
  region size 1024K, 19 young (19456K), 1 survivors (1024K)
 Metaspace       used 68893K, committed 69312K, reserved 1114112K
  class space    used 8727K, committed 8896K, reserved 1048576K

Heap Regions: E=young(eden), S=young(survivor), O=old, HS=humongous(starts), HC=humongous(continues), CS=collection set, F=free, OA=open archive, CA=closed archive, TAMS=top-at-mark-start (previous, next)
|   0|0x0000000082200000, 0x0000000082300000, 0x0000000082300000|100%|HS|  |TAMS 0x0000000082300000, 0x0000000082300000| Complete 
|   1|0x0000000082300000, 0x0000000082400000, 0x0000000082400000|100%| O|  |TAMS 0x0000000082400000, 0x0000000082400000| Untracked 
|   2|0x0000000082400000, 0x0000000082500000, 0x0000000082500000|100%| O|  |TAMS 0x0000000082500000, 0x0000000082500000| Untracked 
|   3|0x0000000082500000, 0x0000000082600000, 0x0000000082600000|100%| O|  |TAMS 0x0000000082600000, 0x0000000082600000| Untracked 
|   4|0x0000000082600000, 0x0000000082700000, 0x0000000082700000|100%| O|  |TAMS 0x0000000082700000, 0x0000000082700000| Untracked 
|   5|0x0000000082700000, 0x0000000082800000, 0x0000000082800000|100%| O|  |TAMS 0x0000000082800000, 0x0000000082800000| Untracked 
|   6|0x0000000082800000, 0x00000000828f0600, 0x0000000082900000| 93%| O|  |TAMS 0x00000000828f0600, 0x00000000828f0600| Untracked 
|   7|0x0000000082900000, 0x0000000082a00000, 0x0000000082a00000|100%| O|  |TAMS 0x0000000082a00000, 0x0000000082a00000| Untracked 
|   8|0x0000000082a00000, 0x0000000082b00000, 0x0000000082b00000|100%| O|  |TAMS 0x0000000082b00000, 0x0000000082b00000| Untracked 
|   9|0x0000000082b00000, 0x0000000082c00000, 0x0000000082c00000|100%| O|  |TAMS 0x0000000082c00000, 0x0000000082c00000| Untracked 
|  10|0x0000000082c00000, 0x0000000082d00000, 0x0000000082d00000|100%|HS|  |TAMS 0x0000000082c00000, 0x0000000082c00000| Complete 
|  11|0x0000000082d00000, 0x0000000082e00000, 0x0000000082e00000|100%| O|  |TAMS 0x0000000082e00000, 0x0000000082e00000| Untracked 
|  12|0x0000000082e00000, 0x0000000082f00000, 0x0000000082f00000|100%| O|  |TAMS 0x0000000082f00000, 0x0000000082f00000| Untracked 
|  13|0x0000000082f00000, 0x0000000083000000, 0x0000000083000000|100%| O|  |TAMS 0x0000000083000000, 0x0000000083000000| Untracked 
|  14|0x0000000083000000, 0x0000000083100000, 0x0000000083100000|100%| O|  |TAMS 0x0000000083100000, 0x0000000083100000| Untracked 
|  15|0x0000000083100000, 0x0000000083200000, 0x0000000083200000|100%| O|  |TAMS 0x0000000083200000, 0x0000000083200000| Untracked 
|  16|0x0000000083200000, 0x0000000083300000, 0x0000000083300000|100%| O|  |TAMS 0x0000000083300000, 0x0000000083300000| Untracked 
|  17|0x0000000083300000, 0x0000000083400000, 0x0000000083400000|100%| O|  |TAMS 0x0000000083400000, 0x0000000083400000| Untracked 
|  18|0x0000000083400000, 0x0000000083500000, 0x0000000083500000|100%| O|  |TAMS 0x0000000083500000, 0x0000000083500000| Untracked 
|  19|0x0000000083500000, 0x0000000083600000, 0x0000000083600000|100%| O|  |TAMS 0x0000000083600000, 0x0000000083600000| Untracked 
|  20|0x0000000083600000, 0x0000000083700000, 0x0000000083700000|100%| O|  |TAMS 0x0000000083700000, 0x0000000083700000| Untracked 
|  21|0x0000000083700000, 0x0000000083800000, 0x0000000083800000|100%| O|  |TAMS 0x0000000083800000, 0x0000000083800000| Untracked 
|  22|0x0000000083800000, 0x0000000083900000, 0x0000000083900000|100%| O|  |TAMS 0x0000000083900000, 0x0000000083900000| Untracked 
|  23|0x0000000083900000, 0x0000000083a00000, 0x0000000083a00000|100%| O|  |TAMS 0x0000000083a00000, 0x0000000083a00000| Untracked 
|  24|0x0000000083a00000, 0x0000000083b00000, 0x0000000083b00000|100%| O|  |TAMS 0x0000000083b00000, 0x0000000083b00000| Untracked 
|  25|0x0000000083b00000, 0x0000000083c00000, 0x0000000083c00000|100%| O|  |TAMS 0x0000000083c00000, 0x0000000083c00000| Untracked 
|  26|0x0000000083c00000, 0x0000000083d00000, 0x0000000083d00000|100%| O|  |TAMS 0x0000000083d00000, 0x0000000083d00000| Untracked 
|  27|0x0000000083d00000, 0x0000000083e00000, 0x0000000083e00000|100%| O|  |TAMS 0x0000000083e00000, 0x0000000083e00000| Untracked 
|  28|0x0000000083e00000, 0x0000000083f00000, 0x0000000083f00000|100%| O|  |TAMS 0x0000000083f00000, 0x0000000083f00000| Untracked 
|  29|0x0000000083f00000, 0x0000000084000000, 0x0000000084000000|100%| O|  |TAMS 0x0000000084000000, 0x0000000084000000| Untracked 
|  30|0x0000000084000000, 0x0000000084100000, 0x0000000084100000|100%| O|  |TAMS 0x0000000084100000, 0x0000000084100000| Untracked 
|  31|0x0000000084100000, 0x00000000841a0c00, 0x0000000084200000| 62%| O|  |TAMS 0x00000000841a0c00, 0x00000000841a0c00| Untracked 
|  32|0x0000000084200000, 0x0000000084300000, 0x0000000084300000|100%|HS|  |TAMS 0x0000000084200000, 0x0000000084200000| Complete 
|  33|0x0000000084300000, 0x0000000084400000, 0x0000000084400000|100%| O|  |TAMS 0x0000000084400000, 0x0000000084400000| Untracked 
|  34|0x0000000084400000, 0x0000000084500000, 0x0000000084500000|100%| O|  |TAMS 0x0000000084500000, 0x0000000084500000| Untracked 
|  35|0x0000000084500000, 0x0000000084600000, 0x0000000084600000|100%| O|  |TAMS 0x0000000084600000, 0x0000000084600000| Untracked 
|  36|0x0000000084600000, 0x0000000084700000, 0x0000000084700000|100%| O|  |TAMS 0x0000000084700000, 0x0000000084700000| Untracked 
|  37|0x0000000084700000, 0x0000000084800000, 0x0000000084800000|100%|HS|  |TAMS 0x0000000084800000, 0x0000000084800000| Complete 
|  38|0x0000000084800000, 0x0000000084900000, 0x0000000084900000|100%|HC|  |TAMS 0x0000000084900000, 0x0000000084900000| Complete 
|  39|0x0000000084900000, 0x0000000084a00000, 0x0000000084a00000|100%|HC|  |TAMS 0x0000000084a00000, 0x0000000084a00000| Complete 
|  40|0x0000000084a00000, 0x0000000084b00000, 0x0000000084b00000|100%|HC|  |TAMS 0x0000000084b00000, 0x0000000084b00000| Complete 
|  41|0x0000000084b00000, 0x0000000084c00000, 0x0000000084c00000|100%|HC|  |TAMS 0x0000000084c00000, 0x0000000084c00000| Complete 
|  42|0x0000000084c00000, 0x0000000084d00000, 0x0000000084d00000|100%|HS|  |TAMS 0x0000000084c00000, 0x0000000084c00000| Complete 
|  43|0x0000000084d00000, 0x0000000084e00000, 0x0000000084e00000|100%|HC|  |TAMS 0x0000000084d00000, 0x0000000084d00000| Complete 
|  44|0x0000000084e00000, 0x0000000084f00000, 0x0000000084f00000|100%|HS|  |TAMS 0x0000000084e00000, 0x0000000084e00000| Complete 
|  45|0x0000000084f00000, 0x0000000085000000, 0x0000000085000000|100%|HC|  |TAMS 0x0000000084f00000, 0x0000000084f00000| Complete 
|  46|0x0000000085000000, 0x0000000085100000, 0x0000000085100000|100%|HC|  |TAMS 0x0000000085000000, 0x0000000085000000| Complete 
|  47|0x0000000085100000, 0x0000000085200000, 0x0000000085200000|100%|HS|  |TAMS 0x0000000085100000, 0x0000000085100000| Complete 
|  48|0x0000000085200000, 0x0000000085300000, 0x0000000085300000|100%|HC|  |TAMS 0x0000000085200000, 0x0000000085200000| Complete 
|  49|0x0000000085300000, 0x0000000085400000, 0x0000000085400000|100%|HC|  |TAMS 0x0000000085300000, 0x0000000085300000| Complete 
|  50|0x0000000085400000, 0x0000000085500000, 0x0000000085500000|100%|HC|  |TAMS 0x0000000085400000, 0x0000000085400000| Complete 
|  51|0x0000000085500000, 0x0000000085600000, 0x0000000085600000|100%|HC|  |TAMS 0x0000000085500000, 0x0000000085500000| Complete 
|  52|0x0000000085600000, 0x0000000085700000, 0x0000000085700000|100%|HS|  |TAMS 0x0000000085600000, 0x0000000085600000| Complete 
|  53|0x0000000085700000, 0x0000000085700000, 0x0000000085800000|  0%| F|  |TAMS 0x0000000085700000, 0x0000000085700000| Untracked 
|  54|0x0000000085800000, 0x0000000085800000, 0x0000000085900000|  0%| F|  |TAMS 0x0000000085800000, 0x0000000085800000| Untracked 
|  55|0x0000000085900000, 0x0000000085900000, 0x0000000085a00000|  0%| F|  |TAMS 0x0000000085900000, 0x0000000085900000| Untracked 
|  56|0x0000000085a00000, 0x0000000085b00000, 0x0000000085b00000|100%|HS|  |TAMS 0x0000000085b00000, 0x0000000085b00000| Complete 
|  57|0x0000000085b00000, 0x0000000085c00000, 0x0000000085c00000|100%|HC|  |TAMS 0x0000000085c00000, 0x0000000085c00000| Complete 
|  58|0x0000000085c00000, 0x0000000085d00000, 0x0000000085d00000|100%|HC|  |TAMS 0x0000000085d00000, 0x0000000085d00000| Complete 
|  59|0x0000000085d00000, 0x0000000085e00000, 0x0000000085e00000|100%|HC|  |TAMS 0x0000000085e00000, 0x0000000085e00000| Complete 
|  60|0x0000000085e00000, 0x0000000085f00000, 0x0000000085f00000|100%|HC|  |TAMS 0x0000000085f00000, 0x0000000085f00000| Complete 
|  61|0x0000000085f00000, 0x0000000086000000, 0x0000000086000000|100%|HS|  |TAMS 0x0000000085f00000, 0x0000000085f00000| Complete 
|  62|0x0000000086000000, 0x0000000086100000, 0x0000000086100000|100%|HC|  |TAMS 0x0000000086000000, 0x0000000086000000| Complete 
|  63|0x0000000086100000, 0x0000000086200000, 0x0000000086200000|100%|HC|  |TAMS 0x0000000086100000, 0x0000000086100000| Complete 
|  64|0x0000000086200000, 0x0000000086300000, 0x0000000086300000|100%|HC|  |TAMS 0x0000000086200000, 0x0000000086200000| Complete 
|  65|0x0000000086300000, 0x0000000086400000, 0x0000000086400000|100%|HC|  |TAMS 0x0000000086300000, 0x0000000086300000| Complete 
|  66|0x0000000086400000, 0x0000000086500000, 0x0000000086500000|100%|HC|  |TAMS 0x0000000086400000, 0x0000000086400000| Complete 
|  67|0x0000000086500000, 0x0000000086600000, 0x0000000086600000|100%|HC|  |TAMS 0x0000000086500000, 0x0000000086500000| Complete 
|  68|0x0000000086600000, 0x0000000086700000, 0x0000000086700000|100%|HC|  |TAMS 0x0000000086600000, 0x0000000086600000| Complete 
|  69|0x0000000086700000, 0x0000000086800000, 0x0000000086800000|100%|HC|  |TAMS 0x0000000086700000, 0x0000000086700000| Complete 
|  70|0x0000000086800000, 0x0000000086900000, 0x0000000086900000|100%|HS|  |TAMS 0x0000000086800000, 0x0000000086800000| Complete 
|  71|0x0000000086900000, 0x0000000086a00000, 0x0000000086a00000|100%|HC|  |TAMS 0x0000000086900000, 0x0000000086900000| Complete 
|  72|0x0000000086a00000, 0x0000000086b00000, 0x0000000086b00000|100%|HC|  |TAMS 0x0000000086a00000, 0x0000000086a00000| Complete 
|  73|0x0000000086b00000, 0x0000000086c00000, 0x0000000086c00000|100%|HC|  |TAMS 0x0000000086b00000, 0x0000000086b00000| Complete 
|  74|0x0000000086c00000, 0x0000000086d00000, 0x0000000086d00000|100%|HC|  |TAMS 0x0000000086c00000, 0x0000000086c00000| Complete 
|  75|0x0000000086d00000, 0x0000000086d00000, 0x0000000086e00000|  0%| F|  |TAMS 0x0000000086d00000, 0x0000000086d00000| Untracked 
|  76|0x0000000086e00000, 0x0000000086e00000, 0x0000000086f00000|  0%| F|  |TAMS 0x0000000086e00000, 0x0000000086e00000| Untracked 
|  77|0x0000000086f00000, 0x0000000086f00000, 0x0000000087000000|  0%| F|  |TAMS 0x0000000086f00000, 0x0000000086f00000| Untracked 
|  78|0x0000000087000000, 0x0000000087000000, 0x0000000087100000|  0%| F|  |TAMS 0x0000000087000000, 0x0000000087000000| Untracked 
|  79|0x0000000087100000, 0x0000000087100000, 0x0000000087200000|  0%| F|  |TAMS 0x0000000087100000, 0x0000000087100000| Untracked 
|  80|0x0000000087200000, 0x0000000087200000, 0x0000000087300000|  0%| F|  |TAMS 0x0000000087200000, 0x0000000087200000| Untracked 
|  81|0x0000000087300000, 0x0000000087398718, 0x0000000087400000| 59%| S|CS|TAMS 0x0000000087300000, 0x0000000087300000| Complete 
|  82|0x0000000087400000, 0x0000000087400000, 0x0000000087500000|  0%| F|  |TAMS 0x0000000087400000, 0x0000000087400000| Untracked 
|  83|0x0000000087500000, 0x0000000087500000, 0x0000000087600000|  0%| F|  |TAMS 0x0000000087500000, 0x0000000087500000| Untracked 
|  84|0x0000000087600000, 0x0000000087600000, 0x0000000087700000|  0%| F|  |TAMS 0x0000000087600000, 0x0000000087600000| Untracked 
|  85|0x0000000087700000, 0x0000000087700000, 0x0000000087800000|  0%| F|  |TAMS 0x0000000087700000, 0x0000000087700000| Untracked 
|  86|0x0000000087800000, 0x0000000087800000, 0x0000000087900000|  0%| F|  |TAMS 0x0000000087800000, 0x0000000087800000| Untracked 
|  87|0x0000000087900000, 0x0000000087900000, 0x0000000087a00000|  0%| F|  |TAMS 0x0000000087900000, 0x0000000087900000| Untracked 
|  88|0x0000000087a00000, 0x0000000087a00000, 0x0000000087b00000|  0%| F|  |TAMS 0x0000000087a00000, 0x0000000087a00000| Untracked 
|  89|0x0000000087b00000, 0x0000000087b00000, 0x0000000087c00000|  0%| F|  |TAMS 0x0000000087b00000, 0x0000000087b00000| Untracked 
|  90|0x0000000087c00000, 0x0000000087c00000, 0x0000000087d00000|  0%| F|  |TAMS 0x0000000087c00000, 0x0000000087c00000| Untracked 
|  91|0x0000000087d00000, 0x0000000087d00000, 0x0000000087e00000|  0%| F|  |TAMS 0x0000000087d00000, 0x0000000087d00000| Untracked 
|  92|0x0000000087e00000, 0x0000000087e00000, 0x0000000087f00000|  0%| F|  |TAMS 0x0000000087e00000, 0x0000000087e00000| Untracked 
|  93|0x0000000087f00000, 0x0000000087f00000, 0x0000000088000000|  0%| F|  |TAMS 0x0000000087f00000, 0x0000000087f00000| Untracked 
|  94|0x0000000088000000, 0x0000000088000000, 0x0000000088100000|  0%| F|  |TAMS 0x0000000088000000, 0x0000000088000000| Untracked 
|  95|0x0000000088100000, 0x0000000088100000, 0x0000000088200000|  0%| F|  |TAMS 0x0000000088100000, 0x0000000088100000| Untracked 
|  96|0x0000000088200000, 0x0000000088200000, 0x0000000088300000|  0%| F|  |TAMS 0x0000000088200000, 0x0000000088200000| Untracked 
|  97|0x0000000088300000, 0x0000000088300000, 0x0000000088400000|  0%| F|  |TAMS 0x0000000088300000, 0x0000000088300000| Untracked 
|  98|0x0000000088400000, 0x0000000088400000, 0x0000000088500000|  0%| F|  |TAMS 0x0000000088400000, 0x0000000088400000| Untracked 
|  99|0x0000000088500000, 0x0000000088500000, 0x0000000088600000|  0%| F|  |TAMS 0x0000000088500000, 0x0000000088500000| Untracked 
| 100|0x0000000088600000, 0x0000000088600000, 0x0000000088700000|  0%| F|  |TAMS 0x0000000088600000, 0x0000000088600000| Untracked 
| 101|0x0000000088700000, 0x0000000088700000, 0x0000000088800000|  0%| F|  |TAMS 0x0000000088700000, 0x0000000088700000| Untracked 
| 102|0x0000000088800000, 0x0000000088800000, 0x0000000088900000|  0%| F|  |TAMS 0x0000000088800000, 0x0000000088800000| Untracked 
| 103|0x0000000088900000, 0x0000000088900000, 0x0000000088a00000|  0%| F|  |TAMS 0x0000000088900000, 0x0000000088900000| Untracked 
| 104|0x0000000088a00000, 0x0000000088a00000, 0x0000000088b00000|  0%| F|  |TAMS 0x0000000088a00000, 0x0000000088a00000| Untracked 
| 105|0x0000000088b00000, 0x0000000088b00000, 0x0000000088c00000|  0%| F|  |TAMS 0x0000000088b00000, 0x0000000088b00000| Untracked 
| 106|0x0000000088c00000, 0x0000000088c00000, 0x0000000088d00000|  0%| F|  |TAMS 0x0000000088c00000, 0x0000000088c00000| Untracked 
| 107|0x0000000088d00000, 0x0000000088d00000, 0x0000000088e00000|  0%| F|  |TAMS 0x0000000088d00000, 0x0000000088d00000| Untracked 
| 108|0x0000000088e00000, 0x0000000088e00000, 0x0000000088f00000|  0%| F|  |TAMS 0x0000000088e00000, 0x0000000088e00000| Untracked 
| 109|0x0000000088f00000, 0x0000000088f00000, 0x0000000089000000|  0%| F|  |TAMS 0x0000000088f00000, 0x0000000088f00000| Untracked 
| 110|0x0000000089000000, 0x0000000089000000, 0x0000000089100000|  0%| F|  |TAMS 0x0000000089000000, 0x0000000089000000| Untracked 
| 111|0x0000000089100000, 0x0000000089100000, 0x0000000089200000|  0%| F|  |TAMS 0x0000000089100000, 0x0000000089100000| Untracked 
| 112|0x0000000089200000, 0x0000000089200000, 0x0000000089300000|  0%| F|  |TAMS 0x0000000089200000, 0x0000000089200000| Untracked 
| 113|0x0000000089300000, 0x0000000089300000, 0x0000000089400000|  0%| F|  |TAMS 0x0000000089300000, 0x0000000089300000| Untracked 
| 114|0x0000000089400000, 0x0000000089400000, 0x0000000089500000|  0%| F|  |TAMS 0x0000000089400000, 0x0000000089400000| Untracked 
| 115|0x0000000089500000, 0x0000000089500000, 0x0000000089600000|  0%| F|  |TAMS 0x0000000089500000, 0x0000000089500000| Untracked 
| 116|0x0000000089600000, 0x0000000089600000, 0x0000000089700000|  0%| F|  |TAMS 0x0000000089600000, 0x0000000089600000| Untracked 
| 117|0x0000000089700000, 0x0000000089700000, 0x0000000089800000|  0%| F|  |TAMS 0x0000000089700000, 0x0000000089700000| Untracked 
| 118|0x0000000089800000, 0x0000000089800000, 0x0000000089900000|  0%| F|  |TAMS 0x0000000089800000, 0x0000000089800000| Untracked 
| 119|0x0000000089900000, 0x0000000089900000, 0x0000000089a00000|  0%| F|  |TAMS 0x0000000089900000, 0x0000000089900000| Untracked 
| 120|0x0000000089a00000, 0x0000000089a00000, 0x0000000089b00000|  0%| F|  |TAMS 0x0000000089a00000, 0x0000000089a00000| Untracked 
| 121|0x0000000089b00000, 0x0000000089b00000, 0x0000000089c00000|  0%| F|  |TAMS 0x0000000089b00000, 0x0000000089b00000| Untracked 
| 122|0x0000000089c00000, 0x0000000089c00000, 0x0000000089d00000|  0%| F|  |TAMS 0x0000000089c00000, 0x0000000089c00000| Untracked 
| 123|0x0000000089d00000, 0x0000000089d00000, 0x0000000089e00000|  0%| F|  |TAMS 0x0000000089d00000, 0x0000000089d00000| Untracked 
| 124|0x0000000089e00000, 0x0000000089e00000, 0x0000000089f00000|  0%| F|  |TAMS 0x0000000089e00000, 0x0000000089e00000| Untracked 
| 125|0x0000000089f00000, 0x0000000089f00000, 0x000000008a000000|  0%| F|  |TAMS 0x0000000089f00000, 0x0000000089f00000| Untracked 
| 126|0x000000008a000000, 0x000000008a000000, 0x000000008a100000|  0%| F|  |TAMS 0x000000008a000000, 0x000000008a000000| Untracked 
| 127|0x000000008a100000, 0x000000008a100000, 0x000000008a200000|  0%| F|  |TAMS 0x000000008a100000, 0x000000008a100000| Untracked 
| 128|0x000000008a200000, 0x000000008a200000, 0x000000008a300000|  0%| F|  |TAMS 0x000000008a200000, 0x000000008a200000| Untracked 
| 129|0x000000008a300000, 0x000000008a300000, 0x000000008a400000|  0%| F|  |TAMS 0x000000008a300000, 0x000000008a300000| Untracked 
| 130|0x000000008a400000, 0x000000008a400000, 0x000000008a500000|  0%| F|  |TAMS 0x000000008a400000, 0x000000008a400000| Untracked 
| 131|0x000000008a500000, 0x000000008a500000, 0x000000008a600000|  0%| F|  |TAMS 0x000000008a500000, 0x000000008a500000| Untracked 
| 132|0x000000008a600000, 0x000000008a600000, 0x000000008a700000|  0%| F|  |TAMS 0x000000008a600000, 0x000000008a600000| Untracked 
| 133|0x000000008a700000, 0x000000008a700000, 0x000000008a800000|  0%| F|  |TAMS 0x000000008a700000, 0x000000008a700000| Untracked 
| 134|0x000000008a800000, 0x000000008a800000, 0x000000008a900000|  0%| F|  |TAMS 0x000000008a800000, 0x000000008a800000| Untracked 
| 135|0x000000008a900000, 0x000000008a900000, 0x000000008aa00000|  0%| F|  |TAMS 0x000000008a900000, 0x000000008a900000| Untracked 
| 136|0x000000008aa00000, 0x000000008aa00000, 0x000000008ab00000|  0%| F|  |TAMS 0x000000008aa00000, 0x000000008aa00000| Untracked 
| 137|0x000000008ab00000, 0x000000008ab00000, 0x000000008ac00000|  0%| F|  |TAMS 0x000000008ab00000, 0x000000008ab00000| Untracked 
| 138|0x000000008ac00000, 0x000000008ac00000, 0x000000008ad00000|  0%| F|  |TAMS 0x000000008ac00000, 0x000000008ac00000| Untracked 
| 139|0x000000008ad00000, 0x000000008ad00000, 0x000000008ae00000|  0%| F|  |TAMS 0x000000008ad00000, 0x000000008ad00000| Untracked 
| 140|0x000000008ae00000, 0x000000008ae00000, 0x000000008af00000|  0%| F|  |TAMS 0x000000008ae00000, 0x000000008ae00000| Untracked 
| 141|0x000000008af00000, 0x000000008af00000, 0x000000008b000000|  0%| F|  |TAMS 0x000000008af00000, 0x000000008af00000| Untracked 
| 142|0x000000008b000000, 0x000000008b000000, 0x000000008b100000|  0%| F|  |TAMS 0x000000008b000000, 0x000000008b000000| Untracked 
| 143|0x000000008b100000, 0x000000008b100000, 0x000000008b200000|  0%| F|  |TAMS 0x000000008b100000, 0x000000008b100000| Untracked 
| 144|0x000000008b200000, 0x000000008b200000, 0x000000008b300000|  0%| F|  |TAMS 0x000000008b200000, 0x000000008b200000| Untracked 
| 145|0x000000008b300000, 0x000000008b300000, 0x000000008b400000|  0%| F|  |TAMS 0x000000008b300000, 0x000000008b300000| Untracked 
| 146|0x000000008b400000, 0x000000008b400000, 0x000000008b500000|  0%| F|  |TAMS 0x000000008b400000, 0x000000008b400000| Untracked 
| 147|0x000000008b500000, 0x000000008b500000, 0x000000008b600000|  0%| F|  |TAMS 0x000000008b500000, 0x000000008b500000| Untracked 
| 148|0x000000008b600000, 0x000000008b600000, 0x000000008b700000|  0%| F|  |TAMS 0x000000008b600000, 0x000000008b600000| Untracked 
| 149|0x000000008b700000, 0x000000008b700000, 0x000000008b800000|  0%| F|  |TAMS 0x000000008b700000, 0x000000008b700000| Untracked 
| 150|0x000000008b800000, 0x000000008b800000, 0x000000008b900000|  0%| F|  |TAMS 0x000000008b800000, 0x000000008b800000| Untracked 
| 151|0x000000008b900000, 0x000000008b900000, 0x000000008ba00000|  0%| F|  |TAMS 0x000000008b900000, 0x000000008b900000| Untracked 
| 152|0x000000008ba00000, 0x000000008ba00000, 0x000000008bb00000|  0%| F|  |TAMS 0x000000008ba00000, 0x000000008ba00000| Untracked 
| 153|0x000000008bb00000, 0x000000008bb00000, 0x000000008bc00000|  0%| F|  |TAMS 0x000000008bb00000, 0x000000008bb00000| Untracked 
| 154|0x000000008bc00000, 0x000000008bc00000, 0x000000008bd00000|  0%| F|  |TAMS 0x000000008bc00000, 0x000000008bc00000| Untracked 
| 155|0x000000008bd00000, 0x000000008bd00000, 0x000000008be00000|  0%| F|  |TAMS 0x000000008bd00000, 0x000000008bd00000| Untracked 
| 156|0x000000008be00000, 0x000000008be4b5c8, 0x000000008bf00000| 29%| E|  |TAMS 0x000000008be00000, 0x000000008be00000| Complete 
| 157|0x000000008bf00000, 0x000000008bfcc538, 0x000000008c000000| 79%| E|  |TAMS 0x000000008bf00000, 0x000000008bf00000| Complete 
| 158|0x000000008c000000, 0x000000008c100000, 0x000000008c100000|100%| E|CS|TAMS 0x000000008c000000, 0x000000008c000000| Complete 
| 159|0x000000008c100000, 0x000000008c200000, 0x000000008c200000|100%| E|CS|TAMS 0x000000008c100000, 0x000000008c100000| Complete 
| 160|0x000000008c200000, 0x000000008c300000, 0x000000008c300000|100%| E|CS|TAMS 0x000000008c200000, 0x000000008c200000| Complete 
| 161|0x000000008c300000, 0x000000008c400000, 0x000000008c400000|100%| E|CS|TAMS 0x000000008c300000, 0x000000008c300000| Complete 
| 162|0x000000008c400000, 0x000000008c500000, 0x000000008c500000|100%| E|CS|TAMS 0x000000008c400000, 0x000000008c400000| Complete 
| 163|0x000000008c500000, 0x000000008c600000, 0x000000008c600000|100%| E|CS|TAMS 0x000000008c500000, 0x000000008c500000| Complete 
| 164|0x000000008c600000, 0x000000008c700000, 0x000000008c700000|100%| E|CS|TAMS 0x000000008c600000, 0x000000008c600000| Complete 
| 165|0x000000008c700000, 0x000000008c800000, 0x000000008c800000|100%| E|CS|TAMS 0x000000008c700000, 0x000000008c700000| Complete 
| 166|0x000000008c800000, 0x000000008c900000, 0x000000008c900000|100%| E|CS|TAMS 0x000000008c800000, 0x000000008c800000| Complete 
| 167|0x000000008c900000, 0x000000008ca00000, 0x000000008ca00000|100%| E|CS|TAMS 0x000000008c900000, 0x000000008c900000| Complete 
| 168|0x000000008ca00000, 0x000000008cb00000, 0x000000008cb00000|100%| E|CS|TAMS 0x000000008ca00000, 0x000000008ca00000| Complete 
| 169|0x000000008cb00000, 0x000000008cc00000, 0x000000008cc00000|100%| E|CS|TAMS 0x000000008cb00000, 0x000000008cb00000| Complete 
| 170|0x000000008cc00000, 0x000000008cd00000, 0x000000008cd00000|100%| E|CS|TAMS 0x000000008cc00000, 0x000000008cc00000| Complete 
| 171|0x000000008cd00000, 0x000000008ce00000, 0x000000008ce00000|100%| E|CS|TAMS 0x000000008cd00000, 0x000000008cd00000| Complete 
| 172|0x000000008ce00000, 0x000000008cf00000, 0x000000008cf00000|100%| E|CS|TAMS 0x000000008ce00000, 0x000000008ce00000| Complete 
| 173|0x000000008cf00000, 0x000000008d000000, 0x000000008d000000|100%| E|CS|TAMS 0x000000008cf00000, 0x000000008cf00000| Complete 

Card table byte_map: [0x000001f11a5b0000,0x000001f11a9a0000] _byte_map_base: 0x000001f11a19f000

Marking Bits (Prev, Next): (CMBitMap*) 0x000001f107602c90, (CMBitMap*) 0x000001f107602c50
 Prev Bits: [0x000001f11cd10000, 0x000001f11ec88000)
 Next Bits: [0x000001f11ad90000, 0x000001f11cd08000)

Polling page: 0x000001f106d90000

Metaspace:

Usage:
  Non-class:     58.76 MB used.
      Class:      8.52 MB used.
       Both:     67.28 MB used.

Virtual space:
  Non-class space:       64.00 MB reserved,      59.00 MB ( 92%) committed,  8 nodes.
      Class space:        1.00 GB reserved,       8.69 MB ( <1%) committed,  1 nodes.
             Both:        1.06 GB reserved,      67.69 MB (  6%) committed. 

Chunk freelists:
   Non-Class:  176.00 KB
       Class:  3.19 MB
        Both:  3.36 MB

MaxMetaspaceSize: unlimited
CompressedClassSpaceSize: 1.00 GB
Initial GC threshold: 21.00 MB
Current GC threshold: 111.25 MB
CDS: off
MetaspaceReclaimPolicy: balanced
 - commit_granule_bytes: 65536.
 - commit_granule_words: 8192.
 - virtual_space_node_default_size: 1048576.
 - enlarge_chunks_in_place: 1.
 - new_chunks_are_fully_committed: 0.
 - uncommit_free_chunks: 1.
 - use_allocation_guard: 0.
 - handle_deallocations: 1.


Internal statistics:

num_allocs_failed_limit: 6.
num_arena_births: 456.
num_arena_deaths: 0.
num_vsnodes_births: 9.
num_vsnodes_deaths: 0.
num_space_committed: 1083.
num_space_uncommitted: 0.
num_chunks_returned_to_freelist: 6.
num_chunks_taken_from_freelist: 2586.
num_chunk_merges: 6.
num_chunk_splits: 1847.
num_chunks_enlarged: 1474.
num_purges: 0.
num_inconsistent_stats: 0.

CodeHeap 'non-profiled nmethods': size=120000Kb used=2977Kb max_used=2977Kb free=117022Kb
 bounds [0x000001f112740000, 0x000001f112a50000, 0x000001f119c70000]
CodeHeap 'profiled nmethods': size=120000Kb used=9315Kb max_used=9911Kb free=110684Kb
 bounds [0x000001f10b210000, 0x000001f10bbc0000, 0x000001f112740000]
CodeHeap 'non-nmethods': size=5760Kb used=1347Kb max_used=1413Kb free=4412Kb
 bounds [0x000001f10ac70000, 0x000001f10aee0000, 0x000001f10b210000]
 total_blobs=5430 nmethods=4743 adapters=598
 compilation: enabled
              stopped_count=0, restarted_count=0
 full_count=0

Compilation events (20 events):
Event: 42.714 Thread 0x000001f122409750 nmethod 5507 0x000001f10ba2af90 code [0x000001f10ba2b180, 0x000001f10ba2b6b8]
Event: 43.029 Thread 0x000001f122408510 5508       4       java.util.concurrent.locks.ReentrantLock::lock (8 bytes)
Event: 43.031 Thread 0x000001f122408510 nmethod 5508 0x000001f11294eb10 code [0x000001f11294eca0, 0x000001f11294eea8]
Event: 43.031 Thread 0x000001f122408510 5509       4       jdk.internal.util.ArraysSupport::vectorizedMismatch (268 bytes)
Event: 43.034 Thread 0x000001f122408510 nmethod 5509 0x000001f11294e490 code [0x000001f11294e600, 0x000001f11294e958]
Event: 43.187 Thread 0x000001f122409750 5510       3       jdk.internal.loader.NativeLibraries$NativeLibraryImpl::find (6 bytes)
Event: 43.188 Thread 0x000001f122409750 nmethod 5510 0x000001f10b28b990 code [0x000001f10b28bb20, 0x000001f10b28bc48]
Event: 43.189 Thread 0x000001f122409750 5512       1       org.apache.pdfbox.cos.COSName::getName (5 bytes)
Event: 43.189 Thread 0x000001f122409750 nmethod 5512 0x000001f11282aa90 code [0x000001f11282ac20, 0x000001f11282acf8]
Event: 43.189 Thread 0x000001f122409750 5513       3       org.apache.pdfbox.io.RandomAccessInputStream::read (103 bytes)
Event: 43.189 Thread 0x000001f122409750 nmethod 5513 0x000001f10b28a690 code [0x000001f10b28a940, 0x000001f10b28b538]
Event: 43.189 Thread 0x000001f122409750 5514       3       java.io.InputStream::read (9 bytes)
Event: 43.189 Thread 0x000001f122409750 nmethod 5514 0x000001f10b28a210 code [0x000001f10b28a3c0, 0x000001f10b28a588]
Event: 43.189 Thread 0x000001f122409750 5516       3       java.lang.StringBuffer::<init> (7 bytes)
Event: 43.189 Thread 0x000001f122409750 nmethod 5516 0x000001f10b289e90 code [0x000001f10b28a020, 0x000001f10b28a168]
Event: 43.189 Thread 0x000001f122409750 5517       3       org.apache.pdfbox.pdfwriter.COSStandardOutputStream::writeEOL (20 bytes)
Event: 43.190 Thread 0x000001f122409750 nmethod 5517 0x000001f10b289910 code [0x000001f10b289ac0, 0x000001f10b289da8]
Event: 43.190 Thread 0x000001f122408510 5518  s    4       java.io.ByteArrayOutputStream::write (32 bytes)
Event: 43.190 Thread 0x000001f122409750 5515       3       java.lang.String::encode8859_1 (158 bytes)
Event: 43.190 Thread 0x000001f122409750 nmethod 5515 0x000001f10b288d10 code [0x000001f10b288f20, 0x000001f10b2896b8]

GC Heap History (20 events):
Event: 8.590 GC heap before
{Heap before GC invocations=24 (full 0):
 garbage-first heap   total 46080K, used 35313K [0x0000000082200000, 0x0000000100000000)
  region size 1024K, 15 young (15360K), 3 survivors (3072K)
 Metaspace       used 64103K, committed 64512K, reserved 1105920K
  class space    used 8173K, committed 8384K, reserved 1048576K
}
Event: 8.595 GC heap after
{Heap after GC invocations=25 (full 0):
 garbage-first heap   total 46080K, used 25305K [0x0000000082200000, 0x0000000100000000)
  region size 1024K, 2 young (2048K), 2 survivors (2048K)
 Metaspace       used 64103K, committed 64512K, reserved 1105920K
  class space    used 8173K, committed 8384K, reserved 1048576K
}
Event: 28.631 GC heap before
{Heap before GC invocations=26 (full 0):
 garbage-first heap   total 46080K, used 36569K [0x0000000082200000, 0x0000000100000000)
  region size 1024K, 13 young (13312K), 2 survivors (2048K)
 Metaspace       used 65415K, committed 65856K, reserved 1114112K
  class space    used 8332K, committed 8512K, reserved 1048576K
}
Event: 28.633 GC heap after
{Heap after GC invocations=27 (full 0):
 garbage-first heap   total 46080K, used 26246K [0x0000000082200000, 0x0000000100000000)
  region size 1024K, 1 young (1024K), 1 survivors (1024K)
 Metaspace       used 65415K, committed 65856K, reserved 1114112K
  class space    used 8332K, committed 8512K, reserved 1048576K
}
Event: 28.963 GC heap before
{Heap before GC invocations=27 (full 0):
 garbage-first heap   total 46080K, used 36486K [0x0000000082200000, 0x0000000100000000)
  region size 1024K, 12 young (12288K), 1 survivors (1024K)
 Metaspace       used 67123K, committed 67520K, reserved 1114112K
  class space    used 8507K, committed 8704K, reserved 1048576K
}
Event: 28.966 GC heap after
{Heap after GC invocations=28 (full 0):
 garbage-first heap   total 46080K, used 33384K [0x0000000082200000, 0x0000000100000000)
  region size 1024K, 2 young (2048K), 2 survivors (2048K)
 Metaspace       used 67123K, committed 67520K, reserved 1114112K
  class space    used 8507K, committed 8704K, reserved 1048576K
}
Event: 28.979 GC heap before
{Heap before GC invocations=28 (full 0):
 garbage-first heap   total 46080K, used 35432K [0x0000000082200000, 0x0000000100000000)
  region size 1024K, 5 young (5120K), 2 survivors (2048K)
 Metaspace       used 67207K, committed 67584K, reserved 1114112K
  class space    used 8513K, committed 8704K, reserved 1048576K
}
Event: 28.981 GC heap after
{Heap after GC invocations=29 (full 0):
 garbage-first heap   total 46080K, used 35794K [0x0000000082200000, 0x0000000100000000)
  region size 1024K, 1 young (1024K), 1 survivors (1024K)
 Metaspace       used 67207K, committed 67584K, reserved 1114112K
  class space    used 8513K, committed 8704K, reserved 1048576K
}
Event: 28.992 GC heap before
{Heap before GC invocations=29 (full 0):
 garbage-first heap   total 46080K, used 38866K [0x0000000082200000, 0x0000000100000000)
  region size 1024K, 2 young (2048K), 1 survivors (1024K)
 Metaspace       used 67207K, committed 67584K, reserved 1114112K
  class space    used 8513K, committed 8704K, reserved 1048576K
}
Event: 28.993 GC heap after
{Heap after GC invocations=30 (full 0):
 garbage-first heap   total 66560K, used 37721K [0x0000000082200000, 0x0000000100000000)
  region size 1024K, 0 young (0K), 0 survivors (0K)
 Metaspace       used 67207K, committed 67584K, reserved 1114112K
  class space    used 8513K, committed 8704K, reserved 1048576K
}
Event: 29.029 GC heap before
{Heap before GC invocations=31 (full 0):
 garbage-first heap   total 68608K, used 63321K [0x0000000082200000, 0x0000000100000000)
  region size 1024K, 1 young (1024K), 0 survivors (0K)
 Metaspace       used 67207K, committed 67584K, reserved 1114112K
  class space    used 8513K, committed 8704K, reserved 1048576K
}
Event: 29.030 GC heap after
{Heap after GC invocations=32 (full 0):
 garbage-first heap   total 68608K, used 52071K [0x0000000082200000, 0x0000000100000000)
  region size 1024K, 1 young (1024K), 1 survivors (1024K)
 Metaspace       used 67207K, committed 67584K, reserved 1114112K
  class space    used 8513K, committed 8704K, reserved 1048576K
}
Event: 29.038 GC heap before
{Heap before GC invocations=32 (full 0):
 garbage-first heap   total 76800K, used 69479K [0x0000000082200000, 0x0000000100000000)
  region size 1024K, 2 young (2048K), 1 survivors (1024K)
 Metaspace       used 67207K, committed 67584K, reserved 1114112K
  class space    used 8513K, committed 8704K, reserved 1048576K
}
Event: 29.040 GC heap after
{Heap after GC invocations=33 (full 0):
 garbage-first heap   total 76800K, used 58952K [0x0000000082200000, 0x0000000100000000)
  region size 1024K, 1 young (1024K), 1 survivors (1024K)
 Metaspace       used 67207K, committed 67584K, reserved 1114112K
  class space    used 8513K, committed 8704K, reserved 1048576K
}
Event: 29.269 GC heap before
{Heap before GC invocations=33 (full 0):
 garbage-first heap   total 76800K, used 65096K [0x0000000082200000, 0x0000000100000000)
  region size 1024K, 3 young (3072K), 1 survivors (1024K)
 Metaspace       used 67482K, committed 67904K, reserved 1114112K
  class space    used 8561K, committed 8768K, reserved 1048576K
}
Event: 29.271 GC heap after
{Heap after GC invocations=34 (full 0):
 garbage-first heap   total 76800K, used 49877K [0x0000000082200000, 0x0000000100000000)
  region size 1024K, 1 young (1024K), 1 survivors (1024K)
 Metaspace       used 67482K, committed 67904K, reserved 1114112K
  class space    used 8561K, committed 8768K, reserved 1048576K
}
Event: 29.339 GC heap before
{Heap before GC invocations=35 (full 0):
 garbage-first heap   total 80896K, used 46805K [0x0000000082200000, 0x0000000100000000)
  region size 1024K, 3 young (3072K), 1 survivors (1024K)
 Metaspace       used 68000K, committed 68352K, reserved 1114112K
  class space    used 8650K, committed 8832K, reserved 1048576K
}
Event: 29.341 GC heap after
{Heap after GC invocations=36 (full 0):
 garbage-first heap   total 80896K, used 45850K [0x0000000082200000, 0x0000000100000000)
  region size 1024K, 1 young (1024K), 1 survivors (1024K)
 Metaspace       used 68000K, committed 68352K, reserved 1114112K
  class space    used 8650K, committed 8832K, reserved 1048576K
}
Event: 41.569 GC heap before
{Heap before GC invocations=37 (full 0):
 garbage-first heap   total 89088K, used 53018K [0x0000000082200000, 0x0000000100000000)
  region size 1024K, 5 young (5120K), 1 survivors (1024K)
 Metaspace       used 68505K, committed 68928K, reserved 1114112K
  class space    used 8691K, committed 8896K, reserved 1048576K
}
Event: 41.571 GC heap after
{Heap after GC invocations=38 (full 0):
 garbage-first heap   total 178176K, used 46246K [0x0000000082200000, 0x0000000100000000)
  region size 1024K, 1 young (1024K), 1 survivors (1024K)
 Metaspace       used 68505K, committed 68928K, reserved 1114112K
  class space    used 8691K, committed 8896K, reserved 1048576K
}

Deoptimization events (20 events):
Event: 41.607 Thread 0x000001f12628e0a0 DEOPT PACKING pc=0x000001f11279b114 sp=0x00000042254fcb90
Event: 41.607 Thread 0x000001f12628e0a0 DEOPT UNPACKING pc=0x000001f10acc23a3 sp=0x00000042254fcb18 mode 2
Event: 41.607 Thread 0x000001f12628e0a0 Uncommon trap: trap_request=0xffffffc6 fr.pc=0x000001f11279b114 relative=0x00000000000000f4
Event: 41.607 Thread 0x000001f12628e0a0 Uncommon trap: reason=bimorphic_or_optimized_type_check action=maybe_recompile pc=0x000001f11279b114 method=java.io.FilterInputStream.read([B)I @ 5 c2
Event: 41.607 Thread 0x000001f12628e0a0 DEOPT PACKING pc=0x000001f11279b114 sp=0x00000042254fcb90
Event: 41.607 Thread 0x000001f12628e0a0 DEOPT UNPACKING pc=0x000001f10acc23a3 sp=0x00000042254fcb18 mode 2
Event: 41.613 Thread 0x000001f12628e0a0 Uncommon trap: trap_request=0xffffffc6 fr.pc=0x000001f11279b114 relative=0x00000000000000f4
Event: 41.613 Thread 0x000001f12628e0a0 Uncommon trap: reason=bimorphic_or_optimized_type_check action=maybe_recompile pc=0x000001f11279b114 method=java.io.FilterInputStream.read([B)I @ 5 c2
Event: 41.613 Thread 0x000001f12628e0a0 DEOPT PACKING pc=0x000001f11279b114 sp=0x00000042254fcb90
Event: 41.613 Thread 0x000001f12628e0a0 DEOPT UNPACKING pc=0x000001f10acc23a3 sp=0x00000042254fcb18 mode 2
Event: 41.613 Thread 0x000001f12628e0a0 Uncommon trap: trap_request=0xffffffc6 fr.pc=0x000001f11279b114 relative=0x00000000000000f4
Event: 41.613 Thread 0x000001f12628e0a0 Uncommon trap: reason=bimorphic_or_optimized_type_check action=maybe_recompile pc=0x000001f11279b114 method=java.io.FilterInputStream.read([B)I @ 5 c2
Event: 41.613 Thread 0x000001f12628e0a0 DEOPT PACKING pc=0x000001f11279b114 sp=0x00000042254fcb90
Event: 41.613 Thread 0x000001f12628e0a0 DEOPT UNPACKING pc=0x000001f10acc23a3 sp=0x00000042254fcb18 mode 2
Event: 43.029 Thread 0x000001f12628e0a0 DEOPT PACKING pc=0x000001f10b5201c7 sp=0x00000042254fb8b0
Event: 43.029 Thread 0x000001f12628e0a0 DEOPT UNPACKING pc=0x000001f10acc2b43 sp=0x00000042254fad30 mode 0
Event: 43.030 Thread 0x000001f12628e0a0 Uncommon trap: trap_request=0xffffff45 fr.pc=0x000001f11279b984 relative=0x0000000000000204
Event: 43.030 Thread 0x000001f12628e0a0 Uncommon trap: reason=unstable_if action=reinterpret pc=0x000001f11279b984 method=jdk.internal.util.ArraysSupport.vectorizedMismatch(Ljava/lang/Object;JLjava/lang/Object;JII)I @ 18 c2
Event: 43.030 Thread 0x000001f12628e0a0 DEOPT PACKING pc=0x000001f11279b984 sp=0x00000042254fb8a0
Event: 43.030 Thread 0x000001f12628e0a0 DEOPT UNPACKING pc=0x000001f10acc23a3 sp=0x00000042254fb830 mode 2

Classes unloaded (0 events):
No events

Classes redefined (0 events):
No events

Internal exceptions (20 events):
Event: 7.860 Thread 0x000001f122598140 Exception <a 'java/lang/ClassNotFoundException'{0x0000000084b89890}: org/springframework/beans/factory/AwareCustomizer> (0x0000000084b89890) 
thrown [e:\jenkins\tmp\workspace\build\src\src\hotspot\share\classfile\systemDictionary.cpp, line 256]
Event: 7.860 Thread 0x000001f122598140 Exception <a 'java/lang/ClassNotFoundException'{0x0000000084b8dd50}: org/springframework/web/context/ServletContextAwareCustomizer> (0x0000000084b8dd50) 
thrown [e:\jenkins\tmp\workspace\build\src\src\hotspot\share\classfile\systemDictionary.cpp, line 256]
Event: 7.861 Thread 0x000001f122598140 Exception <a 'java/lang/ClassNotFoundException'{0x0000000084b93038}: org/springframework/beans/factory/AwareCustomizer> (0x0000000084b93038) 
thrown [e:\jenkins\tmp\workspace\build\src\src\hotspot\share\classfile\systemDictionary.cpp, line 256]
Event: 8.048 Thread 0x000001f122598140 Exception <a 'java/lang/NoSuchMethodError'{0x00000000845f5f68}: 'void java.lang.invoke.DirectMethodHandle$Holder.invokeVirtual(java.lang.Object, java.lang.Object, int)'> (0x00000000845f5f68) 
thrown [e:\jenkins\tmp\workspace\build\src\src\hotspot\share\interpreter\linkResolver.cpp, line 766]
Event: 8.061 Thread 0x000001f122598140 Exception <a 'java/lang/NoSuchMethodError'{0x0000000084410df8}: 'void java.lang.invoke.DirectMethodHandle$Holder.invokeVirtual(java.lang.Object, java.lang.Object, long)'> (0x0000000084410df8) 
thrown [e:\jenkins\tmp\workspace\build\src\src\hotspot\share\interpreter\linkResolver.cpp, line 766]
Event: 8.289 Thread 0x000001f122598140 Exception <a 'java/lang/IncompatibleClassChangeError'{0x0000000089eedb08}: Found class java.lang.Object, but interface was expected> (0x0000000089eedb08) 
thrown [e:\jenkins\tmp\workspace\build\src\src\hotspot\share\interpreter\linkResolver.cpp, line 833]
Event: 8.418 Thread 0x000001f122598140 Implicit null exception at 0x000001f11285d960 to 0x000001f11285dbac
Event: 8.464 Thread 0x000001f12259a7c0 Implicit null exception at 0x000001f11294c4c0 to 0x000001f11294ce58
Event: 8.559 Thread 0x000001f122598140 Exception <a 'java/lang/NoSuchMethodError'{0x0000000084470568}: 'java.lang.Object java.lang.invoke.DirectMethodHandle$Holder.invokeSpecial(java.lang.Object, java.lang.Object, int, java.lang.Object, int, java.lang.Object)'> (0x0000000084470568) 
thrown [e:\jenkins\tmp\workspace\build\src\src\hotspot\share\interpreter\linkResolver.cpp, line 766]
Event: 8.560 Thread 0x000001f122598140 Exception <a 'java/lang/NoSuchMethodError'{0x0000000084478610}: 'java.lang.Object java.lang.invoke.DirectMethodHandle$Holder.newInvokeSpecial(java.lang.Object, java.lang.Object, int, java.lang.Object, int)'> (0x0000000084478610) 
thrown [e:\jenkins\tmp\workspace\build\src\src\hotspot\share\interpreter\linkResolver.cpp, line 766]
Event: 8.560 Thread 0x000001f122598140 Exception <a 'java/lang/NoSuchMethodError'{0x000000008447cb18}: 'java.lang.Object java.lang.invoke.DirectMethodHandle$Holder.invokeSpecial(java.lang.Object, java.lang.Object, java.lang.Object, int, java.lang.Object, int)'> (0x000000008447cb18) 
thrown [e:\jenkins\tmp\workspace\build\src\src\hotspot\share\interpreter\linkResolver.cpp, line 766]
Event: 8.562 Thread 0x000001f122598140 Exception <a 'java/lang/NoSuchMethodError'{0x0000000084486808}: 'void java.lang.invoke.DirectMethodHandle$Holder.invokeVirtual(java.lang.Object, java.lang.Object)'> (0x0000000084486808) 
thrown [e:\jenkins\tmp\workspace\build\src\src\hotspot\share\interpreter\linkResolver.cpp, line 766]
Event: 28.623 Thread 0x000001f12628c890 Implicit null exception at 0x000001f11281d3c6 to 0x000001f11281d47e
Event: 28.901 Thread 0x000001f12628e0a0 Exception <a 'java/lang/ClassNotFoundException'{0x0000000089d634a8}: sun/awt/resources/spi/awtProvider> (0x0000000089d634a8) 
thrown [e:\jenkins\tmp\workspace\build\src\src\hotspot\share\classfile\systemDictionary.cpp, line 256]
Event: 28.904 Thread 0x000001f12628e0a0 Exception <a 'java/io/FileNotFoundException'{0x0000000089d7e3d8}> (0x0000000089d7e3d8) 
thrown [e:\jenkins\tmp\workspace\build\src\src\hotspot\share\prims\jni.cpp, line 516]
Event: 28.905 Thread 0x000001f12628e0a0 Exception <a 'java/io/FileNotFoundException'{0x0000000089d7fec8}> (0x0000000089d7fec8) 
thrown [e:\jenkins\tmp\workspace\build\src\src\hotspot\share\prims\jni.cpp, line 516]
Event: 29.248 Thread 0x000001f12628e0a0 Exception <a 'java/lang/ClassNotFoundException'{0x0000000089f94e70}: java/lang/ObjectCustomizer> (0x0000000089f94e70) 
thrown [e:\jenkins\tmp\workspace\build\src\src\hotspot\share\classfile\systemDictionary.cpp, line 256]
Event: 29.250 Thread 0x000001f12628e0a0 Exception <a 'java/lang/ClassNotFoundException'{0x0000000089fa1b90}: com/Natrec/DocHandler/Model/ScanDocCustomizer> (0x0000000089fa1b90) 
thrown [e:\jenkins\tmp\workspace\build\src\src\hotspot\share\classfile\systemDictionary.cpp, line 256]
Event: 40.180 Thread 0x000001f12628e0a0 Implicit null exception at 0x000001f112799ef0 to 0x000001f112799f78
Event: 40.190 Thread 0x000001f12628e0a0 Implicit null exception at 0x000001f11279a9d0 to 0x000001f11279aa29

VM Operations (20 events):
Event: 30.369 Executing VM operation: Cleanup
Event: 30.369 Executing VM operation: Cleanup done
Event: 32.371 Executing VM operation: Cleanup
Event: 32.371 Executing VM operation: Cleanup done
Event: 33.371 Executing VM operation: Cleanup
Event: 33.372 Executing VM operation: Cleanup done
Event: 35.377 Executing VM operation: Cleanup
Event: 35.377 Executing VM operation: Cleanup done
Event: 40.393 Executing VM operation: Cleanup
Event: 40.393 Executing VM operation: Cleanup done
Event: 41.405 Executing VM operation: Cleanup
Event: 41.405 Executing VM operation: Cleanup done
Event: 41.568 Executing VM operation: G1TryInitiateConcMark
Event: 41.571 Executing VM operation: G1TryInitiateConcMark done
Event: 41.581 Executing VM operation: HandshakeAllThreads
Event: 41.581 Executing VM operation: HandshakeAllThreads done
Event: 41.607 Executing VM operation: HandshakeAllThreads
Event: 41.607 Executing VM operation: HandshakeAllThreads done
Event: 42.607 Executing VM operation: Cleanup
Event: 42.608 Executing VM operation: Cleanup done

Events (20 events):
Event: 40.165 loading class sun/security/provider/ByteArrayAccess$LE done
Event: 40.167 Thread 0x000001f128db8ab0 Thread added: 0x000001f128db8ab0
Event: 40.168 Thread 0x000001f1244a3fc0 Thread added: 0x000001f1244a3fc0
Event: 40.648 Thread 0x000001f1244a3fc0 Thread exited: 0x000001f1244a3fc0
Event: 41.550 Loaded shared library C:\Users\magdy\AppData\Local\Temp\Dynamsoft\BarcodeReader\9.0\64\vcomp110.dll
Event: 41.561 Loaded shared library C:\Users\magdy\AppData\Local\Temp\Dynamsoft\BarcodeReader\9.0\64\DynamsoftBarcodeReaderx64.dll
Event: 41.564 Loaded shared library C:\Users\magdy\AppData\Local\Temp\Dynamsoft\BarcodeReader\9.0\64\DynamsoftBarcodeJNI.dll
Event: 41.582 Thread 0x000001f128db8ab0 Thread exited: 0x000001f128db8ab0
Event: 41.596 loading class java/io/SequenceInputStream
Event: 41.597 loading class java/io/SequenceInputStream done
Event: 41.601 loading class javax/imageio/IIOException
Event: 41.601 loading class javax/imageio/IIOException done
Event: 41.601 loading class java/lang/NegativeArraySizeException
Event: 41.601 loading class java/lang/NegativeArraySizeException done
Event: 41.605 loading class javax/imageio/stream/ImageInputStream
Event: 41.605 loading class javax/imageio/stream/ImageInputStream done
Event: 41.607 loading class java/util/zip/Deflater
Event: 41.608 loading class java/util/zip/Deflater done
Event: 41.609 loading class java/util/zip/Deflater$DeflaterZStreamRef
Event: 41.609 loading class java/util/zip/Deflater$DeflaterZStreamRef done


Dynamic libraries:
0x00007ff709400000 - 0x00007ff70940e000 	C:\Users\magdy\Desktop\eclipse-jee-2022-03-R-win32-x86_64 (2)\eclipse\plugins\org.eclipse.justj.openjdk.hotspot.jre.full.win32.x86_64_17.0.2.v20220201-1208\jre\bin\javaw.exe
0x00007ffe6d6c0000 - 0x00007ffe6d8c9000 	C:\WINDOWS\SYSTEM32\ntdll.dll
0x00007ffe6c570000 - 0x00007ffe6c62d000 	C:\WINDOWS\System32\KERNEL32.DLL
0x00007ffe6b1d0000 - 0x00007ffe6b54d000 	C:\WINDOWS\System32\KERNELBASE.dll
0x00007ffe6ac40000 - 0x00007ffe6ad51000 	C:\WINDOWS\System32\ucrtbase.dll
0x00007ffe65c80000 - 0x00007ffe65c98000 	C:\Users\magdy\Desktop\eclipse-jee-2022-03-R-win32-x86_64 (2)\eclipse\plugins\org.eclipse.justj.openjdk.hotspot.jre.full.win32.x86_64_17.0.2.v20220201-1208\jre\bin\jli.dll
0x00007ffe67680000 - 0x00007ffe67699000 	C:\Users\magdy\Desktop\eclipse-jee-2022-03-R-win32-x86_64 (2)\eclipse\plugins\org.eclipse.justj.openjdk.hotspot.jre.full.win32.x86_64_17.0.2.v20220201-1208\jre\bin\VCRUNTIME140.dll
0x00007ffe6bc10000 - 0x00007ffe6bdbd000 	C:\WINDOWS\System32\USER32.dll
0x00007ffe6aba0000 - 0x00007ffe6abc6000 	C:\WINDOWS\System32\win32u.dll
0x00007ffe6cbc0000 - 0x00007ffe6cbe9000 	C:\WINDOWS\System32\GDI32.dll
0x00007ffe6af90000 - 0x00007ffe6b0a8000 	C:\WINDOWS\System32\gdi32full.dll
0x00007ffe4cc20000 - 0x00007ffe4cec5000 	C:\WINDOWS\WinSxS\amd64_microsoft.windows.common-controls_6595b64144ccf1df_6.0.22000.120_none_9d947278b86cc467\COMCTL32.dll
0x00007ffe6b0b0000 - 0x00007ffe6b14d000 	C:\WINDOWS\System32\msvcp_win.dll
0x00007ffe6bb60000 - 0x00007ffe6bc03000 	C:\WINDOWS\System32\msvcrt.dll
0x00007ffe6b560000 - 0x00007ffe6b591000 	C:\WINDOWS\System32\IMM32.DLL
0x00007ffe67590000 - 0x00007ffe6759c000 	C:\Users\magdy\Desktop\eclipse-jee-2022-03-R-win32-x86_64 (2)\eclipse\plugins\org.eclipse.justj.openjdk.hotspot.jre.full.win32.x86_64_17.0.2.v20220201-1208\jre\bin\vcruntime140_1.dll
0x00007ffe59290000 - 0x00007ffe59321000 	C:\Users\magdy\Desktop\eclipse-jee-2022-03-R-win32-x86_64 (2)\eclipse\plugins\org.eclipse.justj.openjdk.hotspot.jre.full.win32.x86_64_17.0.2.v20220201-1208\jre\bin\msvcp140.dll
0x00007ffe308e0000 - 0x00007ffe31527000 	C:\Users\magdy\Desktop\eclipse-jee-2022-03-R-win32-x86_64 (2)\eclipse\plugins\org.eclipse.justj.openjdk.hotspot.jre.full.win32.x86_64_17.0.2.v20220201-1208\jre\bin\server\jvm.dll
0x00007ffe6c950000 - 0x00007ffe6c9fe000 	C:\WINDOWS\System32\ADVAPI32.dll
0x00007ffe6bfe0000 - 0x00007ffe6c07e000 	C:\WINDOWS\System32\sechost.dll
0x00007ffe6c7c0000 - 0x00007ffe6c8e0000 	C:\WINDOWS\System32\RPCRT4.dll
0x00007ffe6c940000 - 0x00007ffe6c948000 	C:\WINDOWS\System32\PSAPI.DLL
0x00007ffe66850000 - 0x00007ffe66859000 	C:\WINDOWS\SYSTEM32\WSOCK32.dll
0x00007ffe6c500000 - 0x00007ffe6c56f000 	C:\WINDOWS\System32\WS2_32.dll
0x00007ffe64840000 - 0x00007ffe64873000 	C:\WINDOWS\SYSTEM32\WINMM.dll
0x00007ffe617c0000 - 0x00007ffe617ca000 	C:\WINDOWS\SYSTEM32\VERSION.dll
0x00007ffe69c60000 - 0x00007ffe69c78000 	C:\WINDOWS\SYSTEM32\kernel.appcore.dll
0x00007ffe660d0000 - 0x00007ffe660da000 	C:\Users\magdy\Desktop\eclipse-jee-2022-03-R-win32-x86_64 (2)\eclipse\plugins\org.eclipse.justj.openjdk.hotspot.jre.full.win32.x86_64_17.0.2.v20220201-1208\jre\bin\jimage.dll
0x00007ffe68850000 - 0x00007ffe68a71000 	C:\WINDOWS\SYSTEM32\DBGHELP.DLL
0x00007ffe413d0000 - 0x00007ffe41401000 	C:\WINDOWS\SYSTEM32\dbgcore.DLL
0x00007ffe6b150000 - 0x00007ffe6b1cf000 	C:\WINDOWS\System32\bcryptPrimitives.dll
0x00007ffe644d0000 - 0x00007ffe644f5000 	C:\Users\magdy\Desktop\eclipse-jee-2022-03-R-win32-x86_64 (2)\eclipse\plugins\org.eclipse.justj.openjdk.hotspot.jre.full.win32.x86_64_17.0.2.v20220201-1208\jre\bin\java.dll
0x00007ffe595b0000 - 0x00007ffe595c8000 	C:\Users\magdy\Desktop\eclipse-jee-2022-03-R-win32-x86_64 (2)\eclipse\plugins\org.eclipse.justj.openjdk.hotspot.jre.full.win32.x86_64_17.0.2.v20220201-1208\jre\bin\zip.dll
0x00007ffe6cbf0000 - 0x00007ffe6d3a8000 	C:\WINDOWS\System32\SHELL32.dll
0x00007ffe68cd0000 - 0x00007ffe69538000 	C:\WINDOWS\SYSTEM32\windows.storage.dll
0x00007ffe6c100000 - 0x00007ffe6c479000 	C:\WINDOWS\System32\combase.dll
0x00007ffe68a80000 - 0x00007ffe68be6000 	C:\WINDOWS\SYSTEM32\wintypes.dll
0x00007ffe6bdc0000 - 0x00007ffe6beaa000 	C:\WINDOWS\System32\SHCORE.dll
0x00007ffe6b690000 - 0x00007ffe6b6ed000 	C:\WINDOWS\System32\shlwapi.dll
0x00007ffe6aad0000 - 0x00007ffe6aaf1000 	C:\WINDOWS\SYSTEM32\profapi.dll
0x00007ffe59590000 - 0x00007ffe595a9000 	C:\Users\magdy\Desktop\eclipse-jee-2022-03-R-win32-x86_64 (2)\eclipse\plugins\org.eclipse.justj.openjdk.hotspot.jre.full.win32.x86_64_17.0.2.v20220201-1208\jre\bin\net.dll
0x00007ffe643c0000 - 0x00007ffe644cc000 	C:\WINDOWS\SYSTEM32\WINHTTP.dll
0x00007ffe6a080000 - 0x00007ffe6a0e7000 	C:\WINDOWS\system32\mswsock.dll
0x00007ffe59570000 - 0x00007ffe59585000 	C:\Users\magdy\Desktop\eclipse-jee-2022-03-R-win32-x86_64 (2)\eclipse\plugins\org.eclipse.justj.openjdk.hotspot.jre.full.win32.x86_64_17.0.2.v20220201-1208\jre\bin\nio.dll
0x00007ffe65c70000 - 0x00007ffe65c80000 	C:\Users\magdy\Desktop\eclipse-jee-2022-03-R-win32-x86_64 (2)\eclipse\plugins\org.eclipse.justj.openjdk.hotspot.jre.full.win32.x86_64_17.0.2.v20220201-1208\jre\bin\verify.dll
0x00007ffe660f0000 - 0x00007ffe660f9000 	C:\Users\magdy\Desktop\eclipse-jee-2022-03-R-win32-x86_64 (2)\eclipse\plugins\org.eclipse.justj.openjdk.hotspot.jre.full.win32.x86_64_17.0.2.v20220201-1208\jre\bin\management.dll
0x00007ffe617e0000 - 0x00007ffe617eb000 	C:\Users\magdy\Desktop\eclipse-jee-2022-03-R-win32-x86_64 (2)\eclipse\plugins\org.eclipse.justj.openjdk.hotspot.jre.full.win32.x86_64_17.0.2.v20220201-1208\jre\bin\management_ext.dll
0x00007ffe5f070000 - 0x00007ffe5f087000 	C:\WINDOWS\system32\napinsp.dll
0x00007ffe5f050000 - 0x00007ffe5f06b000 	C:\WINDOWS\system32\pnrpnsp.dll
0x00007ffe697c0000 - 0x00007ffe698a8000 	C:\WINDOWS\SYSTEM32\DNSAPI.dll
0x00007ffe69790000 - 0x00007ffe697bd000 	C:\WINDOWS\SYSTEM32\IPHLPAPI.DLL
0x00007ffe6bfd0000 - 0x00007ffe6bfd9000 	C:\WINDOWS\System32\NSI.dll
0x00007ffe5f030000 - 0x00007ffe5f042000 	C:\WINDOWS\System32\winrnr.dll
0x00007ffe37300000 - 0x00007ffe37315000 	C:\WINDOWS\system32\wshbth.dll
0x00007ffe5f010000 - 0x00007ffe5f02f000 	C:\WINDOWS\system32\nlansp_c.dll
0x00007ffe5eca0000 - 0x00007ffe5ecaa000 	C:\Windows\System32\rasadhlp.dll
0x00007ffe63f80000 - 0x00007ffe64001000 	C:\WINDOWS\System32\fwpuclnt.dll
0x00007ffe6a350000 - 0x00007ffe6a368000 	C:\WINDOWS\SYSTEM32\CRYPTSP.dll
0x00007ffe69bc0000 - 0x00007ffe69bf5000 	C:\WINDOWS\system32\rsaenh.dll
0x00007ffe6a120000 - 0x00007ffe6a149000 	C:\WINDOWS\SYSTEM32\USERENV.dll
0x00007ffe6a490000 - 0x00007ffe6a4b7000 	C:\WINDOWS\SYSTEM32\bcrypt.dll
0x00007ffe6a270000 - 0x00007ffe6a27c000 	C:\WINDOWS\SYSTEM32\CRYPTBASE.dll
0x00007ffe64620000 - 0x00007ffe64639000 	C:\WINDOWS\SYSTEM32\dhcpcsvc6.DLL
0x00007ffe64820000 - 0x00007ffe6483e000 	C:\WINDOWS\SYSTEM32\dhcpcsvc.DLL
0x00007ffe66100000 - 0x00007ffe6610e000 	C:\Users\magdy\Desktop\eclipse-jee-2022-03-R-win32-x86_64 (2)\eclipse\plugins\org.eclipse.justj.openjdk.hotspot.jre.full.win32.x86_64_17.0.2.v20220201-1208\jre\bin\sunmscapi.dll
0x00007ffe6ae20000 - 0x00007ffe6af82000 	C:\WINDOWS\System32\CRYPT32.dll
0x00007ffe6a460000 - 0x00007ffe6a488000 	C:\WINDOWS\SYSTEM32\ncrypt.dll
0x00007ffe6a420000 - 0x00007ffe6a457000 	C:\WINDOWS\SYSTEM32\NTASN1.dll
0x00007ffddfa60000 - 0x00007ffddfa68000 	C:\WINDOWS\system32\wshunix.dll
0x00007ffe30560000 - 0x00007ffe306ee000 	C:\Users\magdy\Desktop\eclipse-jee-2022-03-R-win32-x86_64 (2)\eclipse\plugins\org.eclipse.justj.openjdk.hotspot.jre.full.win32.x86_64_17.0.2.v20220201-1208\jre\bin\awt.dll
0x00007ffe6c630000 - 0x00007ffe6c706000 	C:\WINDOWS\System32\OLEAUT32.dll
0x00007ffe676a0000 - 0x00007ffe67731000 	C:\WINDOWS\SYSTEM32\apphelp.dll
0x00007ffe590f0000 - 0x00007ffe59131000 	C:\Users\magdy\Desktop\eclipse-jee-2022-03-R-win32-x86_64 (2)\eclipse\plugins\org.eclipse.justj.openjdk.hotspot.jre.full.win32.x86_64_17.0.2.v20220201-1208\jre\bin\lcms.dll
0x00007ffe64d20000 - 0x00007ffe64d43000 	C:\Users\magdy\AppData\Local\Temp\Dynamsoft\BarcodeReader\9.0\64\vcomp110.dll
0x00007ffdde600000 - 0x00007ffddf3e5000 	C:\Users\magdy\AppData\Local\Temp\Dynamsoft\BarcodeReader\9.0\64\DynamsoftBarcodeReaderx64.dll
0x00007ffe6d4c0000 - 0x00007ffe6d65a000 	C:\WINDOWS\System32\ole32.dll
0x00007ffe52500000 - 0x00007ffe52531000 	C:\Users\magdy\AppData\Local\Temp\Dynamsoft\BarcodeReader\9.0\64\DynamsoftBarcodeJNI.dll
0x00007ffe67760000 - 0x00007ffe6780c000 	C:\WINDOWS\system32\uxtheme.dll
0x00007ffe23b20000 - 0x00007ffe23f59000 	C:\Users\magdy\AppData\Local\Temp\Dynamsoft\BarcodeReader\9.0\64\DynamicPdfx64.dll
0x00007ffe50bb0000 - 0x00007ffe50d63000 	C:\WINDOWS\WinSxS\amd64_microsoft.windows.gdiplus_6595b64144ccf1df_1.1.22000.675_none_ce846f9a12fab040\GDIPLUS.DLL
0x00007ffe6beb0000 - 0x00007ffe6bfce000 	C:\WINDOWS\System32\MSCTF.dll

dbghelp: loaded successfully - version: 4.0.5 - missing functions: none
symbol engine: initialized successfully - sym options: 0x614 - pdb path: .;C:\Users\magdy\Desktop\eclipse-jee-2022-03-R-win32-x86_64 (2)\eclipse\plugins\org.eclipse.justj.openjdk.hotspot.jre.full.win32.x86_64_17.0.2.v20220201-1208\jre\bin;C:\WINDOWS\SYSTEM32;C:\WINDOWS\WinSxS\amd64_microsoft.windows.common-controls_6595b64144ccf1df_6.0.22000.120_none_9d947278b86cc467;C:\Users\magdy\Desktop\eclipse-jee-2022-03-R-win32-x86_64 (2)\eclipse\plugins\org.eclipse.justj.openjdk.hotspot.jre.full.win32.x86_64_17.0.2.v20220201-1208\jre\bin\server;C:\Users\magdy\AppData\Local\Temp\Dynamsoft\BarcodeReader\9.0\64;C:\WINDOWS\WinSxS\amd64_microsoft.windows.gdiplus_6595b64144ccf1df_1.1.22000.675_none_ce846f9a12fab040

VM Arguments:
jvm_args: -Dfile.encoding=UTF-8 -XX:+ShowCodeDetailsInExceptionMessages 
java_command: com.Natrec.DocHandler.DocHandlerApplication
java_class_path (initial): C:\Users\magdy\Desktop\DocHandler\DocHandler\target\classes;C:\Users\magdy\.m2\repository\org\springframework\boot\spring-boot-starter-data-jpa\2.7.2\spring-boot-starter-data-jpa-2.7.2.jar;C:\Users\magdy\.m2\repository\org\springframework\boot\spring-boot-starter-aop\2.7.2\spring-boot-starter-aop-2.7.2.jar;C:\Users\magdy\.m2\repository\org\springframework\spring-aop\5.3.22\spring-aop-5.3.22.jar;C:\Users\magdy\.m2\repository\org\aspectj\aspectjweaver\1.9.7\aspectjweaver-1.9.7.jar;C:\Users\magdy\.m2\repository\org\springframework\boot\spring-boot-starter-jdbc\2.7.2\spring-boot-starter-jdbc-2.7.2.jar;C:\Users\magdy\.m2\repository\com\zaxxer\HikariCP\4.0.3\HikariCP-4.0.3.jar;C:\Users\magdy\.m2\repository\org\springframework\spring-jdbc\5.3.22\spring-jdbc-5.3.22.jar;C:\Users\magdy\.m2\repository\jakarta\transaction\jakarta.transaction-api\1.3.3\jakarta.transaction-api-1.3.3.jar;C:\Users\magdy\.m2\repository\jakarta\persistence\jakarta.persistence-api\2.2.3\jakarta.persistence-api-2.2.3.jar;C:\Users\magdy\.m2\repository\org\hibernate\hibernate-core\5.6.10.Final\hibernate-core-5.6.10.Final.jar;C:\Users\magdy\.m2\repository\org\jboss\logging\jboss-logging\3.4.3.Final\jboss-logging-3.4.3.Final.jar;C:\Users\magdy\.m2\repository\net\bytebuddy\byte-buddy\1.12.12\byte-buddy-1.12.12.jar;C:\Users\magdy\.m2\repository\antlr\antlr\2.7.7\antlr-2.7.7.jar;C:\Users\magdy\.m2\repository\org\jboss\jandex\2.4.2.Final\jandex-2.4.2.Final.jar;C:\Users\magdy\.m2\repository\com\fasterxml\classmate\1.5.1\classmate-1.5.1.jar;C:\Users\magdy\.m2\repository\org\hibernate\common\hibernate-commons-annotations\5.1.2.Final\hibernate-commons-annotations-5.1.2.Final.jar;C:\Users\magdy\.m2\repository\org\glassfish\jaxb\jaxb-runtime\2.3.6\jaxb-runtime-2.3.6.jar;C:\Users\magdy\.m2\repository\org\glassfish\jaxb\txw2\2.3.6\txw2-2.3.6.jar;C:\Users\magdy\.m2\repository\com\sun\istack\istack-commons-runtime\3.0.12\istack-commons-runtime-3.0.12.jar;C:\Users\magdy\.m2\repository\com\sun
Launcher Type: SUN_STANDARD

[Global flags]
     intx CICompilerCount                          = 4                                         {product} {ergonomic}
     uint ConcGCThreads                            = 3                                         {product} {ergonomic}
     uint G1ConcRefinementThreads                  = 10                                        {product} {ergonomic}
   size_t G1HeapRegionSize                         = 1048576                                   {product} {ergonomic}
    uintx GCDrainStackTargetSize                   = 64                                        {product} {ergonomic}
   size_t InitialHeapSize                          = 132120576                                 {product} {ergonomic}
   size_t MarkStackSize                            = 4194304                                   {product} {ergonomic}
   size_t MaxHeapSize                              = 2111832064                                {product} {ergonomic}
   size_t MaxNewSize                               = 1266679808                                {product} {ergonomic}
   size_t MinHeapDeltaBytes                        = 1048576                                   {product} {ergonomic}
   size_t MinHeapSize                              = 8388608                                   {product} {ergonomic}
    uintx NonNMethodCodeHeapSize                   = 5839372                                {pd product} {ergonomic}
    uintx NonProfiledCodeHeapSize                  = 122909434                              {pd product} {ergonomic}
    uintx ProfiledCodeHeapSize                     = 122909434                              {pd product} {ergonomic}
    uintx ReservedCodeCacheSize                    = 251658240                              {pd product} {ergonomic}
     bool SegmentedCodeCache                       = true                                      {product} {ergonomic}
     bool ShowCodeDetailsInExceptionMessages       = true                                   {manageable} {command line}
   size_t SoftMaxHeapSize                          = 2111832064                             {manageable} {ergonomic}
     bool UseCompressedClassPointers               = true                           {product lp64_product} {ergonomic}
     bool UseCompressedOops                        = true                           {product lp64_product} {ergonomic}
     bool UseG1GC                                  = true                                      {product} {ergonomic}
     bool UseLargePagesIndividualAllocation        = false                                  {pd product} {ergonomic}

Logging:
Log output configuration:
 #0: stdout all=warning uptime,level,tags
 #1: stderr all=off uptime,level,tags

Environment Variables:
JAVA_HOME=C:\Program Files\Java\jdk1.8.0_202
PATH=C:/Users/magdy/Desktop/eclipse-jee-2022-03-R-win32-x86_64 (2)/eclipse//plugins/org.eclipse.justj.openjdk.hotspot.jre.full.win32.x86_64_17.0.2.v20220201-1208/jre/bin/server;C:/Users/magdy/Desktop/eclipse-jee-2022-03-R-win32-x86_64 (2)/eclipse//plugins/org.eclipse.justj.openjdk.hotspot.jre.full.win32.x86_64_17.0.2.v20220201-1208/jre/bin;C:\Program Files\Common Files\Oracle\Java\javapath;C:\Program Files (x86)\Common Files\Oracle\Java\javapath;C:\Windows\system32;C:\Windows;C:\Windows\System32\Wbem;C:\Windows\System32\WindowsPowerShell\v1.0\;C:\Windows\System32\OpenSSH\;C:\Program Files\NVIDIA Corporation\NVIDIA NvDLISR;C:\Program Files\Java\jdk1.8.0_202\bin;C:\Program Files\Java\jdk-17.0.2\bin;C:\Program Files (x86)\NVIDIA Corporation\PhysX\Common;C:\apache-maven-3.8.4\bin;C:\Program Files\MongoDB\Server\5.0\bin;C:\Program Files\dotnet\;C:\Program Files\Docker\Docker\resources\bin;C:\ProgramData\DockerDesktop\version-bin;C:\WINDOWS\system32;C:\WINDOWS;C:\WINDOWS\System32\Wbem;C:\WINDOWS\System32\WindowsPowerShell\v1.0\;C:\WINDOWS\System32\OpenSSH\;C:\Program Files\Git\cmd;C:\Users\magdy\AppData\Local\Microsoft\WindowsApps;;C:\Users\magdy\AppData\Local\Programs\Microsoft VS Code\bin;C:\Users\magdy\Desktop\eclipse-jee-2022-03-R-win32-x86_64 (2)\eclipse;
USERNAME=magdy
OS=Windows_NT
PROCESSOR_IDENTIFIER=Intel64 Family 6 Model 158 Stepping 10, GenuineIntel



---------------  S Y S T E M  ---------------

OS:
 Windows 11 , 64 bit Build 22000 (10.0.22000.708)
OS uptime: 0 days 3:57 hours
Hyper-V role detected

CPU: total 12 (initial active 12) (6 cores per cpu, 2 threads per core) family 6 model 158 stepping 10 microcode 0xf0, cx8, cmov, fxsr, ht, mmx, 3dnowpref, sse, sse2, sse3, ssse3, sse4.1, sse4.2, popcnt, lzcnt, tsc, tscinvbit, avx, avx2, aes, erms, clmul, bmi1, bmi2, adx, fma, vzeroupper, clflush, clflushopt, hv

Memory: 4k page, system-wide physical 8050M (1654M free)
TotalPageFile size 16242M (AvailPageFile size 3311M)
current process WorkingSet (physical memory assigned to process): 265M, peak: 352M
current process commit charge ("private bytes"): 376M, peak: 464M

vm_info: OpenJDK 64-Bit Server VM (17.0.2+8) for windows-amd64 JRE (17.0.2+8), built on Jan 20 2022 04:52:34 by "" with MS VC++ 16.7 (VS2019)

END.
